<?xml version="1.0" encoding="UTF-8"?>
<testng-results ignored="0" total="89" passed="71" failed="18" skipped="0">
  <reporter-output>
  </reporter-output>
  <suite started-at="2024-09-09T23:49:30 IST" name="Default suite" finished-at="2024-09-10T01:46:27 IST" duration-ms="7016571">
    <groups>
    </groups>
    <test started-at="2024-09-09T23:49:30 IST" name="Default test" finished-at="2024-09-10T01:46:27 IST" duration-ms="7016571">
      <class name="comapnyAdminTest.CompanyAdminCriticalTestCases">
        <test-method is-config="true" signature="setBrowser()[pri:0, instance:comapnyAdminTest.CompanyAdminCriticalTestCases@60099951]" started-at="2024-09-09T23:49:30 IST" name="setBrowser" finished-at="2024-09-09T23:49:31 IST" duration-ms="711" status="PASS">
          <reporter-output>
          </reporter-output>
        </test-method> <!-- setBrowser -->
        <test-method is-config="true" signature="Login()[pri:0, instance:comapnyAdminTest.CompanyAdminCriticalTestCases@60099951]" started-at="2024-09-09T23:49:31 IST" name="Login" finished-at="2024-09-09T23:50:00 IST" duration-ms="29384" status="PASS">
          <reporter-output>
          </reporter-output>
        </test-method> <!-- Login -->
        <test-method signature="Entity()[pri:1, instance:comapnyAdminTest.CompanyAdminCriticalTestCases@60099951]" started-at="2024-09-09T23:50:00 IST" name="Entity" finished-at="2024-09-09T23:52:18 IST" duration-ms="137883" status="FAIL">
          <exception class="org.openqa.selenium.ElementNotInteractableException">
            <message>
              <![CDATA[element not interactable
  (Session info: chrome=128.0.6613.120)
Build info: version: '3.141.0', revision: '2ecb7d9a', time: '2018-10-31T20:09:30'
System info: host: 'TRPL-PUN-0125', ip: '192.168.5.61', os.name: 'Windows 10', os.arch: 'amd64', os.version: '10.0', java.version: '17.0.9'
Driver info: org.openqa.selenium.chrome.ChromeDriver
Capabilities {acceptInsecureCerts: false, browserName: chrome, browserVersion: 128.0.6613.120, chrome: {chromedriverVersion: 127.0.6533.57 (d4459446bf8a..., userDataDir: C:\Users\shitalb\AppData\Lo...}, fedcm:accounts: true, goog:chromeOptions: {debuggerAddress: localhost:55692}, javascriptEnabled: true, networkConnectionEnabled: false, pageLoadStrategy: normal, platform: WINDOWS, platformName: WINDOWS, proxy: Proxy(), setWindowRect: true, strictFileInteractability: false, timeouts: {implicit: 0, pageLoad: 300000, script: 30000}, unhandledPromptBehavior: dismiss and notify, webauthn:extension:credBlob: true, webauthn:extension:largeBlob: true, webauthn:extension:minPinLength: true, webauthn:extension:prf: true, webauthn:virtualAuthenticators: true}
Session ID: b67833b6fef778c422e959f3b19328ed]]>
            </message>
            <full-stacktrace>
              <![CDATA[org.openqa.selenium.ElementNotInteractableException: element not interactable
  (Session info: chrome=128.0.6613.120)
Build info: version: '3.141.0', revision: '2ecb7d9a', time: '2018-10-31T20:09:30'
System info: host: 'TRPL-PUN-0125', ip: '192.168.5.61', os.name: 'Windows 10', os.arch: 'amd64', os.version: '10.0', java.version: '17.0.9'
Driver info: org.openqa.selenium.chrome.ChromeDriver
Capabilities {acceptInsecureCerts: false, browserName: chrome, browserVersion: 128.0.6613.120, chrome: {chromedriverVersion: 127.0.6533.57 (d4459446bf8a..., userDataDir: C:\Users\shitalb\AppData\Lo...}, fedcm:accounts: true, goog:chromeOptions: {debuggerAddress: localhost:55692}, javascriptEnabled: true, networkConnectionEnabled: false, pageLoadStrategy: normal, platform: WINDOWS, platformName: WINDOWS, proxy: Proxy(), setWindowRect: true, strictFileInteractability: false, timeouts: {implicit: 0, pageLoad: 300000, script: 30000}, unhandledPromptBehavior: dismiss and notify, webauthn:extension:credBlob: true, webauthn:extension:largeBlob: true, webauthn:extension:minPinLength: true, webauthn:extension:prf: true, webauthn:virtualAuthenticators: true}
Session ID: b67833b6fef778c422e959f3b19328ed
at java.base/jdk.internal.reflect.NativeConstructorAccessorImpl.newInstance0(Native Method)
at java.base/jdk.internal.reflect.NativeConstructorAccessorImpl.newInstance(NativeConstructorAccessorImpl.java:77)
at java.base/jdk.internal.reflect.DelegatingConstructorAccessorImpl.newInstance(DelegatingConstructorAccessorImpl.java:45)
at java.base/java.lang.reflect.Constructor.newInstanceWithCaller(Constructor.java:499)
at java.base/java.lang.reflect.Constructor.newInstance(Constructor.java:480)
at org.openqa.selenium.remote.http.W3CHttpResponseCodec.createException(W3CHttpResponseCodec.java:187)
at org.openqa.selenium.remote.http.W3CHttpResponseCodec.decode(W3CHttpResponseCodec.java:122)
at org.openqa.selenium.remote.http.W3CHttpResponseCodec.decode(W3CHttpResponseCodec.java:49)
at org.openqa.selenium.remote.HttpCommandExecutor.execute(HttpCommandExecutor.java:158)
at org.openqa.selenium.remote.service.DriverCommandExecutor.execute(DriverCommandExecutor.java:83)
at org.openqa.selenium.remote.RemoteWebDriver.execute(RemoteWebDriver.java:552)
at org.openqa.selenium.remote.RemoteWebElement.execute(RemoteWebElement.java:285)
at org.openqa.selenium.remote.RemoteWebElement.click(RemoteWebElement.java:84)
at companyAdmin.CriticalMethod.Addentity2(CriticalMethod.java:154)
at comapnyAdminTest.CompanyAdminCriticalTestCases.Entity(CompanyAdminCriticalTestCases.java:105)
at java.base/jdk.internal.reflect.NativeMethodAccessorImpl.invoke0(Native Method)
at java.base/jdk.internal.reflect.NativeMethodAccessorImpl.invoke(NativeMethodAccessorImpl.java:77)
at java.base/jdk.internal.reflect.DelegatingMethodAccessorImpl.invoke(DelegatingMethodAccessorImpl.java:43)
at java.base/java.lang.reflect.Method.invoke(Method.java:568)
at org.testng.internal.invokers.MethodInvocationHelper.invokeMethod(MethodInvocationHelper.java:139)
at org.testng.internal.invokers.TestInvoker.invokeMethod(TestInvoker.java:677)
at org.testng.internal.invokers.TestInvoker.invokeTestMethod(TestInvoker.java:221)
at org.testng.internal.invokers.MethodRunner.runInSequence(MethodRunner.java:50)
at org.testng.internal.invokers.TestInvoker$MethodInvocationAgent.invoke(TestInvoker.java:962)
at org.testng.internal.invokers.TestInvoker.invokeTestMethods(TestInvoker.java:194)
at org.testng.internal.invokers.TestMethodWorker.invokeTestMethods(TestMethodWorker.java:148)
at org.testng.internal.invokers.TestMethodWorker.run(TestMethodWorker.java:128)
at java.base/java.util.ArrayList.forEach(ArrayList.java:1511)
at org.testng.TestRunner.privateRun(TestRunner.java:806)
at org.testng.TestRunner.run(TestRunner.java:601)
at org.testng.SuiteRunner.runTest(SuiteRunner.java:433)
at org.testng.SuiteRunner.runSequentially(SuiteRunner.java:427)
at org.testng.SuiteRunner.privateRun(SuiteRunner.java:387)
at org.testng.SuiteRunner.run(SuiteRunner.java:330)
at org.testng.SuiteRunnerWorker.runSuite(SuiteRunnerWorker.java:52)
at org.testng.SuiteRunnerWorker.run(SuiteRunnerWorker.java:95)
at org.testng.TestNG.runSuitesSequentially(TestNG.java:1256)
at org.testng.TestNG.runSuitesLocally(TestNG.java:1176)
at org.testng.TestNG.runSuites(TestNG.java:1099)
at org.testng.TestNG.run(TestNG.java:1067)
at org.testng.remote.AbstractRemoteTestNG.run(AbstractRemoteTestNG.java:115)
at org.testng.remote.RemoteTestNG.initAndRun(RemoteTestNG.java:251)
at org.testng.remote.RemoteTestNG.main(RemoteTestNG.java:77)
]]>
            </full-stacktrace>
          </exception> <!-- org.openqa.selenium.ElementNotInteractableException -->
          <reporter-output>
          </reporter-output>
        </test-method> <!-- Entity -->
        <test-method is-config="true" signature="browserClosing()[pri:0, instance:comapnyAdminTest.CompanyAdminCriticalTestCases@60099951]" started-at="2024-09-09T23:52:18 IST" name="browserClosing" finished-at="2024-09-09T23:52:24 IST" duration-ms="5414" status="PASS">
          <reporter-output>
          </reporter-output>
        </test-method> <!-- browserClosing -->
        <test-method is-config="true" signature="Login()[pri:0, instance:comapnyAdminTest.CompanyAdminCriticalTestCases@60099951]" started-at="2024-09-09T23:52:24 IST" name="Login" finished-at="2024-09-09T23:52:49 IST" duration-ms="25621" status="PASS">
          <reporter-output>
          </reporter-output>
        </test-method> <!-- Login -->
        <test-method signature="UpdateEntity11()[pri:2, instance:comapnyAdminTest.CompanyAdminCriticalTestCases@60099951]" started-at="2024-09-09T23:52:49 IST" name="UpdateEntity11" finished-at="2024-09-09T23:55:03 IST" duration-ms="133472" status="PASS">
          <reporter-output>
          </reporter-output>
        </test-method> <!-- UpdateEntity11 -->
        <test-method is-config="true" signature="browserClosing()[pri:0, instance:comapnyAdminTest.CompanyAdminCriticalTestCases@60099951]" started-at="2024-09-09T23:55:03 IST" name="browserClosing" finished-at="2024-09-09T23:55:08 IST" duration-ms="5495" status="PASS">
          <reporter-output>
          </reporter-output>
        </test-method> <!-- browserClosing -->
        <test-method is-config="true" signature="Login()[pri:0, instance:comapnyAdminTest.CompanyAdminCriticalTestCases@60099951]" started-at="2024-09-09T23:55:08 IST" name="Login" finished-at="2024-09-09T23:55:31 IST" duration-ms="22836" status="PASS">
          <reporter-output>
          </reporter-output>
        </test-method> <!-- Login -->
        <test-method signature="Clear()[pri:3, instance:comapnyAdminTest.CompanyAdminCriticalTestCases@60099951]" started-at="2024-09-09T23:55:31 IST" name="Clear" finished-at="2024-09-09T23:55:36 IST" duration-ms="5181" status="PASS">
          <reporter-output>
          </reporter-output>
        </test-method> <!-- Clear -->
        <test-method is-config="true" signature="browserClosing()[pri:0, instance:comapnyAdminTest.CompanyAdminCriticalTestCases@60099951]" started-at="2024-09-09T23:55:36 IST" name="browserClosing" finished-at="2024-09-09T23:55:42 IST" duration-ms="5478" status="PASS">
          <reporter-output>
          </reporter-output>
        </test-method> <!-- browserClosing -->
        <test-method is-config="true" signature="Login()[pri:0, instance:comapnyAdminTest.CompanyAdminCriticalTestCases@60099951]" started-at="2024-09-09T23:55:42 IST" name="Login" finished-at="2024-09-09T23:56:02 IST" duration-ms="20043" status="PASS">
          <reporter-output>
          </reporter-output>
        </test-method> <!-- Login -->
        <test-method signature="DeleteE()[pri:4, instance:comapnyAdminTest.CompanyAdminCriticalTestCases@60099951]" started-at="2024-09-09T23:56:02 IST" name="DeleteE" finished-at="2024-09-09T23:56:45 IST" duration-ms="42815" status="PASS">
          <reporter-output>
          </reporter-output>
        </test-method> <!-- DeleteE -->
        <test-method is-config="true" signature="browserClosing()[pri:0, instance:comapnyAdminTest.CompanyAdminCriticalTestCases@60099951]" started-at="2024-09-09T23:56:45 IST" name="browserClosing" finished-at="2024-09-09T23:56:50 IST" duration-ms="5403" status="PASS">
          <reporter-output>
          </reporter-output>
        </test-method> <!-- browserClosing -->
        <test-method is-config="true" signature="Login()[pri:0, instance:comapnyAdminTest.CompanyAdminCriticalTestCases@60099951]" started-at="2024-09-09T23:56:50 IST" name="Login" finished-at="2024-09-09T23:57:14 IST" duration-ms="23492" status="PASS">
          <reporter-output>
          </reporter-output>
        </test-method> <!-- Login -->
        <test-method signature="SubEntity()[pri:5, instance:comapnyAdminTest.CompanyAdminCriticalTestCases@60099951]" started-at="2024-09-09T23:57:14 IST" name="SubEntity" finished-at="2024-09-09T23:58:57 IST" duration-ms="103024" status="PASS">
          <reporter-output>
          </reporter-output>
        </test-method> <!-- SubEntity -->
        <test-method is-config="true" signature="browserClosing()[pri:0, instance:comapnyAdminTest.CompanyAdminCriticalTestCases@60099951]" started-at="2024-09-09T23:58:57 IST" name="browserClosing" finished-at="2024-09-09T23:59:02 IST" duration-ms="5513" status="PASS">
          <reporter-output>
          </reporter-output>
        </test-method> <!-- browserClosing -->
        <test-method is-config="true" signature="Login()[pri:0, instance:comapnyAdminTest.CompanyAdminCriticalTestCases@60099951]" started-at="2024-09-09T23:59:02 IST" name="Login" finished-at="2024-09-09T23:59:26 IST" duration-ms="23944" status="PASS">
          <reporter-output>
          </reporter-output>
        </test-method> <!-- Login -->
        <test-method signature="UpdateSubEntity1()[pri:6, instance:comapnyAdminTest.CompanyAdminCriticalTestCases@60099951]" started-at="2024-09-09T23:59:26 IST" name="UpdateSubEntity1" finished-at="2024-09-10T00:00:57 IST" duration-ms="91359" status="PASS">
          <reporter-output>
          </reporter-output>
        </test-method> <!-- UpdateSubEntity1 -->
        <test-method is-config="true" signature="browserClosing()[pri:0, instance:comapnyAdminTest.CompanyAdminCriticalTestCases@60099951]" started-at="2024-09-10T00:00:58 IST" name="browserClosing" finished-at="2024-09-10T00:01:03 IST" duration-ms="5461" status="PASS">
          <reporter-output>
          </reporter-output>
        </test-method> <!-- browserClosing -->
        <test-method is-config="true" signature="Login()[pri:0, instance:comapnyAdminTest.CompanyAdminCriticalTestCases@60099951]" started-at="2024-09-10T00:01:03 IST" name="Login" finished-at="2024-09-10T00:01:24 IST" duration-ms="20588" status="PASS">
          <reporter-output>
          </reporter-output>
        </test-method> <!-- Login -->
        <test-method signature="DeleteSubEntity1()[pri:7, instance:comapnyAdminTest.CompanyAdminCriticalTestCases@60099951]" started-at="2024-09-10T00:01:24 IST" name="DeleteSubEntity1" finished-at="2024-09-10T00:01:53 IST" duration-ms="29516" status="PASS">
          <reporter-output>
          </reporter-output>
        </test-method> <!-- DeleteSubEntity1 -->
        <test-method is-config="true" signature="browserClosing()[pri:0, instance:comapnyAdminTest.CompanyAdminCriticalTestCases@60099951]" started-at="2024-09-10T00:01:53 IST" name="browserClosing" finished-at="2024-09-10T00:01:59 IST" duration-ms="5496" status="PASS">
          <reporter-output>
          </reporter-output>
        </test-method> <!-- browserClosing -->
        <test-method is-config="true" signature="Login()[pri:0, instance:comapnyAdminTest.CompanyAdminCriticalTestCases@60099951]" started-at="2024-09-10T00:01:59 IST" name="Login" finished-at="2024-09-10T00:02:23 IST" duration-ms="24205" status="PASS">
          <reporter-output>
          </reporter-output>
        </test-method> <!-- Login -->
        <test-method signature="UploadEntity()[pri:8, instance:comapnyAdminTest.CompanyAdminCriticalTestCases@60099951]" started-at="2024-09-10T00:02:23 IST" name="UploadEntity" finished-at="2024-09-10T00:03:00 IST" duration-ms="37265" status="PASS">
          <reporter-output>
          </reporter-output>
        </test-method> <!-- UploadEntity -->
        <test-method is-config="true" signature="browserClosing()[pri:0, instance:comapnyAdminTest.CompanyAdminCriticalTestCases@60099951]" started-at="2024-09-10T00:03:00 IST" name="browserClosing" finished-at="2024-09-10T00:03:06 IST" duration-ms="5470" status="PASS">
          <reporter-output>
          </reporter-output>
        </test-method> <!-- browserClosing -->
        <test-method is-config="true" signature="Login()[pri:0, instance:comapnyAdminTest.CompanyAdminCriticalTestCases@60099951]" started-at="2024-09-10T00:03:06 IST" name="Login" finished-at="2024-09-10T00:03:27 IST" duration-ms="21122" status="PASS">
          <reporter-output>
          </reporter-output>
        </test-method> <!-- Login -->
        <test-method signature="AddUser1()[pri:9, instance:comapnyAdminTest.CompanyAdminCriticalTestCases@60099951]" started-at="2024-09-10T00:03:27 IST" name="AddUser1" finished-at="2024-09-10T00:04:19 IST" duration-ms="52651" status="PASS">
          <reporter-output>
          </reporter-output>
        </test-method> <!-- AddUser1 -->
        <test-method is-config="true" signature="browserClosing()[pri:0, instance:comapnyAdminTest.CompanyAdminCriticalTestCases@60099951]" started-at="2024-09-10T00:04:19 IST" name="browserClosing" finished-at="2024-09-10T00:04:25 IST" duration-ms="5429" status="PASS">
          <reporter-output>
          </reporter-output>
        </test-method> <!-- browserClosing -->
        <test-method is-config="true" signature="Login()[pri:0, instance:comapnyAdminTest.CompanyAdminCriticalTestCases@60099951]" started-at="2024-09-10T00:04:25 IST" name="Login" finished-at="2024-09-10T00:04:47 IST" duration-ms="22359" status="PASS">
          <reporter-output>
          </reporter-output>
        </test-method> <!-- Login -->
        <test-method signature="UpdateUser1()[pri:10, instance:comapnyAdminTest.CompanyAdminCriticalTestCases@60099951]" started-at="2024-09-10T00:04:47 IST" name="UpdateUser1" finished-at="2024-09-10T00:05:33 IST" duration-ms="46042" status="FAIL">
          <exception class="org.openqa.selenium.NoSuchElementException">
            <message>
              <![CDATA[no such element: Unable to locate element: {"method":"xpath","selector":"//*[@id='gridUser']/div[2]/table/tbody/tr[20]/td[7]/a[1]"}
  (Session info: chrome=128.0.6613.120)
For documentation on this error, please visit: http://seleniumhq.org/exceptions/no_such_element.html
Build info: version: '3.141.0', revision: '2ecb7d9a', time: '2018-10-31T20:09:30'
System info: host: 'TRPL-PUN-0125', ip: '192.168.5.61', os.name: 'Windows 10', os.arch: 'amd64', os.version: '10.0', java.version: '17.0.9'
Driver info: org.openqa.selenium.chrome.ChromeDriver
Capabilities {acceptInsecureCerts: false, browserName: chrome, browserVersion: 128.0.6613.120, chrome: {chromedriverVersion: 127.0.6533.57 (d4459446bf8a..., userDataDir: C:\Users\shitalb\AppData\Lo...}, fedcm:accounts: true, goog:chromeOptions: {debuggerAddress: localhost:56192}, javascriptEnabled: true, networkConnectionEnabled: false, pageLoadStrategy: normal, platform: WINDOWS, platformName: WINDOWS, proxy: Proxy(), setWindowRect: true, strictFileInteractability: false, timeouts: {implicit: 0, pageLoad: 300000, script: 30000}, unhandledPromptBehavior: dismiss and notify, webauthn:extension:credBlob: true, webauthn:extension:largeBlob: true, webauthn:extension:minPinLength: true, webauthn:extension:prf: true, webauthn:virtualAuthenticators: true}
Session ID: 4af78970045ecf8e017223bd75188165
*** Element info: {Using=xpath, value=//*[@id='gridUser']/div[2]/table/tbody/tr[20]/td[7]/a[1]}]]>
            </message>
            <full-stacktrace>
              <![CDATA[org.openqa.selenium.NoSuchElementException: no such element: Unable to locate element: {"method":"xpath","selector":"//*[@id='gridUser']/div[2]/table/tbody/tr[20]/td[7]/a[1]"}
  (Session info: chrome=128.0.6613.120)
For documentation on this error, please visit: http://seleniumhq.org/exceptions/no_such_element.html
Build info: version: '3.141.0', revision: '2ecb7d9a', time: '2018-10-31T20:09:30'
System info: host: 'TRPL-PUN-0125', ip: '192.168.5.61', os.name: 'Windows 10', os.arch: 'amd64', os.version: '10.0', java.version: '17.0.9'
Driver info: org.openqa.selenium.chrome.ChromeDriver
Capabilities {acceptInsecureCerts: false, browserName: chrome, browserVersion: 128.0.6613.120, chrome: {chromedriverVersion: 127.0.6533.57 (d4459446bf8a..., userDataDir: C:\Users\shitalb\AppData\Lo...}, fedcm:accounts: true, goog:chromeOptions: {debuggerAddress: localhost:56192}, javascriptEnabled: true, networkConnectionEnabled: false, pageLoadStrategy: normal, platform: WINDOWS, platformName: WINDOWS, proxy: Proxy(), setWindowRect: true, strictFileInteractability: false, timeouts: {implicit: 0, pageLoad: 300000, script: 30000}, unhandledPromptBehavior: dismiss and notify, webauthn:extension:credBlob: true, webauthn:extension:largeBlob: true, webauthn:extension:minPinLength: true, webauthn:extension:prf: true, webauthn:virtualAuthenticators: true}
Session ID: 4af78970045ecf8e017223bd75188165
*** Element info: {Using=xpath, value=//*[@id='gridUser']/div[2]/table/tbody/tr[20]/td[7]/a[1]}
at java.base/jdk.internal.reflect.NativeConstructorAccessorImpl.newInstance0(Native Method)
at java.base/jdk.internal.reflect.NativeConstructorAccessorImpl.newInstance(NativeConstructorAccessorImpl.java:77)
at java.base/jdk.internal.reflect.DelegatingConstructorAccessorImpl.newInstance(DelegatingConstructorAccessorImpl.java:45)
at java.base/java.lang.reflect.Constructor.newInstanceWithCaller(Constructor.java:499)
at java.base/java.lang.reflect.Constructor.newInstance(Constructor.java:480)
at org.openqa.selenium.remote.http.W3CHttpResponseCodec.createException(W3CHttpResponseCodec.java:187)
at org.openqa.selenium.remote.http.W3CHttpResponseCodec.decode(W3CHttpResponseCodec.java:122)
at org.openqa.selenium.remote.http.W3CHttpResponseCodec.decode(W3CHttpResponseCodec.java:49)
at org.openqa.selenium.remote.HttpCommandExecutor.execute(HttpCommandExecutor.java:158)
at org.openqa.selenium.remote.service.DriverCommandExecutor.execute(DriverCommandExecutor.java:83)
at org.openqa.selenium.remote.RemoteWebDriver.execute(RemoteWebDriver.java:552)
at org.openqa.selenium.remote.RemoteWebDriver.findElement(RemoteWebDriver.java:323)
at org.openqa.selenium.remote.RemoteWebDriver.findElementByXPath(RemoteWebDriver.java:428)
at org.openqa.selenium.By$ByXPath.findElement(By.java:353)
at org.openqa.selenium.remote.RemoteWebDriver.findElement(RemoteWebDriver.java:315)
at companyAdmin.Locator.PagingDD(Locator.java:1479)
at companyAdmin.CriticalMethod.UpdateUser(CriticalMethod.java:962)
at comapnyAdminTest.CompanyAdminCriticalTestCases.UpdateUser1(CompanyAdminCriticalTestCases.java:227)
at java.base/jdk.internal.reflect.NativeMethodAccessorImpl.invoke0(Native Method)
at java.base/jdk.internal.reflect.NativeMethodAccessorImpl.invoke(NativeMethodAccessorImpl.java:77)
at java.base/jdk.internal.reflect.DelegatingMethodAccessorImpl.invoke(DelegatingMethodAccessorImpl.java:43)
at java.base/java.lang.reflect.Method.invoke(Method.java:568)
at org.testng.internal.invokers.MethodInvocationHelper.invokeMethod(MethodInvocationHelper.java:139)
at org.testng.internal.invokers.TestInvoker.invokeMethod(TestInvoker.java:677)
at org.testng.internal.invokers.TestInvoker.invokeTestMethod(TestInvoker.java:221)
at org.testng.internal.invokers.MethodRunner.runInSequence(MethodRunner.java:50)
at org.testng.internal.invokers.TestInvoker$MethodInvocationAgent.invoke(TestInvoker.java:962)
at org.testng.internal.invokers.TestInvoker.invokeTestMethods(TestInvoker.java:194)
at org.testng.internal.invokers.TestMethodWorker.invokeTestMethods(TestMethodWorker.java:148)
at org.testng.internal.invokers.TestMethodWorker.run(TestMethodWorker.java:128)
at java.base/java.util.ArrayList.forEach(ArrayList.java:1511)
at org.testng.TestRunner.privateRun(TestRunner.java:806)
at org.testng.TestRunner.run(TestRunner.java:601)
at org.testng.SuiteRunner.runTest(SuiteRunner.java:433)
at org.testng.SuiteRunner.runSequentially(SuiteRunner.java:427)
at org.testng.SuiteRunner.privateRun(SuiteRunner.java:387)
at org.testng.SuiteRunner.run(SuiteRunner.java:330)
at org.testng.SuiteRunnerWorker.runSuite(SuiteRunnerWorker.java:52)
at org.testng.SuiteRunnerWorker.run(SuiteRunnerWorker.java:95)
at org.testng.TestNG.runSuitesSequentially(TestNG.java:1256)
at org.testng.TestNG.runSuitesLocally(TestNG.java:1176)
at org.testng.TestNG.runSuites(TestNG.java:1099)
at org.testng.TestNG.run(TestNG.java:1067)
at org.testng.remote.AbstractRemoteTestNG.run(AbstractRemoteTestNG.java:115)
at org.testng.remote.RemoteTestNG.initAndRun(RemoteTestNG.java:251)
at org.testng.remote.RemoteTestNG.main(RemoteTestNG.java:77)
]]>
            </full-stacktrace>
          </exception> <!-- org.openqa.selenium.NoSuchElementException -->
          <reporter-output>
          </reporter-output>
        </test-method> <!-- UpdateUser1 -->
        <test-method is-config="true" signature="browserClosing()[pri:0, instance:comapnyAdminTest.CompanyAdminCriticalTestCases@60099951]" started-at="2024-09-10T00:05:33 IST" name="browserClosing" finished-at="2024-09-10T00:05:39 IST" duration-ms="5400" status="PASS">
          <reporter-output>
          </reporter-output>
        </test-method> <!-- browserClosing -->
        <test-method is-config="true" signature="Login()[pri:0, instance:comapnyAdminTest.CompanyAdminCriticalTestCases@60099951]" started-at="2024-09-10T00:05:39 IST" name="Login" finished-at="2024-09-10T00:06:00 IST" duration-ms="21841" status="PASS">
          <reporter-output>
          </reporter-output>
        </test-method> <!-- Login -->
        <test-method signature="UserResetPass2()[pri:11, instance:comapnyAdminTest.CompanyAdminCriticalTestCases@60099951]" started-at="2024-09-10T00:06:00 IST" name="UserResetPass2" finished-at="2024-09-10T00:06:46 IST" duration-ms="45572" status="FAIL">
          <exception class="org.openqa.selenium.NoSuchElementException">
            <message>
              <![CDATA[no such element: Unable to locate element: {"method":"xpath","selector":"//*[@id='gridUser']/div[2]/table/tbody/tr[20]/td[7]/a[1]"}
  (Session info: chrome=128.0.6613.120)
For documentation on this error, please visit: http://seleniumhq.org/exceptions/no_such_element.html
Build info: version: '3.141.0', revision: '2ecb7d9a', time: '2018-10-31T20:09:30'
System info: host: 'TRPL-PUN-0125', ip: '192.168.5.61', os.name: 'Windows 10', os.arch: 'amd64', os.version: '10.0', java.version: '17.0.9'
Driver info: org.openqa.selenium.chrome.ChromeDriver
Capabilities {acceptInsecureCerts: false, browserName: chrome, browserVersion: 128.0.6613.120, chrome: {chromedriverVersion: 127.0.6533.57 (d4459446bf8a..., userDataDir: C:\Users\shitalb\AppData\Lo...}, fedcm:accounts: true, goog:chromeOptions: {debuggerAddress: localhost:56247}, javascriptEnabled: true, networkConnectionEnabled: false, pageLoadStrategy: normal, platform: WINDOWS, platformName: WINDOWS, proxy: Proxy(), setWindowRect: true, strictFileInteractability: false, timeouts: {implicit: 0, pageLoad: 300000, script: 30000}, unhandledPromptBehavior: dismiss and notify, webauthn:extension:credBlob: true, webauthn:extension:largeBlob: true, webauthn:extension:minPinLength: true, webauthn:extension:prf: true, webauthn:virtualAuthenticators: true}
Session ID: 02de00bff358313cb86b0d05109c58f6
*** Element info: {Using=xpath, value=//*[@id='gridUser']/div[2]/table/tbody/tr[20]/td[7]/a[1]}]]>
            </message>
            <full-stacktrace>
              <![CDATA[org.openqa.selenium.NoSuchElementException: no such element: Unable to locate element: {"method":"xpath","selector":"//*[@id='gridUser']/div[2]/table/tbody/tr[20]/td[7]/a[1]"}
  (Session info: chrome=128.0.6613.120)
For documentation on this error, please visit: http://seleniumhq.org/exceptions/no_such_element.html
Build info: version: '3.141.0', revision: '2ecb7d9a', time: '2018-10-31T20:09:30'
System info: host: 'TRPL-PUN-0125', ip: '192.168.5.61', os.name: 'Windows 10', os.arch: 'amd64', os.version: '10.0', java.version: '17.0.9'
Driver info: org.openqa.selenium.chrome.ChromeDriver
Capabilities {acceptInsecureCerts: false, browserName: chrome, browserVersion: 128.0.6613.120, chrome: {chromedriverVersion: 127.0.6533.57 (d4459446bf8a..., userDataDir: C:\Users\shitalb\AppData\Lo...}, fedcm:accounts: true, goog:chromeOptions: {debuggerAddress: localhost:56247}, javascriptEnabled: true, networkConnectionEnabled: false, pageLoadStrategy: normal, platform: WINDOWS, platformName: WINDOWS, proxy: Proxy(), setWindowRect: true, strictFileInteractability: false, timeouts: {implicit: 0, pageLoad: 300000, script: 30000}, unhandledPromptBehavior: dismiss and notify, webauthn:extension:credBlob: true, webauthn:extension:largeBlob: true, webauthn:extension:minPinLength: true, webauthn:extension:prf: true, webauthn:virtualAuthenticators: true}
Session ID: 02de00bff358313cb86b0d05109c58f6
*** Element info: {Using=xpath, value=//*[@id='gridUser']/div[2]/table/tbody/tr[20]/td[7]/a[1]}
at java.base/jdk.internal.reflect.NativeConstructorAccessorImpl.newInstance0(Native Method)
at java.base/jdk.internal.reflect.NativeConstructorAccessorImpl.newInstance(NativeConstructorAccessorImpl.java:77)
at java.base/jdk.internal.reflect.DelegatingConstructorAccessorImpl.newInstance(DelegatingConstructorAccessorImpl.java:45)
at java.base/java.lang.reflect.Constructor.newInstanceWithCaller(Constructor.java:499)
at java.base/java.lang.reflect.Constructor.newInstance(Constructor.java:480)
at org.openqa.selenium.remote.http.W3CHttpResponseCodec.createException(W3CHttpResponseCodec.java:187)
at org.openqa.selenium.remote.http.W3CHttpResponseCodec.decode(W3CHttpResponseCodec.java:122)
at org.openqa.selenium.remote.http.W3CHttpResponseCodec.decode(W3CHttpResponseCodec.java:49)
at org.openqa.selenium.remote.HttpCommandExecutor.execute(HttpCommandExecutor.java:158)
at org.openqa.selenium.remote.service.DriverCommandExecutor.execute(DriverCommandExecutor.java:83)
at org.openqa.selenium.remote.RemoteWebDriver.execute(RemoteWebDriver.java:552)
at org.openqa.selenium.remote.RemoteWebDriver.findElement(RemoteWebDriver.java:323)
at org.openqa.selenium.remote.RemoteWebDriver.findElementByXPath(RemoteWebDriver.java:428)
at org.openqa.selenium.By$ByXPath.findElement(By.java:353)
at org.openqa.selenium.remote.RemoteWebDriver.findElement(RemoteWebDriver.java:315)
at companyAdmin.Locator.PagingDD(Locator.java:1479)
at companyAdmin.CriticalMethod.UserReset4(CriticalMethod.java:1085)
at comapnyAdminTest.CompanyAdminCriticalTestCases.UserResetPass2(CompanyAdminCriticalTestCases.java:240)
at java.base/jdk.internal.reflect.NativeMethodAccessorImpl.invoke0(Native Method)
at java.base/jdk.internal.reflect.NativeMethodAccessorImpl.invoke(NativeMethodAccessorImpl.java:77)
at java.base/jdk.internal.reflect.DelegatingMethodAccessorImpl.invoke(DelegatingMethodAccessorImpl.java:43)
at java.base/java.lang.reflect.Method.invoke(Method.java:568)
at org.testng.internal.invokers.MethodInvocationHelper.invokeMethod(MethodInvocationHelper.java:139)
at org.testng.internal.invokers.TestInvoker.invokeMethod(TestInvoker.java:677)
at org.testng.internal.invokers.TestInvoker.invokeTestMethod(TestInvoker.java:221)
at org.testng.internal.invokers.MethodRunner.runInSequence(MethodRunner.java:50)
at org.testng.internal.invokers.TestInvoker$MethodInvocationAgent.invoke(TestInvoker.java:962)
at org.testng.internal.invokers.TestInvoker.invokeTestMethods(TestInvoker.java:194)
at org.testng.internal.invokers.TestMethodWorker.invokeTestMethods(TestMethodWorker.java:148)
at org.testng.internal.invokers.TestMethodWorker.run(TestMethodWorker.java:128)
at java.base/java.util.ArrayList.forEach(ArrayList.java:1511)
at org.testng.TestRunner.privateRun(TestRunner.java:806)
at org.testng.TestRunner.run(TestRunner.java:601)
at org.testng.SuiteRunner.runTest(SuiteRunner.java:433)
at org.testng.SuiteRunner.runSequentially(SuiteRunner.java:427)
at org.testng.SuiteRunner.privateRun(SuiteRunner.java:387)
at org.testng.SuiteRunner.run(SuiteRunner.java:330)
at org.testng.SuiteRunnerWorker.runSuite(SuiteRunnerWorker.java:52)
at org.testng.SuiteRunnerWorker.run(SuiteRunnerWorker.java:95)
at org.testng.TestNG.runSuitesSequentially(TestNG.java:1256)
at org.testng.TestNG.runSuitesLocally(TestNG.java:1176)
at org.testng.TestNG.runSuites(TestNG.java:1099)
at org.testng.TestNG.run(TestNG.java:1067)
at org.testng.remote.AbstractRemoteTestNG.run(AbstractRemoteTestNG.java:115)
at org.testng.remote.RemoteTestNG.initAndRun(RemoteTestNG.java:251)
at org.testng.remote.RemoteTestNG.main(RemoteTestNG.java:77)
]]>
            </full-stacktrace>
          </exception> <!-- org.openqa.selenium.NoSuchElementException -->
          <reporter-output>
          </reporter-output>
        </test-method> <!-- UserResetPass2 -->
        <test-method is-config="true" signature="browserClosing()[pri:0, instance:comapnyAdminTest.CompanyAdminCriticalTestCases@60099951]" started-at="2024-09-10T00:06:46 IST" name="browserClosing" finished-at="2024-09-10T00:06:51 IST" duration-ms="5428" status="PASS">
          <reporter-output>
          </reporter-output>
        </test-method> <!-- browserClosing -->
        <test-method is-config="true" signature="Login()[pri:0, instance:comapnyAdminTest.CompanyAdminCriticalTestCases@60099951]" started-at="2024-09-10T00:06:51 IST" name="Login" finished-at="2024-09-10T00:07:17 IST" duration-ms="25558" status="PASS">
          <reporter-output>
          </reporter-output>
        </test-method> <!-- Login -->
        <test-method signature="UserDelete11()[pri:12, instance:comapnyAdminTest.CompanyAdminCriticalTestCases@60099951]" started-at="2024-09-10T00:07:17 IST" name="UserDelete11" finished-at="2024-09-10T00:08:03 IST" duration-ms="45727" status="FAIL">
          <exception class="org.openqa.selenium.NoSuchElementException">
            <message>
              <![CDATA[no such element: Unable to locate element: {"method":"xpath","selector":"//*[@id='gridUser']/div[2]/table/tbody/tr[20]/td[7]/a[1]"}
  (Session info: chrome=128.0.6613.120)
For documentation on this error, please visit: http://seleniumhq.org/exceptions/no_such_element.html
Build info: version: '3.141.0', revision: '2ecb7d9a', time: '2018-10-31T20:09:30'
System info: host: 'TRPL-PUN-0125', ip: '192.168.5.61', os.name: 'Windows 10', os.arch: 'amd64', os.version: '10.0', java.version: '17.0.9'
Driver info: org.openqa.selenium.chrome.ChromeDriver
Capabilities {acceptInsecureCerts: false, browserName: chrome, browserVersion: 128.0.6613.120, chrome: {chromedriverVersion: 127.0.6533.57 (d4459446bf8a..., userDataDir: C:\Users\shitalb\AppData\Lo...}, fedcm:accounts: true, goog:chromeOptions: {debuggerAddress: localhost:56300}, javascriptEnabled: true, networkConnectionEnabled: false, pageLoadStrategy: normal, platform: WINDOWS, platformName: WINDOWS, proxy: Proxy(), setWindowRect: true, strictFileInteractability: false, timeouts: {implicit: 0, pageLoad: 300000, script: 30000}, unhandledPromptBehavior: dismiss and notify, webauthn:extension:credBlob: true, webauthn:extension:largeBlob: true, webauthn:extension:minPinLength: true, webauthn:extension:prf: true, webauthn:virtualAuthenticators: true}
Session ID: a68bb6a2096965ccf86fab874fc5b1c4
*** Element info: {Using=xpath, value=//*[@id='gridUser']/div[2]/table/tbody/tr[20]/td[7]/a[1]}]]>
            </message>
            <full-stacktrace>
              <![CDATA[org.openqa.selenium.NoSuchElementException: no such element: Unable to locate element: {"method":"xpath","selector":"//*[@id='gridUser']/div[2]/table/tbody/tr[20]/td[7]/a[1]"}
  (Session info: chrome=128.0.6613.120)
For documentation on this error, please visit: http://seleniumhq.org/exceptions/no_such_element.html
Build info: version: '3.141.0', revision: '2ecb7d9a', time: '2018-10-31T20:09:30'
System info: host: 'TRPL-PUN-0125', ip: '192.168.5.61', os.name: 'Windows 10', os.arch: 'amd64', os.version: '10.0', java.version: '17.0.9'
Driver info: org.openqa.selenium.chrome.ChromeDriver
Capabilities {acceptInsecureCerts: false, browserName: chrome, browserVersion: 128.0.6613.120, chrome: {chromedriverVersion: 127.0.6533.57 (d4459446bf8a..., userDataDir: C:\Users\shitalb\AppData\Lo...}, fedcm:accounts: true, goog:chromeOptions: {debuggerAddress: localhost:56300}, javascriptEnabled: true, networkConnectionEnabled: false, pageLoadStrategy: normal, platform: WINDOWS, platformName: WINDOWS, proxy: Proxy(), setWindowRect: true, strictFileInteractability: false, timeouts: {implicit: 0, pageLoad: 300000, script: 30000}, unhandledPromptBehavior: dismiss and notify, webauthn:extension:credBlob: true, webauthn:extension:largeBlob: true, webauthn:extension:minPinLength: true, webauthn:extension:prf: true, webauthn:virtualAuthenticators: true}
Session ID: a68bb6a2096965ccf86fab874fc5b1c4
*** Element info: {Using=xpath, value=//*[@id='gridUser']/div[2]/table/tbody/tr[20]/td[7]/a[1]}
at java.base/jdk.internal.reflect.NativeConstructorAccessorImpl.newInstance0(Native Method)
at java.base/jdk.internal.reflect.NativeConstructorAccessorImpl.newInstance(NativeConstructorAccessorImpl.java:77)
at java.base/jdk.internal.reflect.DelegatingConstructorAccessorImpl.newInstance(DelegatingConstructorAccessorImpl.java:45)
at java.base/java.lang.reflect.Constructor.newInstanceWithCaller(Constructor.java:499)
at java.base/java.lang.reflect.Constructor.newInstance(Constructor.java:480)
at org.openqa.selenium.remote.http.W3CHttpResponseCodec.createException(W3CHttpResponseCodec.java:187)
at org.openqa.selenium.remote.http.W3CHttpResponseCodec.decode(W3CHttpResponseCodec.java:122)
at org.openqa.selenium.remote.http.W3CHttpResponseCodec.decode(W3CHttpResponseCodec.java:49)
at org.openqa.selenium.remote.HttpCommandExecutor.execute(HttpCommandExecutor.java:158)
at org.openqa.selenium.remote.service.DriverCommandExecutor.execute(DriverCommandExecutor.java:83)
at org.openqa.selenium.remote.RemoteWebDriver.execute(RemoteWebDriver.java:552)
at org.openqa.selenium.remote.RemoteWebDriver.findElement(RemoteWebDriver.java:323)
at org.openqa.selenium.remote.RemoteWebDriver.findElementByXPath(RemoteWebDriver.java:428)
at org.openqa.selenium.By$ByXPath.findElement(By.java:353)
at org.openqa.selenium.remote.RemoteWebDriver.findElement(RemoteWebDriver.java:315)
at companyAdmin.Locator.PagingDD(Locator.java:1479)
at companyAdmin.CriticalMethod.UserDelete1(CriticalMethod.java:1144)
at comapnyAdminTest.CompanyAdminCriticalTestCases.UserDelete11(CompanyAdminCriticalTestCases.java:253)
at java.base/jdk.internal.reflect.NativeMethodAccessorImpl.invoke0(Native Method)
at java.base/jdk.internal.reflect.NativeMethodAccessorImpl.invoke(NativeMethodAccessorImpl.java:77)
at java.base/jdk.internal.reflect.DelegatingMethodAccessorImpl.invoke(DelegatingMethodAccessorImpl.java:43)
at java.base/java.lang.reflect.Method.invoke(Method.java:568)
at org.testng.internal.invokers.MethodInvocationHelper.invokeMethod(MethodInvocationHelper.java:139)
at org.testng.internal.invokers.TestInvoker.invokeMethod(TestInvoker.java:677)
at org.testng.internal.invokers.TestInvoker.invokeTestMethod(TestInvoker.java:221)
at org.testng.internal.invokers.MethodRunner.runInSequence(MethodRunner.java:50)
at org.testng.internal.invokers.TestInvoker$MethodInvocationAgent.invoke(TestInvoker.java:962)
at org.testng.internal.invokers.TestInvoker.invokeTestMethods(TestInvoker.java:194)
at org.testng.internal.invokers.TestMethodWorker.invokeTestMethods(TestMethodWorker.java:148)
at org.testng.internal.invokers.TestMethodWorker.run(TestMethodWorker.java:128)
at java.base/java.util.ArrayList.forEach(ArrayList.java:1511)
at org.testng.TestRunner.privateRun(TestRunner.java:806)
at org.testng.TestRunner.run(TestRunner.java:601)
at org.testng.SuiteRunner.runTest(SuiteRunner.java:433)
at org.testng.SuiteRunner.runSequentially(SuiteRunner.java:427)
at org.testng.SuiteRunner.privateRun(SuiteRunner.java:387)
at org.testng.SuiteRunner.run(SuiteRunner.java:330)
at org.testng.SuiteRunnerWorker.runSuite(SuiteRunnerWorker.java:52)
at org.testng.SuiteRunnerWorker.run(SuiteRunnerWorker.java:95)
at org.testng.TestNG.runSuitesSequentially(TestNG.java:1256)
at org.testng.TestNG.runSuitesLocally(TestNG.java:1176)
at org.testng.TestNG.runSuites(TestNG.java:1099)
at org.testng.TestNG.run(TestNG.java:1067)
at org.testng.remote.AbstractRemoteTestNG.run(AbstractRemoteTestNG.java:115)
at org.testng.remote.RemoteTestNG.initAndRun(RemoteTestNG.java:251)
at org.testng.remote.RemoteTestNG.main(RemoteTestNG.java:77)
]]>
            </full-stacktrace>
          </exception> <!-- org.openqa.selenium.NoSuchElementException -->
          <reporter-output>
          </reporter-output>
        </test-method> <!-- UserDelete11 -->
        <test-method is-config="true" signature="browserClosing()[pri:0, instance:comapnyAdminTest.CompanyAdminCriticalTestCases@60099951]" started-at="2024-09-10T00:08:03 IST" name="browserClosing" finished-at="2024-09-10T00:08:08 IST" duration-ms="5495" status="PASS">
          <reporter-output>
          </reporter-output>
        </test-method> <!-- browserClosing -->
        <test-method is-config="true" signature="Login()[pri:0, instance:comapnyAdminTest.CompanyAdminCriticalTestCases@60099951]" started-at="2024-09-10T00:08:08 IST" name="Login" finished-at="2024-09-10T00:08:33 IST" duration-ms="25325" status="PASS">
          <reporter-output>
          </reporter-output>
        </test-method> <!-- Login -->
        <test-method signature="UploadUser1()[pri:13, instance:comapnyAdminTest.CompanyAdminCriticalTestCases@60099951]" started-at="2024-09-10T00:08:33 IST" name="UploadUser1" finished-at="2024-09-10T00:09:01 IST" duration-ms="27947" status="PASS">
          <reporter-output>
          </reporter-output>
        </test-method> <!-- UploadUser1 -->
        <test-method is-config="true" signature="browserClosing()[pri:0, instance:comapnyAdminTest.CompanyAdminCriticalTestCases@60099951]" started-at="2024-09-10T00:09:01 IST" name="browserClosing" finished-at="2024-09-10T00:09:07 IST" duration-ms="5410" status="PASS">
          <reporter-output>
          </reporter-output>
        </test-method> <!-- browserClosing -->
        <test-method is-config="true" signature="Login()[pri:0, instance:comapnyAdminTest.CompanyAdminCriticalTestCases@60099951]" started-at="2024-09-10T00:09:07 IST" name="Login" finished-at="2024-09-10T00:09:33 IST" duration-ms="26122" status="PASS">
          <reporter-output>
          </reporter-output>
        </test-method> <!-- Login -->
        <test-method signature="AddContractor1()[pri:14, instance:comapnyAdminTest.CompanyAdminCriticalTestCases@60099951]" started-at="2024-09-10T00:09:33 IST" name="AddContractor1" finished-at="2024-09-10T00:10:17 IST" duration-ms="44197" status="PASS">
          <reporter-output>
          </reporter-output>
        </test-method> <!-- AddContractor1 -->
        <test-method is-config="true" signature="browserClosing()[pri:0, instance:comapnyAdminTest.CompanyAdminCriticalTestCases@60099951]" started-at="2024-09-10T00:10:17 IST" name="browserClosing" finished-at="2024-09-10T00:10:23 IST" duration-ms="5422" status="PASS">
          <reporter-output>
          </reporter-output>
        </test-method> <!-- browserClosing -->
        <test-method is-config="true" signature="Login()[pri:0, instance:comapnyAdminTest.CompanyAdminCriticalTestCases@60099951]" started-at="2024-09-10T00:10:23 IST" name="Login" finished-at="2024-09-10T00:10:58 IST" duration-ms="35200" status="PASS">
          <reporter-output>
          </reporter-output>
        </test-method> <!-- Login -->
        <test-method signature="UpdateContractor1()[pri:15, instance:comapnyAdminTest.CompanyAdminCriticalTestCases@60099951]" started-at="2024-09-10T00:10:58 IST" name="UpdateContractor1" finished-at="2024-09-10T00:11:46 IST" duration-ms="48287" status="PASS">
          <reporter-output>
          </reporter-output>
        </test-method> <!-- UpdateContractor1 -->
        <test-method is-config="true" signature="browserClosing()[pri:0, instance:comapnyAdminTest.CompanyAdminCriticalTestCases@60099951]" started-at="2024-09-10T00:11:46 IST" name="browserClosing" finished-at="2024-09-10T00:11:52 IST" duration-ms="5429" status="PASS">
          <reporter-output>
          </reporter-output>
        </test-method> <!-- browserClosing -->
        <test-method is-config="true" signature="Login()[pri:0, instance:comapnyAdminTest.CompanyAdminCriticalTestCases@60099951]" started-at="2024-09-10T00:11:52 IST" name="Login" finished-at="2024-09-10T00:12:16 IST" duration-ms="24903" status="PASS">
          <reporter-output>
          </reporter-output>
        </test-method> <!-- Login -->
        <test-method signature="ResetPassContractor11()[pri:16, instance:comapnyAdminTest.CompanyAdminCriticalTestCases@60099951]" started-at="2024-09-10T00:12:16 IST" name="ResetPassContractor11" finished-at="2024-09-10T00:12:35 IST" duration-ms="19043" status="FAIL">
          <exception class="org.openqa.selenium.NoAlertPresentException">
            <message>
              <![CDATA[no such alert
  (Session info: chrome=128.0.6613.120)
Build info: version: '3.141.0', revision: '2ecb7d9a', time: '2018-10-31T20:09:30'
System info: host: 'TRPL-PUN-0125', ip: '192.168.5.61', os.name: 'Windows 10', os.arch: 'amd64', os.version: '10.0', java.version: '17.0.9'
Driver info: org.openqa.selenium.chrome.ChromeDriver
Capabilities {acceptInsecureCerts: false, browserName: chrome, browserVersion: 128.0.6613.120, chrome: {chromedriverVersion: 127.0.6533.57 (d4459446bf8a..., userDataDir: C:\Users\shitalb\AppData\Lo...}, fedcm:accounts: true, goog:chromeOptions: {debuggerAddress: localhost:56512}, javascriptEnabled: true, networkConnectionEnabled: false, pageLoadStrategy: normal, platform: WINDOWS, platformName: WINDOWS, proxy: Proxy(), setWindowRect: true, strictFileInteractability: false, timeouts: {implicit: 0, pageLoad: 300000, script: 30000}, unhandledPromptBehavior: dismiss and notify, webauthn:extension:credBlob: true, webauthn:extension:largeBlob: true, webauthn:extension:minPinLength: true, webauthn:extension:prf: true, webauthn:virtualAuthenticators: true}
Session ID: 4bbab5a07ddc6c75e4f82c2ad2d66bcd]]>
            </message>
            <full-stacktrace>
              <![CDATA[org.openqa.selenium.NoAlertPresentException: no such alert
  (Session info: chrome=128.0.6613.120)
Build info: version: '3.141.0', revision: '2ecb7d9a', time: '2018-10-31T20:09:30'
System info: host: 'TRPL-PUN-0125', ip: '192.168.5.61', os.name: 'Windows 10', os.arch: 'amd64', os.version: '10.0', java.version: '17.0.9'
Driver info: org.openqa.selenium.chrome.ChromeDriver
Capabilities {acceptInsecureCerts: false, browserName: chrome, browserVersion: 128.0.6613.120, chrome: {chromedriverVersion: 127.0.6533.57 (d4459446bf8a..., userDataDir: C:\Users\shitalb\AppData\Lo...}, fedcm:accounts: true, goog:chromeOptions: {debuggerAddress: localhost:56512}, javascriptEnabled: true, networkConnectionEnabled: false, pageLoadStrategy: normal, platform: WINDOWS, platformName: WINDOWS, proxy: Proxy(), setWindowRect: true, strictFileInteractability: false, timeouts: {implicit: 0, pageLoad: 300000, script: 30000}, unhandledPromptBehavior: dismiss and notify, webauthn:extension:credBlob: true, webauthn:extension:largeBlob: true, webauthn:extension:minPinLength: true, webauthn:extension:prf: true, webauthn:virtualAuthenticators: true}
Session ID: 4bbab5a07ddc6c75e4f82c2ad2d66bcd
at jdk.internal.reflect.GeneratedConstructorAccessor29.newInstance(Unknown Source)
at java.base/jdk.internal.reflect.DelegatingConstructorAccessorImpl.newInstance(DelegatingConstructorAccessorImpl.java:45)
at java.base/java.lang.reflect.Constructor.newInstanceWithCaller(Constructor.java:499)
at java.base/java.lang.reflect.Constructor.newInstance(Constructor.java:480)
at org.openqa.selenium.remote.http.W3CHttpResponseCodec.createException(W3CHttpResponseCodec.java:187)
at org.openqa.selenium.remote.http.W3CHttpResponseCodec.decode(W3CHttpResponseCodec.java:122)
at org.openqa.selenium.remote.http.W3CHttpResponseCodec.decode(W3CHttpResponseCodec.java:49)
at org.openqa.selenium.remote.HttpCommandExecutor.execute(HttpCommandExecutor.java:158)
at org.openqa.selenium.remote.service.DriverCommandExecutor.execute(DriverCommandExecutor.java:83)
at org.openqa.selenium.remote.RemoteWebDriver.execute(RemoteWebDriver.java:552)
at org.openqa.selenium.remote.RemoteWebDriver.execute(RemoteWebDriver.java:609)
at org.openqa.selenium.remote.RemoteWebDriver$RemoteTargetLocator.alert(RemoteWebDriver.java:932)
at companyAdmin.CriticalMethod.ResetPassContractor1(CriticalMethod.java:1578)
at comapnyAdminTest.CompanyAdminCriticalTestCases.ResetPassContractor11(CompanyAdminCriticalTestCases.java:307)
at java.base/jdk.internal.reflect.NativeMethodAccessorImpl.invoke0(Native Method)
at java.base/jdk.internal.reflect.NativeMethodAccessorImpl.invoke(NativeMethodAccessorImpl.java:77)
at java.base/jdk.internal.reflect.DelegatingMethodAccessorImpl.invoke(DelegatingMethodAccessorImpl.java:43)
at java.base/java.lang.reflect.Method.invoke(Method.java:568)
at org.testng.internal.invokers.MethodInvocationHelper.invokeMethod(MethodInvocationHelper.java:139)
at org.testng.internal.invokers.TestInvoker.invokeMethod(TestInvoker.java:677)
at org.testng.internal.invokers.TestInvoker.invokeTestMethod(TestInvoker.java:221)
at org.testng.internal.invokers.MethodRunner.runInSequence(MethodRunner.java:50)
at org.testng.internal.invokers.TestInvoker$MethodInvocationAgent.invoke(TestInvoker.java:962)
at org.testng.internal.invokers.TestInvoker.invokeTestMethods(TestInvoker.java:194)
at org.testng.internal.invokers.TestMethodWorker.invokeTestMethods(TestMethodWorker.java:148)
at org.testng.internal.invokers.TestMethodWorker.run(TestMethodWorker.java:128)
at java.base/java.util.ArrayList.forEach(ArrayList.java:1511)
at org.testng.TestRunner.privateRun(TestRunner.java:806)
at org.testng.TestRunner.run(TestRunner.java:601)
at org.testng.SuiteRunner.runTest(SuiteRunner.java:433)
at org.testng.SuiteRunner.runSequentially(SuiteRunner.java:427)
at org.testng.SuiteRunner.privateRun(SuiteRunner.java:387)
at org.testng.SuiteRunner.run(SuiteRunner.java:330)
at org.testng.SuiteRunnerWorker.runSuite(SuiteRunnerWorker.java:52)
at org.testng.SuiteRunnerWorker.run(SuiteRunnerWorker.java:95)
at org.testng.TestNG.runSuitesSequentially(TestNG.java:1256)
at org.testng.TestNG.runSuitesLocally(TestNG.java:1176)
at org.testng.TestNG.runSuites(TestNG.java:1099)
at org.testng.TestNG.run(TestNG.java:1067)
at org.testng.remote.AbstractRemoteTestNG.run(AbstractRemoteTestNG.java:115)
at org.testng.remote.RemoteTestNG.initAndRun(RemoteTestNG.java:251)
at org.testng.remote.RemoteTestNG.main(RemoteTestNG.java:77)
]]>
            </full-stacktrace>
          </exception> <!-- org.openqa.selenium.NoAlertPresentException -->
          <reporter-output>
          </reporter-output>
        </test-method> <!-- ResetPassContractor11 -->
        <test-method is-config="true" signature="browserClosing()[pri:0, instance:comapnyAdminTest.CompanyAdminCriticalTestCases@60099951]" started-at="2024-09-10T00:12:35 IST" name="browserClosing" finished-at="2024-09-10T00:12:41 IST" duration-ms="5297" status="PASS">
          <reporter-output>
          </reporter-output>
        </test-method> <!-- browserClosing -->
        <test-method is-config="true" signature="Login()[pri:0, instance:comapnyAdminTest.CompanyAdminCriticalTestCases@60099951]" started-at="2024-09-10T00:12:41 IST" name="Login" finished-at="2024-09-10T00:13:05 IST" duration-ms="23838" status="PASS">
          <reporter-output>
          </reporter-output>
        </test-method> <!-- Login -->
        <test-method signature="DeleteContractor1()[pri:17, instance:comapnyAdminTest.CompanyAdminCriticalTestCases@60099951]" started-at="2024-09-10T00:13:05 IST" name="DeleteContractor1" finished-at="2024-09-10T00:13:34 IST" duration-ms="29479" status="PASS">
          <reporter-output>
          </reporter-output>
        </test-method> <!-- DeleteContractor1 -->
        <test-method is-config="true" signature="browserClosing()[pri:0, instance:comapnyAdminTest.CompanyAdminCriticalTestCases@60099951]" started-at="2024-09-10T00:13:34 IST" name="browserClosing" finished-at="2024-09-10T00:13:40 IST" duration-ms="5492" status="PASS">
          <reporter-output>
          </reporter-output>
        </test-method> <!-- browserClosing -->
        <test-method is-config="true" signature="Login()[pri:0, instance:comapnyAdminTest.CompanyAdminCriticalTestCases@60099951]" started-at="2024-09-10T00:13:40 IST" name="Login" finished-at="2024-09-10T00:14:06 IST" duration-ms="26657" status="PASS">
          <reporter-output>
          </reporter-output>
        </test-method> <!-- Login -->
        <test-method signature="DeleteContractor11()[pri:17, instance:comapnyAdminTest.CompanyAdminCriticalTestCases@60099951]" started-at="2024-09-10T00:14:06 IST" name="DeleteContractor11" finished-at="2024-09-10T00:14:38 IST" duration-ms="32177" status="PASS">
          <reporter-output>
          </reporter-output>
        </test-method> <!-- DeleteContractor11 -->
        <test-method is-config="true" signature="browserClosing()[pri:0, instance:comapnyAdminTest.CompanyAdminCriticalTestCases@60099951]" started-at="2024-09-10T00:14:38 IST" name="browserClosing" finished-at="2024-09-10T00:14:44 IST" duration-ms="5413" status="PASS">
          <reporter-output>
          </reporter-output>
        </test-method> <!-- browserClosing -->
        <test-method is-config="true" signature="Login()[pri:0, instance:comapnyAdminTest.CompanyAdminCriticalTestCases@60099951]" started-at="2024-09-10T00:14:44 IST" name="Login" finished-at="2024-09-10T00:15:06 IST" duration-ms="22176" status="PASS">
          <reporter-output>
          </reporter-output>
        </test-method> <!-- Login -->
        <test-method signature="AddManagementAssignment1()[pri:18, instance:comapnyAdminTest.CompanyAdminCriticalTestCases@60099951]" started-at="2024-09-10T00:15:06 IST" name="AddManagementAssignment1" finished-at="2024-09-10T00:16:30 IST" duration-ms="84063" status="FAIL">
          <exception class="org.openqa.selenium.NoSuchElementException">
            <message>
              <![CDATA[no such element: Unable to locate element: {"method":"xpath","selector":"(//div[@class='k-animation-container']//div/div[@class='k-widget k-treeview'])[2]//li[1]//div/span[1]"}
  (Session info: chrome=128.0.6613.120)
For documentation on this error, please visit: http://seleniumhq.org/exceptions/no_such_element.html
Build info: version: '3.141.0', revision: '2ecb7d9a', time: '2018-10-31T20:09:30'
System info: host: 'TRPL-PUN-0125', ip: '192.168.5.61', os.name: 'Windows 10', os.arch: 'amd64', os.version: '10.0', java.version: '17.0.9'
Driver info: org.openqa.selenium.chrome.ChromeDriver
Capabilities {acceptInsecureCerts: false, browserName: chrome, browserVersion: 128.0.6613.120, chrome: {chromedriverVersion: 127.0.6533.57 (d4459446bf8a..., userDataDir: C:\Users\shitalb\AppData\Lo...}, fedcm:accounts: true, goog:chromeOptions: {debuggerAddress: localhost:56665}, javascriptEnabled: true, networkConnectionEnabled: false, pageLoadStrategy: normal, platform: WINDOWS, platformName: WINDOWS, proxy: Proxy(), setWindowRect: true, strictFileInteractability: false, timeouts: {implicit: 0, pageLoad: 300000, script: 30000}, unhandledPromptBehavior: dismiss and notify, webauthn:extension:credBlob: true, webauthn:extension:largeBlob: true, webauthn:extension:minPinLength: true, webauthn:extension:prf: true, webauthn:virtualAuthenticators: true}
Session ID: 33cbf0af4c863e18f772367b51d031c8
*** Element info: {Using=xpath, value=(//div[@class='k-animation-container']//div/div[@class='k-widget k-treeview'])[2]//li[1]//div/span[1]}]]>
            </message>
            <full-stacktrace>
              <![CDATA[org.openqa.selenium.NoSuchElementException: no such element: Unable to locate element: {"method":"xpath","selector":"(//div[@class='k-animation-container']//div/div[@class='k-widget k-treeview'])[2]//li[1]//div/span[1]"}
  (Session info: chrome=128.0.6613.120)
For documentation on this error, please visit: http://seleniumhq.org/exceptions/no_such_element.html
Build info: version: '3.141.0', revision: '2ecb7d9a', time: '2018-10-31T20:09:30'
System info: host: 'TRPL-PUN-0125', ip: '192.168.5.61', os.name: 'Windows 10', os.arch: 'amd64', os.version: '10.0', java.version: '17.0.9'
Driver info: org.openqa.selenium.chrome.ChromeDriver
Capabilities {acceptInsecureCerts: false, browserName: chrome, browserVersion: 128.0.6613.120, chrome: {chromedriverVersion: 127.0.6533.57 (d4459446bf8a..., userDataDir: C:\Users\shitalb\AppData\Lo...}, fedcm:accounts: true, goog:chromeOptions: {debuggerAddress: localhost:56665}, javascriptEnabled: true, networkConnectionEnabled: false, pageLoadStrategy: normal, platform: WINDOWS, platformName: WINDOWS, proxy: Proxy(), setWindowRect: true, strictFileInteractability: false, timeouts: {implicit: 0, pageLoad: 300000, script: 30000}, unhandledPromptBehavior: dismiss and notify, webauthn:extension:credBlob: true, webauthn:extension:largeBlob: true, webauthn:extension:minPinLength: true, webauthn:extension:prf: true, webauthn:virtualAuthenticators: true}
Session ID: 33cbf0af4c863e18f772367b51d031c8
*** Element info: {Using=xpath, value=(//div[@class='k-animation-container']//div/div[@class='k-widget k-treeview'])[2]//li[1]//div/span[1]}
at java.base/jdk.internal.reflect.NativeConstructorAccessorImpl.newInstance0(Native Method)
at java.base/jdk.internal.reflect.NativeConstructorAccessorImpl.newInstance(NativeConstructorAccessorImpl.java:77)
at java.base/jdk.internal.reflect.DelegatingConstructorAccessorImpl.newInstance(DelegatingConstructorAccessorImpl.java:45)
at java.base/java.lang.reflect.Constructor.newInstanceWithCaller(Constructor.java:499)
at java.base/java.lang.reflect.Constructor.newInstance(Constructor.java:480)
at org.openqa.selenium.remote.http.W3CHttpResponseCodec.createException(W3CHttpResponseCodec.java:187)
at org.openqa.selenium.remote.http.W3CHttpResponseCodec.decode(W3CHttpResponseCodec.java:122)
at org.openqa.selenium.remote.http.W3CHttpResponseCodec.decode(W3CHttpResponseCodec.java:49)
at org.openqa.selenium.remote.HttpCommandExecutor.execute(HttpCommandExecutor.java:158)
at org.openqa.selenium.remote.service.DriverCommandExecutor.execute(DriverCommandExecutor.java:83)
at org.openqa.selenium.remote.RemoteWebDriver.execute(RemoteWebDriver.java:552)
at org.openqa.selenium.remote.RemoteWebDriver.findElement(RemoteWebDriver.java:323)
at org.openqa.selenium.remote.RemoteWebDriver.findElementByXPath(RemoteWebDriver.java:428)
at org.openqa.selenium.By$ByXPath.findElement(By.java:353)
at org.openqa.selenium.remote.RemoteWebDriver.findElement(RemoteWebDriver.java:315)
at companyAdmin.Locator.MAssignProjectCheckBox(Locator.java:1757)
at companyAdmin.CriticalMethod.AddManagementAssignment(CriticalMethod.java:1757)
at comapnyAdminTest.CompanyAdminCriticalTestCases.AddManagementAssignment1(CompanyAdminCriticalTestCases.java:348)
at java.base/jdk.internal.reflect.NativeMethodAccessorImpl.invoke0(Native Method)
at java.base/jdk.internal.reflect.NativeMethodAccessorImpl.invoke(NativeMethodAccessorImpl.java:77)
at java.base/jdk.internal.reflect.DelegatingMethodAccessorImpl.invoke(DelegatingMethodAccessorImpl.java:43)
at java.base/java.lang.reflect.Method.invoke(Method.java:568)
at org.testng.internal.invokers.MethodInvocationHelper.invokeMethod(MethodInvocationHelper.java:139)
at org.testng.internal.invokers.TestInvoker.invokeMethod(TestInvoker.java:677)
at org.testng.internal.invokers.TestInvoker.invokeTestMethod(TestInvoker.java:221)
at org.testng.internal.invokers.MethodRunner.runInSequence(MethodRunner.java:50)
at org.testng.internal.invokers.TestInvoker$MethodInvocationAgent.invoke(TestInvoker.java:962)
at org.testng.internal.invokers.TestInvoker.invokeTestMethods(TestInvoker.java:194)
at org.testng.internal.invokers.TestMethodWorker.invokeTestMethods(TestMethodWorker.java:148)
at org.testng.internal.invokers.TestMethodWorker.run(TestMethodWorker.java:128)
at java.base/java.util.ArrayList.forEach(ArrayList.java:1511)
at org.testng.TestRunner.privateRun(TestRunner.java:806)
at org.testng.TestRunner.run(TestRunner.java:601)
at org.testng.SuiteRunner.runTest(SuiteRunner.java:433)
at org.testng.SuiteRunner.runSequentially(SuiteRunner.java:427)
at org.testng.SuiteRunner.privateRun(SuiteRunner.java:387)
at org.testng.SuiteRunner.run(SuiteRunner.java:330)
at org.testng.SuiteRunnerWorker.runSuite(SuiteRunnerWorker.java:52)
at org.testng.SuiteRunnerWorker.run(SuiteRunnerWorker.java:95)
at org.testng.TestNG.runSuitesSequentially(TestNG.java:1256)
at org.testng.TestNG.runSuitesLocally(TestNG.java:1176)
at org.testng.TestNG.runSuites(TestNG.java:1099)
at org.testng.TestNG.run(TestNG.java:1067)
at org.testng.remote.AbstractRemoteTestNG.run(AbstractRemoteTestNG.java:115)
at org.testng.remote.RemoteTestNG.initAndRun(RemoteTestNG.java:251)
at org.testng.remote.RemoteTestNG.main(RemoteTestNG.java:77)
]]>
            </full-stacktrace>
          </exception> <!-- org.openqa.selenium.NoSuchElementException -->
          <reporter-output>
          </reporter-output>
        </test-method> <!-- AddManagementAssignment1 -->
        <test-method is-config="true" signature="browserClosing()[pri:0, instance:comapnyAdminTest.CompanyAdminCriticalTestCases@60099951]" started-at="2024-09-10T00:16:30 IST" name="browserClosing" finished-at="2024-09-10T00:16:36 IST" duration-ms="5457" status="PASS">
          <reporter-output>
          </reporter-output>
        </test-method> <!-- browserClosing -->
        <test-method is-config="true" signature="Login()[pri:0, instance:comapnyAdminTest.CompanyAdminCriticalTestCases@60099951]" started-at="2024-09-10T00:16:36 IST" name="Login" finished-at="2024-09-10T00:17:02 IST" duration-ms="26077" status="PASS">
          <reporter-output>
          </reporter-output>
        </test-method> <!-- Login -->
        <test-method signature="DeleteMA()[pri:19, instance:comapnyAdminTest.CompanyAdminCriticalTestCases@60099951]" started-at="2024-09-10T00:17:02 IST" name="DeleteMA" finished-at="2024-09-10T00:17:26 IST" duration-ms="23977" status="PASS">
          <reporter-output>
          </reporter-output>
        </test-method> <!-- DeleteMA -->
        <test-method is-config="true" signature="browserClosing()[pri:0, instance:comapnyAdminTest.CompanyAdminCriticalTestCases@60099951]" started-at="2024-09-10T00:17:26 IST" name="browserClosing" finished-at="2024-09-10T00:17:31 IST" duration-ms="5484" status="PASS">
          <reporter-output>
          </reporter-output>
        </test-method> <!-- browserClosing -->
        <test-method is-config="true" signature="Login()[pri:0, instance:comapnyAdminTest.CompanyAdminCriticalTestCases@60099951]" started-at="2024-09-10T00:17:31 IST" name="Login" finished-at="2024-09-10T00:17:53 IST" duration-ms="22356" status="PASS">
          <reporter-output>
          </reporter-output>
        </test-method> <!-- Login -->
        <test-method signature="AddProject1()[pri:20, instance:comapnyAdminTest.CompanyAdminCriticalTestCases@60099951]" started-at="2024-09-10T00:17:53 IST" name="AddProject1" finished-at="2024-09-10T00:19:19 IST" duration-ms="85649" status="FAIL">
          <exception class="org.openqa.selenium.NoSuchElementException">
            <message>
              <![CDATA[no such element: Unable to locate element: {"method":"xpath","selector":"//div[@class='k-animation-container']//div//ul[@class='k-group']//li[3]//span/span"}
  (Session info: chrome=128.0.6613.120)
For documentation on this error, please visit: http://seleniumhq.org/exceptions/no_such_element.html
Build info: version: '3.141.0', revision: '2ecb7d9a', time: '2018-10-31T20:09:30'
System info: host: 'TRPL-PUN-0125', ip: '192.168.5.61', os.name: 'Windows 10', os.arch: 'amd64', os.version: '10.0', java.version: '17.0.9'
Driver info: org.openqa.selenium.chrome.ChromeDriver
Capabilities {acceptInsecureCerts: false, browserName: chrome, browserVersion: 128.0.6613.120, chrome: {chromedriverVersion: 127.0.6533.57 (d4459446bf8a..., userDataDir: C:\Users\shitalb\AppData\Lo...}, fedcm:accounts: true, goog:chromeOptions: {debuggerAddress: localhost:56766}, javascriptEnabled: true, networkConnectionEnabled: false, pageLoadStrategy: normal, platform: WINDOWS, platformName: WINDOWS, proxy: Proxy(), setWindowRect: true, strictFileInteractability: false, timeouts: {implicit: 0, pageLoad: 300000, script: 30000}, unhandledPromptBehavior: dismiss and notify, webauthn:extension:credBlob: true, webauthn:extension:largeBlob: true, webauthn:extension:minPinLength: true, webauthn:extension:prf: true, webauthn:virtualAuthenticators: true}
Session ID: 8597880b8ecd3387def9181262146411
*** Element info: {Using=xpath, value=//div[@class='k-animation-container']//div//ul[@class='k-group']//li[3]//span/span}]]>
            </message>
            <full-stacktrace>
              <![CDATA[org.openqa.selenium.NoSuchElementException: no such element: Unable to locate element: {"method":"xpath","selector":"//div[@class='k-animation-container']//div//ul[@class='k-group']//li[3]//span/span"}
  (Session info: chrome=128.0.6613.120)
For documentation on this error, please visit: http://seleniumhq.org/exceptions/no_such_element.html
Build info: version: '3.141.0', revision: '2ecb7d9a', time: '2018-10-31T20:09:30'
System info: host: 'TRPL-PUN-0125', ip: '192.168.5.61', os.name: 'Windows 10', os.arch: 'amd64', os.version: '10.0', java.version: '17.0.9'
Driver info: org.openqa.selenium.chrome.ChromeDriver
Capabilities {acceptInsecureCerts: false, browserName: chrome, browserVersion: 128.0.6613.120, chrome: {chromedriverVersion: 127.0.6533.57 (d4459446bf8a..., userDataDir: C:\Users\shitalb\AppData\Lo...}, fedcm:accounts: true, goog:chromeOptions: {debuggerAddress: localhost:56766}, javascriptEnabled: true, networkConnectionEnabled: false, pageLoadStrategy: normal, platform: WINDOWS, platformName: WINDOWS, proxy: Proxy(), setWindowRect: true, strictFileInteractability: false, timeouts: {implicit: 0, pageLoad: 300000, script: 30000}, unhandledPromptBehavior: dismiss and notify, webauthn:extension:credBlob: true, webauthn:extension:largeBlob: true, webauthn:extension:minPinLength: true, webauthn:extension:prf: true, webauthn:virtualAuthenticators: true}
Session ID: 8597880b8ecd3387def9181262146411
*** Element info: {Using=xpath, value=//div[@class='k-animation-container']//div//ul[@class='k-group']//li[3]//span/span}
at java.base/jdk.internal.reflect.NativeConstructorAccessorImpl.newInstance0(Native Method)
at java.base/jdk.internal.reflect.NativeConstructorAccessorImpl.newInstance(NativeConstructorAccessorImpl.java:77)
at java.base/jdk.internal.reflect.DelegatingConstructorAccessorImpl.newInstance(DelegatingConstructorAccessorImpl.java:45)
at java.base/java.lang.reflect.Constructor.newInstanceWithCaller(Constructor.java:499)
at java.base/java.lang.reflect.Constructor.newInstance(Constructor.java:480)
at org.openqa.selenium.remote.http.W3CHttpResponseCodec.createException(W3CHttpResponseCodec.java:187)
at org.openqa.selenium.remote.http.W3CHttpResponseCodec.decode(W3CHttpResponseCodec.java:122)
at org.openqa.selenium.remote.http.W3CHttpResponseCodec.decode(W3CHttpResponseCodec.java:49)
at org.openqa.selenium.remote.HttpCommandExecutor.execute(HttpCommandExecutor.java:158)
at org.openqa.selenium.remote.service.DriverCommandExecutor.execute(DriverCommandExecutor.java:83)
at org.openqa.selenium.remote.RemoteWebDriver.execute(RemoteWebDriver.java:552)
at org.openqa.selenium.remote.RemoteWebDriver.findElement(RemoteWebDriver.java:323)
at org.openqa.selenium.remote.RemoteWebDriver.findElementByXPath(RemoteWebDriver.java:428)
at org.openqa.selenium.By$ByXPath.findElement(By.java:353)
at org.openqa.selenium.remote.RemoteWebDriver.findElement(RemoteWebDriver.java:315)
at companyAdmin.Locator.LocationPDropDown(Locator.java:2042)
at companyAdmin.CriticalMethod.AddProject(CriticalMethod.java:1938)
at comapnyAdminTest.CompanyAdminCriticalTestCases.AddProject1(CompanyAdminCriticalTestCases.java:376)
at java.base/jdk.internal.reflect.NativeMethodAccessorImpl.invoke0(Native Method)
at java.base/jdk.internal.reflect.NativeMethodAccessorImpl.invoke(NativeMethodAccessorImpl.java:77)
at java.base/jdk.internal.reflect.DelegatingMethodAccessorImpl.invoke(DelegatingMethodAccessorImpl.java:43)
at java.base/java.lang.reflect.Method.invoke(Method.java:568)
at org.testng.internal.invokers.MethodInvocationHelper.invokeMethod(MethodInvocationHelper.java:139)
at org.testng.internal.invokers.TestInvoker.invokeMethod(TestInvoker.java:677)
at org.testng.internal.invokers.TestInvoker.invokeTestMethod(TestInvoker.java:221)
at org.testng.internal.invokers.MethodRunner.runInSequence(MethodRunner.java:50)
at org.testng.internal.invokers.TestInvoker$MethodInvocationAgent.invoke(TestInvoker.java:962)
at org.testng.internal.invokers.TestInvoker.invokeTestMethods(TestInvoker.java:194)
at org.testng.internal.invokers.TestMethodWorker.invokeTestMethods(TestMethodWorker.java:148)
at org.testng.internal.invokers.TestMethodWorker.run(TestMethodWorker.java:128)
at java.base/java.util.ArrayList.forEach(ArrayList.java:1511)
at org.testng.TestRunner.privateRun(TestRunner.java:806)
at org.testng.TestRunner.run(TestRunner.java:601)
at org.testng.SuiteRunner.runTest(SuiteRunner.java:433)
at org.testng.SuiteRunner.runSequentially(SuiteRunner.java:427)
at org.testng.SuiteRunner.privateRun(SuiteRunner.java:387)
at org.testng.SuiteRunner.run(SuiteRunner.java:330)
at org.testng.SuiteRunnerWorker.runSuite(SuiteRunnerWorker.java:52)
at org.testng.SuiteRunnerWorker.run(SuiteRunnerWorker.java:95)
at org.testng.TestNG.runSuitesSequentially(TestNG.java:1256)
at org.testng.TestNG.runSuitesLocally(TestNG.java:1176)
at org.testng.TestNG.runSuites(TestNG.java:1099)
at org.testng.TestNG.run(TestNG.java:1067)
at org.testng.remote.AbstractRemoteTestNG.run(AbstractRemoteTestNG.java:115)
at org.testng.remote.RemoteTestNG.initAndRun(RemoteTestNG.java:251)
at org.testng.remote.RemoteTestNG.main(RemoteTestNG.java:77)
]]>
            </full-stacktrace>
          </exception> <!-- org.openqa.selenium.NoSuchElementException -->
          <reporter-output>
          </reporter-output>
        </test-method> <!-- AddProject1 -->
        <test-method is-config="true" signature="browserClosing()[pri:0, instance:comapnyAdminTest.CompanyAdminCriticalTestCases@60099951]" started-at="2024-09-10T00:19:19 IST" name="browserClosing" finished-at="2024-09-10T00:19:24 IST" duration-ms="5409" status="PASS">
          <reporter-output>
          </reporter-output>
        </test-method> <!-- browserClosing -->
        <test-method is-config="true" signature="Login()[pri:0, instance:comapnyAdminTest.CompanyAdminCriticalTestCases@60099951]" started-at="2024-09-10T00:19:24 IST" name="Login" finished-at="2024-09-10T00:19:47 IST" duration-ms="22550" status="PASS">
          <reporter-output>
          </reporter-output>
        </test-method> <!-- Login -->
        <test-method signature="AddLicence1()[pri:21, instance:comapnyAdminTest.CompanyAdminCriticalTestCases@60099951]" started-at="2024-09-10T00:19:47 IST" name="AddLicence1" finished-at="2024-09-10T00:20:59 IST" duration-ms="71830" status="PASS">
          <reporter-output>
          </reporter-output>
        </test-method> <!-- AddLicence1 -->
        <test-method is-config="true" signature="browserClosing()[pri:0, instance:comapnyAdminTest.CompanyAdminCriticalTestCases@60099951]" started-at="2024-09-10T00:20:59 IST" name="browserClosing" finished-at="2024-09-10T00:21:04 IST" duration-ms="5485" status="PASS">
          <reporter-output>
          </reporter-output>
        </test-method> <!-- browserClosing -->
        <test-method is-config="true" signature="Login()[pri:0, instance:comapnyAdminTest.CompanyAdminCriticalTestCases@60099951]" started-at="2024-09-10T00:21:04 IST" name="Login" finished-at="2024-09-10T00:21:27 IST" duration-ms="22166" status="PASS">
          <reporter-output>
          </reporter-output>
        </test-method> <!-- Login -->
        <test-method signature="UpdateProject1()[pri:22, instance:comapnyAdminTest.CompanyAdminCriticalTestCases@60099951]" started-at="2024-09-10T00:21:27 IST" name="UpdateProject1" finished-at="2024-09-10T00:22:47 IST" duration-ms="80051" status="FAIL">
          <exception class="org.openqa.selenium.NoSuchElementException">
            <message>
              <![CDATA[no such element: Unable to locate element: {"method":"xpath","selector":"//div[@class='k-animation-container']//div//ul[@class='k-group']//li[3]//span/span"}
  (Session info: chrome=128.0.6613.120)
For documentation on this error, please visit: http://seleniumhq.org/exceptions/no_such_element.html
Build info: version: '3.141.0', revision: '2ecb7d9a', time: '2018-10-31T20:09:30'
System info: host: 'TRPL-PUN-0125', ip: '192.168.5.61', os.name: 'Windows 10', os.arch: 'amd64', os.version: '10.0', java.version: '17.0.9'
Driver info: org.openqa.selenium.chrome.ChromeDriver
Capabilities {acceptInsecureCerts: false, browserName: chrome, browserVersion: 128.0.6613.120, chrome: {chromedriverVersion: 127.0.6533.57 (d4459446bf8a..., userDataDir: C:\Users\shitalb\AppData\Lo...}, fedcm:accounts: true, goog:chromeOptions: {debuggerAddress: localhost:56872}, javascriptEnabled: true, networkConnectionEnabled: false, pageLoadStrategy: normal, platform: WINDOWS, platformName: WINDOWS, proxy: Proxy(), setWindowRect: true, strictFileInteractability: false, timeouts: {implicit: 0, pageLoad: 300000, script: 30000}, unhandledPromptBehavior: dismiss and notify, webauthn:extension:credBlob: true, webauthn:extension:largeBlob: true, webauthn:extension:minPinLength: true, webauthn:extension:prf: true, webauthn:virtualAuthenticators: true}
Session ID: 2772515c4b908ee4d86bca258183d01d
*** Element info: {Using=xpath, value=//div[@class='k-animation-container']//div//ul[@class='k-group']//li[3]//span/span}]]>
            </message>
            <full-stacktrace>
              <![CDATA[org.openqa.selenium.NoSuchElementException: no such element: Unable to locate element: {"method":"xpath","selector":"//div[@class='k-animation-container']//div//ul[@class='k-group']//li[3]//span/span"}
  (Session info: chrome=128.0.6613.120)
For documentation on this error, please visit: http://seleniumhq.org/exceptions/no_such_element.html
Build info: version: '3.141.0', revision: '2ecb7d9a', time: '2018-10-31T20:09:30'
System info: host: 'TRPL-PUN-0125', ip: '192.168.5.61', os.name: 'Windows 10', os.arch: 'amd64', os.version: '10.0', java.version: '17.0.9'
Driver info: org.openqa.selenium.chrome.ChromeDriver
Capabilities {acceptInsecureCerts: false, browserName: chrome, browserVersion: 128.0.6613.120, chrome: {chromedriverVersion: 127.0.6533.57 (d4459446bf8a..., userDataDir: C:\Users\shitalb\AppData\Lo...}, fedcm:accounts: true, goog:chromeOptions: {debuggerAddress: localhost:56872}, javascriptEnabled: true, networkConnectionEnabled: false, pageLoadStrategy: normal, platform: WINDOWS, platformName: WINDOWS, proxy: Proxy(), setWindowRect: true, strictFileInteractability: false, timeouts: {implicit: 0, pageLoad: 300000, script: 30000}, unhandledPromptBehavior: dismiss and notify, webauthn:extension:credBlob: true, webauthn:extension:largeBlob: true, webauthn:extension:minPinLength: true, webauthn:extension:prf: true, webauthn:virtualAuthenticators: true}
Session ID: 2772515c4b908ee4d86bca258183d01d
*** Element info: {Using=xpath, value=//div[@class='k-animation-container']//div//ul[@class='k-group']//li[3]//span/span}
at java.base/jdk.internal.reflect.NativeConstructorAccessorImpl.newInstance0(Native Method)
at java.base/jdk.internal.reflect.NativeConstructorAccessorImpl.newInstance(NativeConstructorAccessorImpl.java:77)
at java.base/jdk.internal.reflect.DelegatingConstructorAccessorImpl.newInstance(DelegatingConstructorAccessorImpl.java:45)
at java.base/java.lang.reflect.Constructor.newInstanceWithCaller(Constructor.java:499)
at java.base/java.lang.reflect.Constructor.newInstance(Constructor.java:480)
at org.openqa.selenium.remote.http.W3CHttpResponseCodec.createException(W3CHttpResponseCodec.java:187)
at org.openqa.selenium.remote.http.W3CHttpResponseCodec.decode(W3CHttpResponseCodec.java:122)
at org.openqa.selenium.remote.http.W3CHttpResponseCodec.decode(W3CHttpResponseCodec.java:49)
at org.openqa.selenium.remote.HttpCommandExecutor.execute(HttpCommandExecutor.java:158)
at org.openqa.selenium.remote.service.DriverCommandExecutor.execute(DriverCommandExecutor.java:83)
at org.openqa.selenium.remote.RemoteWebDriver.execute(RemoteWebDriver.java:552)
at org.openqa.selenium.remote.RemoteWebDriver.findElement(RemoteWebDriver.java:323)
at org.openqa.selenium.remote.RemoteWebDriver.findElementByXPath(RemoteWebDriver.java:428)
at org.openqa.selenium.By$ByXPath.findElement(By.java:353)
at org.openqa.selenium.remote.RemoteWebDriver.findElement(RemoteWebDriver.java:315)
at companyAdmin.Locator.LocationPDropDown(Locator.java:2042)
at companyAdmin.CriticalMethod.UpdateProject(CriticalMethod.java:2169)
at comapnyAdminTest.CompanyAdminCriticalTestCases.UpdateProject1(CompanyAdminCriticalTestCases.java:402)
at java.base/jdk.internal.reflect.NativeMethodAccessorImpl.invoke0(Native Method)
at java.base/jdk.internal.reflect.NativeMethodAccessorImpl.invoke(NativeMethodAccessorImpl.java:77)
at java.base/jdk.internal.reflect.DelegatingMethodAccessorImpl.invoke(DelegatingMethodAccessorImpl.java:43)
at java.base/java.lang.reflect.Method.invoke(Method.java:568)
at org.testng.internal.invokers.MethodInvocationHelper.invokeMethod(MethodInvocationHelper.java:139)
at org.testng.internal.invokers.TestInvoker.invokeMethod(TestInvoker.java:677)
at org.testng.internal.invokers.TestInvoker.invokeTestMethod(TestInvoker.java:221)
at org.testng.internal.invokers.MethodRunner.runInSequence(MethodRunner.java:50)
at org.testng.internal.invokers.TestInvoker$MethodInvocationAgent.invoke(TestInvoker.java:962)
at org.testng.internal.invokers.TestInvoker.invokeTestMethods(TestInvoker.java:194)
at org.testng.internal.invokers.TestMethodWorker.invokeTestMethods(TestMethodWorker.java:148)
at org.testng.internal.invokers.TestMethodWorker.run(TestMethodWorker.java:128)
at java.base/java.util.ArrayList.forEach(ArrayList.java:1511)
at org.testng.TestRunner.privateRun(TestRunner.java:806)
at org.testng.TestRunner.run(TestRunner.java:601)
at org.testng.SuiteRunner.runTest(SuiteRunner.java:433)
at org.testng.SuiteRunner.runSequentially(SuiteRunner.java:427)
at org.testng.SuiteRunner.privateRun(SuiteRunner.java:387)
at org.testng.SuiteRunner.run(SuiteRunner.java:330)
at org.testng.SuiteRunnerWorker.runSuite(SuiteRunnerWorker.java:52)
at org.testng.SuiteRunnerWorker.run(SuiteRunnerWorker.java:95)
at org.testng.TestNG.runSuitesSequentially(TestNG.java:1256)
at org.testng.TestNG.runSuitesLocally(TestNG.java:1176)
at org.testng.TestNG.runSuites(TestNG.java:1099)
at org.testng.TestNG.run(TestNG.java:1067)
at org.testng.remote.AbstractRemoteTestNG.run(AbstractRemoteTestNG.java:115)
at org.testng.remote.RemoteTestNG.initAndRun(RemoteTestNG.java:251)
at org.testng.remote.RemoteTestNG.main(RemoteTestNG.java:77)
]]>
            </full-stacktrace>
          </exception> <!-- org.openqa.selenium.NoSuchElementException -->
          <reporter-output>
          </reporter-output>
        </test-method> <!-- UpdateProject1 -->
        <test-method is-config="true" signature="browserClosing()[pri:0, instance:comapnyAdminTest.CompanyAdminCriticalTestCases@60099951]" started-at="2024-09-10T00:22:47 IST" name="browserClosing" finished-at="2024-09-10T00:22:52 IST" duration-ms="5459" status="PASS">
          <reporter-output>
          </reporter-output>
        </test-method> <!-- browserClosing -->
        <test-method is-config="true" signature="Login()[pri:0, instance:comapnyAdminTest.CompanyAdminCriticalTestCases@60099951]" started-at="2024-09-10T00:22:52 IST" name="Login" finished-at="2024-09-10T00:23:18 IST" duration-ms="25767" status="PASS">
          <reporter-output>
          </reporter-output>
        </test-method> <!-- Login -->
        <test-method signature="DeleteProject1()[pri:23, instance:comapnyAdminTest.CompanyAdminCriticalTestCases@60099951]" started-at="2024-09-10T00:23:18 IST" name="DeleteProject1" finished-at="2024-09-10T00:23:45 IST" duration-ms="27651" status="PASS">
          <reporter-output>
          </reporter-output>
        </test-method> <!-- DeleteProject1 -->
        <test-method is-config="true" signature="browserClosing()[pri:0, instance:comapnyAdminTest.CompanyAdminCriticalTestCases@60099951]" started-at="2024-09-10T00:23:45 IST" name="browserClosing" finished-at="2024-09-10T00:23:51 IST" duration-ms="5431" status="PASS">
          <reporter-output>
          </reporter-output>
        </test-method> <!-- browserClosing -->
        <test-method is-config="true" signature="Login()[pri:0, instance:comapnyAdminTest.CompanyAdminCriticalTestCases@60099951]" started-at="2024-09-10T00:23:51 IST" name="Login" finished-at="2024-09-10T00:24:16 IST" duration-ms="24885" status="PASS">
          <reporter-output>
          </reporter-output>
        </test-method> <!-- Login -->
        <test-method signature="UploadProject1()[pri:24, instance:comapnyAdminTest.CompanyAdminCriticalTestCases@60099951]" started-at="2024-09-10T00:24:16 IST" name="UploadProject1" finished-at="2024-09-10T00:24:45 IST" duration-ms="29065" status="PASS">
          <reporter-output>
          </reporter-output>
        </test-method> <!-- UploadProject1 -->
        <test-method is-config="true" signature="browserClosing()[pri:0, instance:comapnyAdminTest.CompanyAdminCriticalTestCases@60099951]" started-at="2024-09-10T00:24:45 IST" name="browserClosing" finished-at="2024-09-10T00:24:50 IST" duration-ms="5463" status="PASS">
          <reporter-output>
          </reporter-output>
        </test-method> <!-- browserClosing -->
        <test-method is-config="true" signature="Login()[pri:0, instance:comapnyAdminTest.CompanyAdminCriticalTestCases@60099951]" started-at="2024-09-10T00:24:50 IST" name="Login" finished-at="2024-09-10T00:25:16 IST" duration-ms="25878" status="PASS">
          <reporter-output>
          </reporter-output>
        </test-method> <!-- Login -->
        <test-method signature="ProjectClearButton1()[pri:25, instance:comapnyAdminTest.CompanyAdminCriticalTestCases@60099951]" started-at="2024-09-10T00:25:16 IST" name="ProjectClearButton1" finished-at="2024-09-10T00:25:32 IST" duration-ms="16267" status="PASS">
          <reporter-output>
          </reporter-output>
        </test-method> <!-- ProjectClearButton1 -->
        <test-method is-config="true" signature="browserClosing()[pri:0, instance:comapnyAdminTest.CompanyAdminCriticalTestCases@60099951]" started-at="2024-09-10T00:25:32 IST" name="browserClosing" finished-at="2024-09-10T00:25:38 IST" duration-ms="5453" status="PASS">
          <reporter-output>
          </reporter-output>
        </test-method> <!-- browserClosing -->
        <test-method is-config="true" signature="Login()[pri:0, instance:comapnyAdminTest.CompanyAdminCriticalTestCases@60099951]" started-at="2024-09-10T00:25:38 IST" name="Login" finished-at="2024-09-10T00:26:04 IST" duration-ms="26487" status="PASS">
          <reporter-output>
          </reporter-output>
        </test-method> <!-- Login -->
        <test-method signature="MapNewProje1ct()[pri:26, instance:comapnyAdminTest.CompanyAdminCriticalTestCases@60099951]" started-at="2024-09-10T00:26:04 IST" name="MapNewProje1ct" finished-at="2024-09-10T00:27:15 IST" duration-ms="70825" status="PASS">
          <reporter-output>
          </reporter-output>
        </test-method> <!-- MapNewProje1ct -->
        <test-method is-config="true" signature="browserClosing()[pri:0, instance:comapnyAdminTest.CompanyAdminCriticalTestCases@60099951]" started-at="2024-09-10T00:27:15 IST" name="browserClosing" finished-at="2024-09-10T00:27:21 IST" duration-ms="5530" status="PASS">
          <reporter-output>
          </reporter-output>
        </test-method> <!-- browserClosing -->
        <test-method is-config="true" signature="Login()[pri:0, instance:comapnyAdminTest.CompanyAdminCriticalTestCases@60099951]" started-at="2024-09-10T00:27:21 IST" name="Login" finished-at="2024-09-10T00:28:02 IST" duration-ms="41274" status="PASS">
          <reporter-output>
          </reporter-output>
        </test-method> <!-- Login -->
        <test-method signature="CTContractorAdd1()[pri:27, instance:comapnyAdminTest.CompanyAdminCriticalTestCases@60099951]" started-at="2024-09-10T00:28:02 IST" name="CTContractorAdd1" finished-at="2024-09-10T00:29:02 IST" duration-ms="59719" status="PASS">
          <reporter-output>
          </reporter-output>
        </test-method> <!-- CTContractorAdd1 -->
        <test-method is-config="true" signature="browserClosing()[pri:0, instance:comapnyAdminTest.CompanyAdminCriticalTestCases@60099951]" started-at="2024-09-10T00:29:02 IST" name="browserClosing" finished-at="2024-09-10T00:29:07 IST" duration-ms="5539" status="PASS">
          <reporter-output>
          </reporter-output>
        </test-method> <!-- browserClosing -->
        <test-method is-config="true" signature="Login()[pri:0, instance:comapnyAdminTest.CompanyAdminCriticalTestCases@60099951]" started-at="2024-09-10T00:29:07 IST" name="Login" finished-at="2024-09-10T00:29:32 IST" duration-ms="25133" status="PASS">
          <reporter-output>
          </reporter-output>
        </test-method> <!-- Login -->
        <test-method signature="UpdateContractorCT1()[pri:28, instance:comapnyAdminTest.CompanyAdminCriticalTestCases@60099951]" started-at="2024-09-10T00:29:32 IST" name="UpdateContractorCT1" finished-at="2024-09-10T00:30:53 IST" duration-ms="81006" status="PASS">
          <reporter-output>
          </reporter-output>
        </test-method> <!-- UpdateContractorCT1 -->
        <test-method is-config="true" signature="browserClosing()[pri:0, instance:comapnyAdminTest.CompanyAdminCriticalTestCases@60099951]" started-at="2024-09-10T00:30:53 IST" name="browserClosing" finished-at="2024-09-10T00:30:59 IST" duration-ms="5464" status="PASS">
          <reporter-output>
          </reporter-output>
        </test-method> <!-- browserClosing -->
        <test-method is-config="true" signature="Login()[pri:0, instance:comapnyAdminTest.CompanyAdminCriticalTestCases@60099951]" started-at="2024-09-10T00:30:59 IST" name="Login" finished-at="2024-09-10T00:31:22 IST" duration-ms="23471" status="PASS">
          <reporter-output>
          </reporter-output>
        </test-method> <!-- Login -->
        <test-method signature="ExportButton()[pri:29, instance:comapnyAdminTest.CompanyAdminCriticalTestCases@60099951]" started-at="2024-09-10T00:31:22 IST" name="ExportButton" finished-at="2024-09-10T00:31:37 IST" duration-ms="15025" status="PASS">
          <reporter-output>
          </reporter-output>
        </test-method> <!-- ExportButton -->
        <test-method is-config="true" signature="browserClosing()[pri:0, instance:comapnyAdminTest.CompanyAdminCriticalTestCases@60099951]" started-at="2024-09-10T00:31:37 IST" name="browserClosing" finished-at="2024-09-10T00:31:43 IST" duration-ms="5542" status="PASS">
          <reporter-output>
          </reporter-output>
        </test-method> <!-- browserClosing -->
        <test-method is-config="true" signature="Login()[pri:0, instance:comapnyAdminTest.CompanyAdminCriticalTestCases@60099951]" started-at="2024-09-10T00:31:43 IST" name="Login" finished-at="2024-09-10T00:32:20 IST" duration-ms="37380" status="PASS">
          <reporter-output>
          </reporter-output>
        </test-method> <!-- Login -->
        <test-method signature="ClearButtonCTCC1()[pri:30, instance:comapnyAdminTest.CompanyAdminCriticalTestCases@60099951]" started-at="2024-09-10T00:32:20 IST" name="ClearButtonCTCC1" finished-at="2024-09-10T00:32:42 IST" duration-ms="21532" status="PASS">
          <reporter-output>
          </reporter-output>
        </test-method> <!-- ClearButtonCTCC1 -->
        <test-method is-config="true" signature="browserClosing()[pri:0, instance:comapnyAdminTest.CompanyAdminCriticalTestCases@60099951]" started-at="2024-09-10T00:32:42 IST" name="browserClosing" finished-at="2024-09-10T00:32:47 IST" duration-ms="5523" status="PASS">
          <reporter-output>
          </reporter-output>
        </test-method> <!-- browserClosing -->
        <test-method is-config="true" signature="Login()[pri:0, instance:comapnyAdminTest.CompanyAdminCriticalTestCases@60099951]" started-at="2024-09-10T00:32:47 IST" name="Login" finished-at="2024-09-10T00:33:18 IST" duration-ms="31056" status="PASS">
          <reporter-output>
          </reporter-output>
        </test-method> <!-- Login -->
        <test-method signature="UploadContractorCT1()[pri:31, instance:comapnyAdminTest.CompanyAdminCriticalTestCases@60099951]" started-at="2024-09-10T00:33:18 IST" name="UploadContractorCT1" finished-at="2024-09-10T00:34:04 IST" duration-ms="45652" status="FAIL">
          <exception class="org.openqa.selenium.ElementNotInteractableException">
            <message>
              <![CDATA[element not interactable
  (Session info: chrome=128.0.6613.120)
Build info: version: '3.141.0', revision: '2ecb7d9a', time: '2018-10-31T20:09:30'
System info: host: 'TRPL-PUN-0125', ip: '192.168.5.61', os.name: 'Windows 10', os.arch: 'amd64', os.version: '10.0', java.version: '17.0.9'
Driver info: org.openqa.selenium.chrome.ChromeDriver
Capabilities {acceptInsecureCerts: false, browserName: chrome, browserVersion: 128.0.6613.120, chrome: {chromedriverVersion: 127.0.6533.57 (d4459446bf8a..., userDataDir: C:\Users\shitalb\AppData\Lo...}, fedcm:accounts: true, goog:chromeOptions: {debuggerAddress: localhost:57373}, javascriptEnabled: true, networkConnectionEnabled: false, pageLoadStrategy: normal, platform: WINDOWS, platformName: WINDOWS, proxy: Proxy(), setWindowRect: true, strictFileInteractability: false, timeouts: {implicit: 0, pageLoad: 300000, script: 30000}, unhandledPromptBehavior: dismiss and notify, webauthn:extension:credBlob: true, webauthn:extension:largeBlob: true, webauthn:extension:minPinLength: true, webauthn:extension:prf: true, webauthn:virtualAuthenticators: true}
Session ID: 18ada3372727fde21b2cc12197fc79f3]]>
            </message>
            <full-stacktrace>
              <![CDATA[org.openqa.selenium.ElementNotInteractableException: element not interactable
  (Session info: chrome=128.0.6613.120)
Build info: version: '3.141.0', revision: '2ecb7d9a', time: '2018-10-31T20:09:30'
System info: host: 'TRPL-PUN-0125', ip: '192.168.5.61', os.name: 'Windows 10', os.arch: 'amd64', os.version: '10.0', java.version: '17.0.9'
Driver info: org.openqa.selenium.chrome.ChromeDriver
Capabilities {acceptInsecureCerts: false, browserName: chrome, browserVersion: 128.0.6613.120, chrome: {chromedriverVersion: 127.0.6533.57 (d4459446bf8a..., userDataDir: C:\Users\shitalb\AppData\Lo...}, fedcm:accounts: true, goog:chromeOptions: {debuggerAddress: localhost:57373}, javascriptEnabled: true, networkConnectionEnabled: false, pageLoadStrategy: normal, platform: WINDOWS, platformName: WINDOWS, proxy: Proxy(), setWindowRect: true, strictFileInteractability: false, timeouts: {implicit: 0, pageLoad: 300000, script: 30000}, unhandledPromptBehavior: dismiss and notify, webauthn:extension:credBlob: true, webauthn:extension:largeBlob: true, webauthn:extension:minPinLength: true, webauthn:extension:prf: true, webauthn:virtualAuthenticators: true}
Session ID: 18ada3372727fde21b2cc12197fc79f3
at java.base/jdk.internal.reflect.NativeConstructorAccessorImpl.newInstance0(Native Method)
at java.base/jdk.internal.reflect.NativeConstructorAccessorImpl.newInstance(NativeConstructorAccessorImpl.java:77)
at java.base/jdk.internal.reflect.DelegatingConstructorAccessorImpl.newInstance(DelegatingConstructorAccessorImpl.java:45)
at java.base/java.lang.reflect.Constructor.newInstanceWithCaller(Constructor.java:499)
at java.base/java.lang.reflect.Constructor.newInstance(Constructor.java:480)
at org.openqa.selenium.remote.http.W3CHttpResponseCodec.createException(W3CHttpResponseCodec.java:187)
at org.openqa.selenium.remote.http.W3CHttpResponseCodec.decode(W3CHttpResponseCodec.java:122)
at org.openqa.selenium.remote.http.W3CHttpResponseCodec.decode(W3CHttpResponseCodec.java:49)
at org.openqa.selenium.remote.HttpCommandExecutor.execute(HttpCommandExecutor.java:158)
at org.openqa.selenium.remote.service.DriverCommandExecutor.execute(DriverCommandExecutor.java:83)
at org.openqa.selenium.remote.RemoteWebDriver.execute(RemoteWebDriver.java:552)
at org.openqa.selenium.remote.RemoteWebElement.execute(RemoteWebElement.java:285)
at org.openqa.selenium.remote.RemoteWebElement.click(RemoteWebElement.java:84)
at companyAdmin.CriticalMethod.UploadContractorCT(CriticalMethod.java:2943)
at comapnyAdminTest.CompanyAdminCriticalTestCases.UploadContractorCT1(CompanyAdminCriticalTestCases.java:524)
at java.base/jdk.internal.reflect.NativeMethodAccessorImpl.invoke0(Native Method)
at java.base/jdk.internal.reflect.NativeMethodAccessorImpl.invoke(NativeMethodAccessorImpl.java:77)
at java.base/jdk.internal.reflect.DelegatingMethodAccessorImpl.invoke(DelegatingMethodAccessorImpl.java:43)
at java.base/java.lang.reflect.Method.invoke(Method.java:568)
at org.testng.internal.invokers.MethodInvocationHelper.invokeMethod(MethodInvocationHelper.java:139)
at org.testng.internal.invokers.TestInvoker.invokeMethod(TestInvoker.java:677)
at org.testng.internal.invokers.TestInvoker.invokeTestMethod(TestInvoker.java:221)
at org.testng.internal.invokers.MethodRunner.runInSequence(MethodRunner.java:50)
at org.testng.internal.invokers.TestInvoker$MethodInvocationAgent.invoke(TestInvoker.java:962)
at org.testng.internal.invokers.TestInvoker.invokeTestMethods(TestInvoker.java:194)
at org.testng.internal.invokers.TestMethodWorker.invokeTestMethods(TestMethodWorker.java:148)
at org.testng.internal.invokers.TestMethodWorker.run(TestMethodWorker.java:128)
at java.base/java.util.ArrayList.forEach(ArrayList.java:1511)
at org.testng.TestRunner.privateRun(TestRunner.java:806)
at org.testng.TestRunner.run(TestRunner.java:601)
at org.testng.SuiteRunner.runTest(SuiteRunner.java:433)
at org.testng.SuiteRunner.runSequentially(SuiteRunner.java:427)
at org.testng.SuiteRunner.privateRun(SuiteRunner.java:387)
at org.testng.SuiteRunner.run(SuiteRunner.java:330)
at org.testng.SuiteRunnerWorker.runSuite(SuiteRunnerWorker.java:52)
at org.testng.SuiteRunnerWorker.run(SuiteRunnerWorker.java:95)
at org.testng.TestNG.runSuitesSequentially(TestNG.java:1256)
at org.testng.TestNG.runSuitesLocally(TestNG.java:1176)
at org.testng.TestNG.runSuites(TestNG.java:1099)
at org.testng.TestNG.run(TestNG.java:1067)
at org.testng.remote.AbstractRemoteTestNG.run(AbstractRemoteTestNG.java:115)
at org.testng.remote.RemoteTestNG.initAndRun(RemoteTestNG.java:251)
at org.testng.remote.RemoteTestNG.main(RemoteTestNG.java:77)
]]>
            </full-stacktrace>
          </exception> <!-- org.openqa.selenium.ElementNotInteractableException -->
          <reporter-output>
          </reporter-output>
        </test-method> <!-- UploadContractorCT1 -->
        <test-method is-config="true" signature="browserClosing()[pri:0, instance:comapnyAdminTest.CompanyAdminCriticalTestCases@60099951]" started-at="2024-09-10T00:34:04 IST" name="browserClosing" finished-at="2024-09-10T00:34:10 IST" duration-ms="5510" status="PASS">
          <reporter-output>
          </reporter-output>
        </test-method> <!-- browserClosing -->
        <test-method is-config="true" signature="Login()[pri:0, instance:comapnyAdminTest.CompanyAdminCriticalTestCases@60099951]" started-at="2024-09-10T00:34:10 IST" name="Login" finished-at="2024-09-10T00:34:40 IST" duration-ms="30302" status="PASS">
          <reporter-output>
          </reporter-output>
        </test-method> <!-- Login -->
        <test-method signature="UploadContractorProjectMapping1()[pri:32, instance:comapnyAdminTest.CompanyAdminCriticalTestCases@60099951]" started-at="2024-09-10T00:34:40 IST" name="UploadContractorProjectMapping1" finished-at="2024-09-10T00:35:28 IST" duration-ms="47801" status="FAIL">
          <exception class="org.openqa.selenium.NoSuchElementException">
            <message>
              <![CDATA[no such element: Unable to locate element: {"method":"css selector","selector":"#btnFileUploadProjectMapping"}
  (Session info: chrome=128.0.6613.120)
For documentation on this error, please visit: http://seleniumhq.org/exceptions/no_such_element.html
Build info: version: '3.141.0', revision: '2ecb7d9a', time: '2018-10-31T20:09:30'
System info: host: 'TRPL-PUN-0125', ip: '192.168.5.61', os.name: 'Windows 10', os.arch: 'amd64', os.version: '10.0', java.version: '17.0.9'
Driver info: org.openqa.selenium.chrome.ChromeDriver
Capabilities {acceptInsecureCerts: false, browserName: chrome, browserVersion: 128.0.6613.120, chrome: {chromedriverVersion: 127.0.6533.57 (d4459446bf8a..., userDataDir: C:\Users\shitalb\AppData\Lo...}, fedcm:accounts: true, goog:chromeOptions: {debuggerAddress: localhost:57430}, javascriptEnabled: true, networkConnectionEnabled: false, pageLoadStrategy: normal, platform: WINDOWS, platformName: WINDOWS, proxy: Proxy(), setWindowRect: true, strictFileInteractability: false, timeouts: {implicit: 0, pageLoad: 300000, script: 30000}, unhandledPromptBehavior: dismiss and notify, webauthn:extension:credBlob: true, webauthn:extension:largeBlob: true, webauthn:extension:minPinLength: true, webauthn:extension:prf: true, webauthn:virtualAuthenticators: true}
Session ID: 839a1aa0e168bb2a22bccf6179e24c9c
*** Element info: {Using=id, value=btnFileUploadProjectMapping}]]>
            </message>
            <full-stacktrace>
              <![CDATA[org.openqa.selenium.NoSuchElementException: no such element: Unable to locate element: {"method":"css selector","selector":"#btnFileUploadProjectMapping"}
  (Session info: chrome=128.0.6613.120)
For documentation on this error, please visit: http://seleniumhq.org/exceptions/no_such_element.html
Build info: version: '3.141.0', revision: '2ecb7d9a', time: '2018-10-31T20:09:30'
System info: host: 'TRPL-PUN-0125', ip: '192.168.5.61', os.name: 'Windows 10', os.arch: 'amd64', os.version: '10.0', java.version: '17.0.9'
Driver info: org.openqa.selenium.chrome.ChromeDriver
Capabilities {acceptInsecureCerts: false, browserName: chrome, browserVersion: 128.0.6613.120, chrome: {chromedriverVersion: 127.0.6533.57 (d4459446bf8a..., userDataDir: C:\Users\shitalb\AppData\Lo...}, fedcm:accounts: true, goog:chromeOptions: {debuggerAddress: localhost:57430}, javascriptEnabled: true, networkConnectionEnabled: false, pageLoadStrategy: normal, platform: WINDOWS, platformName: WINDOWS, proxy: Proxy(), setWindowRect: true, strictFileInteractability: false, timeouts: {implicit: 0, pageLoad: 300000, script: 30000}, unhandledPromptBehavior: dismiss and notify, webauthn:extension:credBlob: true, webauthn:extension:largeBlob: true, webauthn:extension:minPinLength: true, webauthn:extension:prf: true, webauthn:virtualAuthenticators: true}
Session ID: 839a1aa0e168bb2a22bccf6179e24c9c
*** Element info: {Using=id, value=btnFileUploadProjectMapping}
at java.base/jdk.internal.reflect.NativeConstructorAccessorImpl.newInstance0(Native Method)
at java.base/jdk.internal.reflect.NativeConstructorAccessorImpl.newInstance(NativeConstructorAccessorImpl.java:77)
at java.base/jdk.internal.reflect.DelegatingConstructorAccessorImpl.newInstance(DelegatingConstructorAccessorImpl.java:45)
at java.base/java.lang.reflect.Constructor.newInstanceWithCaller(Constructor.java:499)
at java.base/java.lang.reflect.Constructor.newInstance(Constructor.java:480)
at org.openqa.selenium.remote.http.W3CHttpResponseCodec.createException(W3CHttpResponseCodec.java:187)
at org.openqa.selenium.remote.http.W3CHttpResponseCodec.decode(W3CHttpResponseCodec.java:122)
at org.openqa.selenium.remote.http.W3CHttpResponseCodec.decode(W3CHttpResponseCodec.java:49)
at org.openqa.selenium.remote.HttpCommandExecutor.execute(HttpCommandExecutor.java:158)
at org.openqa.selenium.remote.service.DriverCommandExecutor.execute(DriverCommandExecutor.java:83)
at org.openqa.selenium.remote.RemoteWebDriver.execute(RemoteWebDriver.java:552)
at org.openqa.selenium.remote.RemoteWebDriver.findElement(RemoteWebDriver.java:323)
at org.openqa.selenium.remote.RemoteWebDriver.findElementById(RemoteWebDriver.java:372)
at org.openqa.selenium.By$ById.findElement(By.java:188)
at org.openqa.selenium.remote.RemoteWebDriver.findElement(RemoteWebDriver.java:315)
at companyAdmin.Locator.UploadContractorProjectMappingUploadBCT(Locator.java:2642)
at companyAdmin.CriticalMethod.UploadContractorProjectMappingSheet(CriticalMethod.java:3014)
at comapnyAdminTest.CompanyAdminCriticalTestCases.UploadContractorProjectMapping1(CompanyAdminCriticalTestCases.java:537)
at java.base/jdk.internal.reflect.NativeMethodAccessorImpl.invoke0(Native Method)
at java.base/jdk.internal.reflect.NativeMethodAccessorImpl.invoke(NativeMethodAccessorImpl.java:77)
at java.base/jdk.internal.reflect.DelegatingMethodAccessorImpl.invoke(DelegatingMethodAccessorImpl.java:43)
at java.base/java.lang.reflect.Method.invoke(Method.java:568)
at org.testng.internal.invokers.MethodInvocationHelper.invokeMethod(MethodInvocationHelper.java:139)
at org.testng.internal.invokers.TestInvoker.invokeMethod(TestInvoker.java:677)
at org.testng.internal.invokers.TestInvoker.invokeTestMethod(TestInvoker.java:221)
at org.testng.internal.invokers.MethodRunner.runInSequence(MethodRunner.java:50)
at org.testng.internal.invokers.TestInvoker$MethodInvocationAgent.invoke(TestInvoker.java:962)
at org.testng.internal.invokers.TestInvoker.invokeTestMethods(TestInvoker.java:194)
at org.testng.internal.invokers.TestMethodWorker.invokeTestMethods(TestMethodWorker.java:148)
at org.testng.internal.invokers.TestMethodWorker.run(TestMethodWorker.java:128)
at java.base/java.util.ArrayList.forEach(ArrayList.java:1511)
at org.testng.TestRunner.privateRun(TestRunner.java:806)
at org.testng.TestRunner.run(TestRunner.java:601)
at org.testng.SuiteRunner.runTest(SuiteRunner.java:433)
at org.testng.SuiteRunner.runSequentially(SuiteRunner.java:427)
at org.testng.SuiteRunner.privateRun(SuiteRunner.java:387)
at org.testng.SuiteRunner.run(SuiteRunner.java:330)
at org.testng.SuiteRunnerWorker.runSuite(SuiteRunnerWorker.java:52)
at org.testng.SuiteRunnerWorker.run(SuiteRunnerWorker.java:95)
at org.testng.TestNG.runSuitesSequentially(TestNG.java:1256)
at org.testng.TestNG.runSuitesLocally(TestNG.java:1176)
at org.testng.TestNG.runSuites(TestNG.java:1099)
at org.testng.TestNG.run(TestNG.java:1067)
at org.testng.remote.AbstractRemoteTestNG.run(AbstractRemoteTestNG.java:115)
at org.testng.remote.RemoteTestNG.initAndRun(RemoteTestNG.java:251)
at org.testng.remote.RemoteTestNG.main(RemoteTestNG.java:77)
]]>
            </full-stacktrace>
          </exception> <!-- org.openqa.selenium.NoSuchElementException -->
          <reporter-output>
          </reporter-output>
        </test-method> <!-- UploadContractorProjectMapping1 -->
        <test-method is-config="true" signature="browserClosing()[pri:0, instance:comapnyAdminTest.CompanyAdminCriticalTestCases@60099951]" started-at="2024-09-10T00:35:28 IST" name="browserClosing" finished-at="2024-09-10T00:35:33 IST" duration-ms="5502" status="PASS">
          <reporter-output>
          </reporter-output>
        </test-method> <!-- browserClosing -->
        <test-method is-config="true" signature="Login()[pri:0, instance:comapnyAdminTest.CompanyAdminCriticalTestCases@60099951]" started-at="2024-09-10T00:35:33 IST" name="Login" finished-at="2024-09-10T00:36:00 IST" duration-ms="27031" status="PASS">
          <reporter-output>
          </reporter-output>
        </test-method> <!-- Login -->
        <test-method signature="AddLicenceCT1()[pri:33, instance:comapnyAdminTest.CompanyAdminCriticalTestCases@60099951]" started-at="2024-09-10T00:36:00 IST" name="AddLicenceCT1" finished-at="2024-09-10T00:37:11 IST" duration-ms="71133" status="PASS">
          <reporter-output>
          </reporter-output>
        </test-method> <!-- AddLicenceCT1 -->
        <test-method is-config="true" signature="browserClosing()[pri:0, instance:comapnyAdminTest.CompanyAdminCriticalTestCases@60099951]" started-at="2024-09-10T00:37:11 IST" name="browserClosing" finished-at="2024-09-10T00:37:17 IST" duration-ms="5509" status="PASS">
          <reporter-output>
          </reporter-output>
        </test-method> <!-- browserClosing -->
        <test-method is-config="true" signature="Login()[pri:0, instance:comapnyAdminTest.CompanyAdminCriticalTestCases@60099951]" started-at="2024-09-10T00:37:17 IST" name="Login" finished-at="2024-09-10T00:37:42 IST" duration-ms="25503" status="PASS">
          <reporter-output>
          </reporter-output>
        </test-method> <!-- Login -->
        <test-method signature="LicenceDetailsVisilbe1()[pri:33, instance:comapnyAdminTest.CompanyAdminCriticalTestCases@60099951]" started-at="2024-09-10T00:37:42 IST" name="LicenceDetailsVisilbe1" finished-at="2024-09-10T00:37:58 IST" duration-ms="15138" status="PASS">
          <reporter-output>
          </reporter-output>
        </test-method> <!-- LicenceDetailsVisilbe1 -->
        <test-method is-config="true" signature="browserClosing()[pri:0, instance:comapnyAdminTest.CompanyAdminCriticalTestCases@60099951]" started-at="2024-09-10T00:37:58 IST" name="browserClosing" finished-at="2024-09-10T00:38:03 IST" duration-ms="5447" status="PASS">
          <reporter-output>
          </reporter-output>
        </test-method> <!-- browserClosing -->
        <test-method is-config="true" signature="Login()[pri:0, instance:comapnyAdminTest.CompanyAdminCriticalTestCases@60099951]" started-at="2024-09-10T00:38:03 IST" name="Login" finished-at="2024-09-10T00:38:30 IST" duration-ms="26759" status="PASS">
          <reporter-output>
          </reporter-output>
        </test-method> <!-- Login -->
        <test-method signature="ViewLicence1()[pri:34, instance:comapnyAdminTest.CompanyAdminCriticalTestCases@60099951]" started-at="2024-09-10T00:38:30 IST" name="ViewLicence1" finished-at="2024-09-10T00:38:56 IST" duration-ms="26384" status="PASS">
          <reporter-output>
          </reporter-output>
        </test-method> <!-- ViewLicence1 -->
        <test-method is-config="true" signature="browserClosing()[pri:0, instance:comapnyAdminTest.CompanyAdminCriticalTestCases@60099951]" started-at="2024-09-10T00:38:56 IST" name="browserClosing" finished-at="2024-09-10T00:39:01 IST" duration-ms="5370" status="PASS">
          <reporter-output>
          </reporter-output>
        </test-method> <!-- browserClosing -->
        <test-method is-config="true" signature="Login()[pri:0, instance:comapnyAdminTest.CompanyAdminCriticalTestCases@60099951]" started-at="2024-09-10T00:39:01 IST" name="Login" finished-at="2024-09-10T00:39:28 IST" duration-ms="26308" status="PASS">
          <reporter-output>
          </reporter-output>
        </test-method> <!-- Login -->
        <test-method signature="UpdateLicence1()[pri:35, instance:comapnyAdminTest.CompanyAdminCriticalTestCases@60099951]" started-at="2024-09-10T00:39:28 IST" name="UpdateLicence1" finished-at="2024-09-10T00:41:11 IST" duration-ms="103632" status="PASS">
          <reporter-output>
          </reporter-output>
        </test-method> <!-- UpdateLicence1 -->
        <test-method is-config="true" signature="browserClosing()[pri:0, instance:comapnyAdminTest.CompanyAdminCriticalTestCases@60099951]" started-at="2024-09-10T00:41:11 IST" name="browserClosing" finished-at="2024-09-10T00:41:17 IST" duration-ms="5643" status="PASS">
          <reporter-output>
          </reporter-output>
        </test-method> <!-- browserClosing -->
        <test-method is-config="true" signature="Login()[pri:0, instance:comapnyAdminTest.CompanyAdminCriticalTestCases@60099951]" started-at="2024-09-10T00:41:17 IST" name="Login" finished-at="2024-09-10T00:41:48 IST" duration-ms="30886" status="PASS">
          <reporter-output>
          </reporter-output>
        </test-method> <!-- Login -->
        <test-method signature="DeleteLicenceC1()[pri:36, instance:comapnyAdminTest.CompanyAdminCriticalTestCases@60099951]" started-at="2024-09-10T00:41:48 IST" name="DeleteLicenceC1" finished-at="2024-09-10T00:42:13 IST" duration-ms="24834" status="PASS">
          <reporter-output>
          </reporter-output>
        </test-method> <!-- DeleteLicenceC1 -->
        <test-method is-config="true" signature="browserClosing()[pri:0, instance:comapnyAdminTest.CompanyAdminCriticalTestCases@60099951]" started-at="2024-09-10T00:42:13 IST" name="browserClosing" finished-at="2024-09-10T00:42:18 IST" duration-ms="5568" status="PASS">
          <reporter-output>
          </reporter-output>
        </test-method> <!-- browserClosing -->
        <test-method is-config="true" signature="Login()[pri:0, instance:comapnyAdminTest.CompanyAdminCriticalTestCases@60099951]" started-at="2024-09-10T00:42:18 IST" name="Login" finished-at="2024-09-10T00:42:47 IST" duration-ms="28630" status="PASS">
          <reporter-output>
          </reporter-output>
        </test-method> <!-- Login -->
        <test-method signature="DeleteContractorCT1()[pri:37, instance:comapnyAdminTest.CompanyAdminCriticalTestCases@60099951]" started-at="2024-09-10T00:42:47 IST" name="DeleteContractorCT1" finished-at="2024-09-10T00:43:15 IST" duration-ms="28433" status="PASS">
          <reporter-output>
          </reporter-output>
        </test-method> <!-- DeleteContractorCT1 -->
        <test-method is-config="true" signature="browserClosing()[pri:0, instance:comapnyAdminTest.CompanyAdminCriticalTestCases@60099951]" started-at="2024-09-10T00:43:15 IST" name="browserClosing" finished-at="2024-09-10T00:43:21 IST" duration-ms="5580" status="PASS">
          <reporter-output>
          </reporter-output>
        </test-method> <!-- browserClosing -->
        <test-method is-config="true" signature="Login()[pri:0, instance:comapnyAdminTest.CompanyAdminCriticalTestCases@60099951]" started-at="2024-09-10T00:43:21 IST" name="Login" finished-at="2024-09-10T00:43:45 IST" duration-ms="23678" status="PASS">
          <reporter-output>
          </reporter-output>
        </test-method> <!-- Login -->
        <test-method signature="AddActAndComplience1()[pri:38, instance:comapnyAdminTest.CompanyAdminCriticalTestCases@60099951]" started-at="2024-09-10T00:43:45 IST" name="AddActAndComplience1" finished-at="2024-09-10T00:44:45 IST" duration-ms="60310" status="PASS">
          <reporter-output>
          </reporter-output>
        </test-method> <!-- AddActAndComplience1 -->
        <test-method is-config="true" signature="browserClosing()[pri:0, instance:comapnyAdminTest.CompanyAdminCriticalTestCases@60099951]" started-at="2024-09-10T00:44:45 IST" name="browserClosing" finished-at="2024-09-10T00:44:51 IST" duration-ms="5520" status="PASS">
          <reporter-output>
          </reporter-output>
        </test-method> <!-- browserClosing -->
        <test-method is-config="true" signature="Login()[pri:0, instance:comapnyAdminTest.CompanyAdminCriticalTestCases@60099951]" started-at="2024-09-10T00:44:51 IST" name="Login" finished-at="2024-09-10T00:45:13 IST" duration-ms="22921" status="PASS">
          <reporter-output>
          </reporter-output>
        </test-method> <!-- Login -->
        <test-method signature="ClearAC1()[pri:39, instance:comapnyAdminTest.CompanyAdminCriticalTestCases@60099951]" started-at="2024-09-10T00:45:13 IST" name="ClearAC1" finished-at="2024-09-10T00:46:01 IST" duration-ms="47109" status="PASS">
          <reporter-output>
          </reporter-output>
        </test-method> <!-- ClearAC1 -->
        <test-method is-config="true" signature="browserClosing()[pri:0, instance:comapnyAdminTest.CompanyAdminCriticalTestCases@60099951]" started-at="2024-09-10T00:46:01 IST" name="browserClosing" finished-at="2024-09-10T00:46:06 IST" duration-ms="5427" status="PASS">
          <reporter-output>
          </reporter-output>
        </test-method> <!-- browserClosing -->
        <test-method is-config="true" signature="Login()[pri:0, instance:comapnyAdminTest.CompanyAdminCriticalTestCases@60099951]" started-at="2024-09-10T00:46:06 IST" name="Login" finished-at="2024-09-10T00:46:31 IST" duration-ms="24836" status="PASS">
          <reporter-output>
          </reporter-output>
        </test-method> <!-- Login -->
        <test-method signature="UpdateActAndCompliance1()[pri:40, instance:comapnyAdminTest.CompanyAdminCriticalTestCases@60099951]" started-at="2024-09-10T00:46:31 IST" name="UpdateActAndCompliance1" finished-at="2024-09-10T00:47:11 IST" duration-ms="40604" status="FAIL">
          <exception class="org.openqa.selenium.ElementNotInteractableException">
            <message>
              <![CDATA[element not interactable
  (Session info: chrome=128.0.6613.120)
Build info: version: '3.141.0', revision: '2ecb7d9a', time: '2018-10-31T20:09:30'
System info: host: 'TRPL-PUN-0125', ip: '192.168.5.61', os.name: 'Windows 10', os.arch: 'amd64', os.version: '10.0', java.version: '17.0.9'
Driver info: org.openqa.selenium.chrome.ChromeDriver
Capabilities {acceptInsecureCerts: false, browserName: chrome, browserVersion: 128.0.6613.120, chrome: {chromedriverVersion: 127.0.6533.57 (d4459446bf8a..., userDataDir: C:\Users\shitalb\AppData\Lo...}, fedcm:accounts: true, goog:chromeOptions: {debuggerAddress: localhost:57937}, javascriptEnabled: true, networkConnectionEnabled: false, pageLoadStrategy: normal, platform: WINDOWS, platformName: WINDOWS, proxy: Proxy(), setWindowRect: true, strictFileInteractability: false, timeouts: {implicit: 0, pageLoad: 300000, script: 30000}, unhandledPromptBehavior: dismiss and notify, webauthn:extension:credBlob: true, webauthn:extension:largeBlob: true, webauthn:extension:minPinLength: true, webauthn:extension:prf: true, webauthn:virtualAuthenticators: true}
Session ID: 73d17c838de64cd27cdaa4c56a1bd385]]>
            </message>
            <full-stacktrace>
              <![CDATA[org.openqa.selenium.ElementNotInteractableException: element not interactable
  (Session info: chrome=128.0.6613.120)
Build info: version: '3.141.0', revision: '2ecb7d9a', time: '2018-10-31T20:09:30'
System info: host: 'TRPL-PUN-0125', ip: '192.168.5.61', os.name: 'Windows 10', os.arch: 'amd64', os.version: '10.0', java.version: '17.0.9'
Driver info: org.openqa.selenium.chrome.ChromeDriver
Capabilities {acceptInsecureCerts: false, browserName: chrome, browserVersion: 128.0.6613.120, chrome: {chromedriverVersion: 127.0.6533.57 (d4459446bf8a..., userDataDir: C:\Users\shitalb\AppData\Lo...}, fedcm:accounts: true, goog:chromeOptions: {debuggerAddress: localhost:57937}, javascriptEnabled: true, networkConnectionEnabled: false, pageLoadStrategy: normal, platform: WINDOWS, platformName: WINDOWS, proxy: Proxy(), setWindowRect: true, strictFileInteractability: false, timeouts: {implicit: 0, pageLoad: 300000, script: 30000}, unhandledPromptBehavior: dismiss and notify, webauthn:extension:credBlob: true, webauthn:extension:largeBlob: true, webauthn:extension:minPinLength: true, webauthn:extension:prf: true, webauthn:virtualAuthenticators: true}
Session ID: 73d17c838de64cd27cdaa4c56a1bd385
at java.base/jdk.internal.reflect.NativeConstructorAccessorImpl.newInstance0(Native Method)
at java.base/jdk.internal.reflect.NativeConstructorAccessorImpl.newInstance(NativeConstructorAccessorImpl.java:77)
at java.base/jdk.internal.reflect.DelegatingConstructorAccessorImpl.newInstance(DelegatingConstructorAccessorImpl.java:45)
at java.base/java.lang.reflect.Constructor.newInstanceWithCaller(Constructor.java:499)
at java.base/java.lang.reflect.Constructor.newInstance(Constructor.java:480)
at org.openqa.selenium.remote.http.W3CHttpResponseCodec.createException(W3CHttpResponseCodec.java:187)
at org.openqa.selenium.remote.http.W3CHttpResponseCodec.decode(W3CHttpResponseCodec.java:122)
at org.openqa.selenium.remote.http.W3CHttpResponseCodec.decode(W3CHttpResponseCodec.java:49)
at org.openqa.selenium.remote.HttpCommandExecutor.execute(HttpCommandExecutor.java:158)
at org.openqa.selenium.remote.service.DriverCommandExecutor.execute(DriverCommandExecutor.java:83)
at org.openqa.selenium.remote.RemoteWebDriver.execute(RemoteWebDriver.java:552)
at org.openqa.selenium.remote.RemoteWebElement.execute(RemoteWebElement.java:285)
at org.openqa.selenium.remote.RemoteWebElement.click(RemoteWebElement.java:84)
at companyAdmin.CriticalMethod.UpdateActAndCompliance(CriticalMethod.java:3643)
at comapnyAdminTest.CompanyAdminCriticalTestCases.UpdateActAndCompliance1(CompanyAdminCriticalTestCases.java:656)
at java.base/jdk.internal.reflect.NativeMethodAccessorImpl.invoke0(Native Method)
at java.base/jdk.internal.reflect.NativeMethodAccessorImpl.invoke(NativeMethodAccessorImpl.java:77)
at java.base/jdk.internal.reflect.DelegatingMethodAccessorImpl.invoke(DelegatingMethodAccessorImpl.java:43)
at java.base/java.lang.reflect.Method.invoke(Method.java:568)
at org.testng.internal.invokers.MethodInvocationHelper.invokeMethod(MethodInvocationHelper.java:139)
at org.testng.internal.invokers.TestInvoker.invokeMethod(TestInvoker.java:677)
at org.testng.internal.invokers.TestInvoker.invokeTestMethod(TestInvoker.java:221)
at org.testng.internal.invokers.MethodRunner.runInSequence(MethodRunner.java:50)
at org.testng.internal.invokers.TestInvoker$MethodInvocationAgent.invoke(TestInvoker.java:962)
at org.testng.internal.invokers.TestInvoker.invokeTestMethods(TestInvoker.java:194)
at org.testng.internal.invokers.TestMethodWorker.invokeTestMethods(TestMethodWorker.java:148)
at org.testng.internal.invokers.TestMethodWorker.run(TestMethodWorker.java:128)
at java.base/java.util.ArrayList.forEach(ArrayList.java:1511)
at org.testng.TestRunner.privateRun(TestRunner.java:806)
at org.testng.TestRunner.run(TestRunner.java:601)
at org.testng.SuiteRunner.runTest(SuiteRunner.java:433)
at org.testng.SuiteRunner.runSequentially(SuiteRunner.java:427)
at org.testng.SuiteRunner.privateRun(SuiteRunner.java:387)
at org.testng.SuiteRunner.run(SuiteRunner.java:330)
at org.testng.SuiteRunnerWorker.runSuite(SuiteRunnerWorker.java:52)
at org.testng.SuiteRunnerWorker.run(SuiteRunnerWorker.java:95)
at org.testng.TestNG.runSuitesSequentially(TestNG.java:1256)
at org.testng.TestNG.runSuitesLocally(TestNG.java:1176)
at org.testng.TestNG.runSuites(TestNG.java:1099)
at org.testng.TestNG.run(TestNG.java:1067)
at org.testng.remote.AbstractRemoteTestNG.run(AbstractRemoteTestNG.java:115)
at org.testng.remote.RemoteTestNG.initAndRun(RemoteTestNG.java:251)
at org.testng.remote.RemoteTestNG.main(RemoteTestNG.java:77)
]]>
            </full-stacktrace>
          </exception> <!-- org.openqa.selenium.ElementNotInteractableException -->
          <reporter-output>
          </reporter-output>
        </test-method> <!-- UpdateActAndCompliance1 -->
        <test-method is-config="true" signature="browserClosing()[pri:0, instance:comapnyAdminTest.CompanyAdminCriticalTestCases@60099951]" started-at="2024-09-10T00:47:11 IST" name="browserClosing" finished-at="2024-09-10T00:47:17 IST" duration-ms="5551" status="PASS">
          <reporter-output>
          </reporter-output>
        </test-method> <!-- browserClosing -->
        <test-method is-config="true" signature="Login()[pri:0, instance:comapnyAdminTest.CompanyAdminCriticalTestCases@60099951]" started-at="2024-09-10T00:47:17 IST" name="Login" finished-at="2024-09-10T00:47:41 IST" duration-ms="24109" status="PASS">
          <reporter-output>
          </reporter-output>
        </test-method> <!-- Login -->
        <test-method signature="DeleteAc1()[pri:41, instance:comapnyAdminTest.CompanyAdminCriticalTestCases@60099951]" started-at="2024-09-10T00:47:41 IST" name="DeleteAc1" finished-at="2024-09-10T00:48:26 IST" duration-ms="44584" status="FAIL">
          <exception class="org.openqa.selenium.ElementNotInteractableException">
            <message>
              <![CDATA[element not interactable
  (Session info: chrome=128.0.6613.120)
Build info: version: '3.141.0', revision: '2ecb7d9a', time: '2018-10-31T20:09:30'
System info: host: 'TRPL-PUN-0125', ip: '192.168.5.61', os.name: 'Windows 10', os.arch: 'amd64', os.version: '10.0', java.version: '17.0.9'
Driver info: org.openqa.selenium.chrome.ChromeDriver
Capabilities {acceptInsecureCerts: false, browserName: chrome, browserVersion: 128.0.6613.120, chrome: {chromedriverVersion: 127.0.6533.57 (d4459446bf8a..., userDataDir: C:\Users\shitalb\AppData\Lo...}, fedcm:accounts: true, goog:chromeOptions: {debuggerAddress: localhost:57992}, javascriptEnabled: true, networkConnectionEnabled: false, pageLoadStrategy: normal, platform: WINDOWS, platformName: WINDOWS, proxy: Proxy(), setWindowRect: true, strictFileInteractability: false, timeouts: {implicit: 0, pageLoad: 300000, script: 30000}, unhandledPromptBehavior: dismiss and notify, webauthn:extension:credBlob: true, webauthn:extension:largeBlob: true, webauthn:extension:minPinLength: true, webauthn:extension:prf: true, webauthn:virtualAuthenticators: true}
Session ID: cf67a543b369d75e2fb74d10ef4db28d]]>
            </message>
            <full-stacktrace>
              <![CDATA[org.openqa.selenium.ElementNotInteractableException: element not interactable
  (Session info: chrome=128.0.6613.120)
Build info: version: '3.141.0', revision: '2ecb7d9a', time: '2018-10-31T20:09:30'
System info: host: 'TRPL-PUN-0125', ip: '192.168.5.61', os.name: 'Windows 10', os.arch: 'amd64', os.version: '10.0', java.version: '17.0.9'
Driver info: org.openqa.selenium.chrome.ChromeDriver
Capabilities {acceptInsecureCerts: false, browserName: chrome, browserVersion: 128.0.6613.120, chrome: {chromedriverVersion: 127.0.6533.57 (d4459446bf8a..., userDataDir: C:\Users\shitalb\AppData\Lo...}, fedcm:accounts: true, goog:chromeOptions: {debuggerAddress: localhost:57992}, javascriptEnabled: true, networkConnectionEnabled: false, pageLoadStrategy: normal, platform: WINDOWS, platformName: WINDOWS, proxy: Proxy(), setWindowRect: true, strictFileInteractability: false, timeouts: {implicit: 0, pageLoad: 300000, script: 30000}, unhandledPromptBehavior: dismiss and notify, webauthn:extension:credBlob: true, webauthn:extension:largeBlob: true, webauthn:extension:minPinLength: true, webauthn:extension:prf: true, webauthn:virtualAuthenticators: true}
Session ID: cf67a543b369d75e2fb74d10ef4db28d
at java.base/jdk.internal.reflect.NativeConstructorAccessorImpl.newInstance0(Native Method)
at java.base/jdk.internal.reflect.NativeConstructorAccessorImpl.newInstance(NativeConstructorAccessorImpl.java:77)
at java.base/jdk.internal.reflect.DelegatingConstructorAccessorImpl.newInstance(DelegatingConstructorAccessorImpl.java:45)
at java.base/java.lang.reflect.Constructor.newInstanceWithCaller(Constructor.java:499)
at java.base/java.lang.reflect.Constructor.newInstance(Constructor.java:480)
at org.openqa.selenium.remote.http.W3CHttpResponseCodec.createException(W3CHttpResponseCodec.java:187)
at org.openqa.selenium.remote.http.W3CHttpResponseCodec.decode(W3CHttpResponseCodec.java:122)
at org.openqa.selenium.remote.http.W3CHttpResponseCodec.decode(W3CHttpResponseCodec.java:49)
at org.openqa.selenium.remote.HttpCommandExecutor.execute(HttpCommandExecutor.java:158)
at org.openqa.selenium.remote.service.DriverCommandExecutor.execute(DriverCommandExecutor.java:83)
at org.openqa.selenium.remote.RemoteWebDriver.execute(RemoteWebDriver.java:552)
at org.openqa.selenium.remote.RemoteWebElement.execute(RemoteWebElement.java:285)
at org.openqa.selenium.remote.RemoteWebElement.click(RemoteWebElement.java:84)
at companyAdmin.CriticalMethod.DeleteAc(CriticalMethod.java:3731)
at comapnyAdminTest.CompanyAdminCriticalTestCases.DeleteAc1(CompanyAdminCriticalTestCases.java:670)
at java.base/jdk.internal.reflect.NativeMethodAccessorImpl.invoke0(Native Method)
at java.base/jdk.internal.reflect.NativeMethodAccessorImpl.invoke(NativeMethodAccessorImpl.java:77)
at java.base/jdk.internal.reflect.DelegatingMethodAccessorImpl.invoke(DelegatingMethodAccessorImpl.java:43)
at java.base/java.lang.reflect.Method.invoke(Method.java:568)
at org.testng.internal.invokers.MethodInvocationHelper.invokeMethod(MethodInvocationHelper.java:139)
at org.testng.internal.invokers.TestInvoker.invokeMethod(TestInvoker.java:677)
at org.testng.internal.invokers.TestInvoker.invokeTestMethod(TestInvoker.java:221)
at org.testng.internal.invokers.MethodRunner.runInSequence(MethodRunner.java:50)
at org.testng.internal.invokers.TestInvoker$MethodInvocationAgent.invoke(TestInvoker.java:962)
at org.testng.internal.invokers.TestInvoker.invokeTestMethods(TestInvoker.java:194)
at org.testng.internal.invokers.TestMethodWorker.invokeTestMethods(TestMethodWorker.java:148)
at org.testng.internal.invokers.TestMethodWorker.run(TestMethodWorker.java:128)
at java.base/java.util.ArrayList.forEach(ArrayList.java:1511)
at org.testng.TestRunner.privateRun(TestRunner.java:806)
at org.testng.TestRunner.run(TestRunner.java:601)
at org.testng.SuiteRunner.runTest(SuiteRunner.java:433)
at org.testng.SuiteRunner.runSequentially(SuiteRunner.java:427)
at org.testng.SuiteRunner.privateRun(SuiteRunner.java:387)
at org.testng.SuiteRunner.run(SuiteRunner.java:330)
at org.testng.SuiteRunnerWorker.runSuite(SuiteRunnerWorker.java:52)
at org.testng.SuiteRunnerWorker.run(SuiteRunnerWorker.java:95)
at org.testng.TestNG.runSuitesSequentially(TestNG.java:1256)
at org.testng.TestNG.runSuitesLocally(TestNG.java:1176)
at org.testng.TestNG.runSuites(TestNG.java:1099)
at org.testng.TestNG.run(TestNG.java:1067)
at org.testng.remote.AbstractRemoteTestNG.run(AbstractRemoteTestNG.java:115)
at org.testng.remote.RemoteTestNG.initAndRun(RemoteTestNG.java:251)
at org.testng.remote.RemoteTestNG.main(RemoteTestNG.java:77)
]]>
            </full-stacktrace>
          </exception> <!-- org.openqa.selenium.ElementNotInteractableException -->
          <reporter-output>
          </reporter-output>
        </test-method> <!-- DeleteAc1 -->
        <test-method is-config="true" signature="browserClosing()[pri:0, instance:comapnyAdminTest.CompanyAdminCriticalTestCases@60099951]" started-at="2024-09-10T00:48:26 IST" name="browserClosing" finished-at="2024-09-10T00:48:31 IST" duration-ms="5498" status="PASS">
          <reporter-output>
          </reporter-output>
        </test-method> <!-- browserClosing -->
        <test-method is-config="true" signature="Login()[pri:0, instance:comapnyAdminTest.CompanyAdminCriticalTestCases@60099951]" started-at="2024-09-10T00:48:31 IST" name="Login" finished-at="2024-09-10T00:48:56 IST" duration-ms="24619" status="PASS">
          <reporter-output>
          </reporter-output>
        </test-method> <!-- Login -->
        <test-method signature="UploadActAndCompliance1()[pri:42, instance:comapnyAdminTest.CompanyAdminCriticalTestCases@60099951]" started-at="2024-09-10T00:48:56 IST" name="UploadActAndCompliance1" finished-at="2024-09-10T00:49:54 IST" duration-ms="57709" status="PASS">
          <reporter-output>
          </reporter-output>
        </test-method> <!-- UploadActAndCompliance1 -->
        <test-method is-config="true" signature="browserClosing()[pri:0, instance:comapnyAdminTest.CompanyAdminCriticalTestCases@60099951]" started-at="2024-09-10T00:49:54 IST" name="browserClosing" finished-at="2024-09-10T00:49:59 IST" duration-ms="5500" status="PASS">
          <reporter-output>
          </reporter-output>
        </test-method> <!-- browserClosing -->
        <test-method is-config="true" signature="Login()[pri:0, instance:comapnyAdminTest.CompanyAdminCriticalTestCases@60099951]" started-at="2024-09-10T00:49:59 IST" name="Login" finished-at="2024-09-10T00:50:24 IST" duration-ms="24853" status="PASS">
          <reporter-output>
          </reporter-output>
        </test-method> <!-- Login -->
        <test-method signature="AddCompliance1()[pri:43, instance:comapnyAdminTest.CompanyAdminCriticalTestCases@60099951]" started-at="2024-09-10T00:50:24 IST" name="AddCompliance1" finished-at="2024-09-10T00:51:23 IST" duration-ms="59305" status="PASS">
          <reporter-output>
          </reporter-output>
        </test-method> <!-- AddCompliance1 -->
        <test-method is-config="true" signature="browserClosing()[pri:0, instance:comapnyAdminTest.CompanyAdminCriticalTestCases@60099951]" started-at="2024-09-10T00:51:23 IST" name="browserClosing" finished-at="2024-09-10T00:51:29 IST" duration-ms="5467" status="PASS">
          <reporter-output>
          </reporter-output>
        </test-method> <!-- browserClosing -->
        <test-method is-config="true" signature="Login()[pri:0, instance:comapnyAdminTest.CompanyAdminCriticalTestCases@60099951]" started-at="2024-09-10T00:51:29 IST" name="Login" finished-at="2024-09-10T00:51:55 IST" duration-ms="26772" status="PASS">
          <reporter-output>
          </reporter-output>
        </test-method> <!-- Login -->
        <test-method signature="AddComplianceForInternal()[pri:43, instance:comapnyAdminTest.CompanyAdminCriticalTestCases@60099951]" started-at="2024-09-10T00:51:55 IST" name="AddComplianceForInternal" finished-at="2024-09-10T00:53:50 IST" duration-ms="114531" status="PASS">
          <reporter-output>
          </reporter-output>
        </test-method> <!-- AddComplianceForInternal -->
        <test-method is-config="true" signature="browserClosing()[pri:0, instance:comapnyAdminTest.CompanyAdminCriticalTestCases@60099951]" started-at="2024-09-10T00:53:50 IST" name="browserClosing" finished-at="2024-09-10T00:53:55 IST" duration-ms="5467" status="PASS">
          <reporter-output>
          </reporter-output>
        </test-method> <!-- browserClosing -->
        <test-method is-config="true" signature="Login()[pri:0, instance:comapnyAdminTest.CompanyAdminCriticalTestCases@60099951]" started-at="2024-09-10T00:53:55 IST" name="Login" finished-at="2024-09-10T00:54:22 IST" duration-ms="26316" status="PASS">
          <reporter-output>
          </reporter-output>
        </test-method> <!-- Login -->
        <test-method signature="UpdateComplianceAC1()[pri:44, instance:comapnyAdminTest.CompanyAdminCriticalTestCases@60099951]" started-at="2024-09-10T00:54:22 IST" name="UpdateComplianceAC1" finished-at="2024-09-10T00:55:23 IST" duration-ms="61159" status="FAIL">
          <exception class="org.openqa.selenium.NoSuchElementException">
            <message>
              <![CDATA[no such element: Unable to locate element: {"method":"xpath","selector":"//ul[@id='ddlCentralOrState_listbox']//li[1]"}
  (Session info: chrome=128.0.6613.120)
For documentation on this error, please visit: http://seleniumhq.org/exceptions/no_such_element.html
Build info: version: '3.141.0', revision: '2ecb7d9a', time: '2018-10-31T20:09:30'
System info: host: 'TRPL-PUN-0125', ip: '192.168.5.61', os.name: 'Windows 10', os.arch: 'amd64', os.version: '10.0', java.version: '17.0.9'
Driver info: org.openqa.selenium.chrome.ChromeDriver
Capabilities {acceptInsecureCerts: false, browserName: chrome, browserVersion: 128.0.6613.120, chrome: {chromedriverVersion: 127.0.6533.57 (d4459446bf8a..., userDataDir: C:\Users\shitalb\AppData\Lo...}, fedcm:accounts: true, goog:chromeOptions: {debuggerAddress: localhost:58241}, javascriptEnabled: true, networkConnectionEnabled: false, pageLoadStrategy: normal, platform: WINDOWS, platformName: WINDOWS, proxy: Proxy(), setWindowRect: true, strictFileInteractability: false, timeouts: {implicit: 0, pageLoad: 300000, script: 30000}, unhandledPromptBehavior: dismiss and notify, webauthn:extension:credBlob: true, webauthn:extension:largeBlob: true, webauthn:extension:minPinLength: true, webauthn:extension:prf: true, webauthn:virtualAuthenticators: true}
Session ID: 473ddd90624118e4bc29dde34eac7d81
*** Element info: {Using=xpath, value=//ul[@id='ddlCentralOrState_listbox']//li[1]}]]>
            </message>
            <full-stacktrace>
              <![CDATA[org.openqa.selenium.NoSuchElementException: no such element: Unable to locate element: {"method":"xpath","selector":"//ul[@id='ddlCentralOrState_listbox']//li[1]"}
  (Session info: chrome=128.0.6613.120)
For documentation on this error, please visit: http://seleniumhq.org/exceptions/no_such_element.html
Build info: version: '3.141.0', revision: '2ecb7d9a', time: '2018-10-31T20:09:30'
System info: host: 'TRPL-PUN-0125', ip: '192.168.5.61', os.name: 'Windows 10', os.arch: 'amd64', os.version: '10.0', java.version: '17.0.9'
Driver info: org.openqa.selenium.chrome.ChromeDriver
Capabilities {acceptInsecureCerts: false, browserName: chrome, browserVersion: 128.0.6613.120, chrome: {chromedriverVersion: 127.0.6533.57 (d4459446bf8a..., userDataDir: C:\Users\shitalb\AppData\Lo...}, fedcm:accounts: true, goog:chromeOptions: {debuggerAddress: localhost:58241}, javascriptEnabled: true, networkConnectionEnabled: false, pageLoadStrategy: normal, platform: WINDOWS, platformName: WINDOWS, proxy: Proxy(), setWindowRect: true, strictFileInteractability: false, timeouts: {implicit: 0, pageLoad: 300000, script: 30000}, unhandledPromptBehavior: dismiss and notify, webauthn:extension:credBlob: true, webauthn:extension:largeBlob: true, webauthn:extension:minPinLength: true, webauthn:extension:prf: true, webauthn:virtualAuthenticators: true}
Session ID: 473ddd90624118e4bc29dde34eac7d81
*** Element info: {Using=xpath, value=//ul[@id='ddlCentralOrState_listbox']//li[1]}
at java.base/jdk.internal.reflect.NativeConstructorAccessorImpl.newInstance0(Native Method)
at java.base/jdk.internal.reflect.NativeConstructorAccessorImpl.newInstance(NativeConstructorAccessorImpl.java:77)
at java.base/jdk.internal.reflect.DelegatingConstructorAccessorImpl.newInstance(DelegatingConstructorAccessorImpl.java:45)
at java.base/java.lang.reflect.Constructor.newInstanceWithCaller(Constructor.java:499)
at java.base/java.lang.reflect.Constructor.newInstance(Constructor.java:480)
at org.openqa.selenium.remote.http.W3CHttpResponseCodec.createException(W3CHttpResponseCodec.java:187)
at org.openqa.selenium.remote.http.W3CHttpResponseCodec.decode(W3CHttpResponseCodec.java:122)
at org.openqa.selenium.remote.http.W3CHttpResponseCodec.decode(W3CHttpResponseCodec.java:49)
at org.openqa.selenium.remote.HttpCommandExecutor.execute(HttpCommandExecutor.java:158)
at org.openqa.selenium.remote.service.DriverCommandExecutor.execute(DriverCommandExecutor.java:83)
at org.openqa.selenium.remote.RemoteWebDriver.execute(RemoteWebDriver.java:552)
at org.openqa.selenium.remote.RemoteWebDriver.findElement(RemoteWebDriver.java:323)
at org.openqa.selenium.remote.RemoteWebDriver.findElementByXPath(RemoteWebDriver.java:428)
at org.openqa.selenium.By$ByXPath.findElement(By.java:353)
at org.openqa.selenium.remote.RemoteWebDriver.findElement(RemoteWebDriver.java:315)
at companyAdmin.Locator.ActAndComplienceCentralDropDown(Locator.java:2860)
at companyAdmin.CriticalMethod.UpdateComplianceAC(CriticalMethod.java:4192)
at comapnyAdminTest.CompanyAdminCriticalTestCases.UpdateComplianceAC1(CompanyAdminCriticalTestCases.java:722)
at java.base/jdk.internal.reflect.NativeMethodAccessorImpl.invoke0(Native Method)
at java.base/jdk.internal.reflect.NativeMethodAccessorImpl.invoke(NativeMethodAccessorImpl.java:77)
at java.base/jdk.internal.reflect.DelegatingMethodAccessorImpl.invoke(DelegatingMethodAccessorImpl.java:43)
at java.base/java.lang.reflect.Method.invoke(Method.java:568)
at org.testng.internal.invokers.MethodInvocationHelper.invokeMethod(MethodInvocationHelper.java:139)
at org.testng.internal.invokers.TestInvoker.invokeMethod(TestInvoker.java:677)
at org.testng.internal.invokers.TestInvoker.invokeTestMethod(TestInvoker.java:221)
at org.testng.internal.invokers.MethodRunner.runInSequence(MethodRunner.java:50)
at org.testng.internal.invokers.TestInvoker$MethodInvocationAgent.invoke(TestInvoker.java:962)
at org.testng.internal.invokers.TestInvoker.invokeTestMethods(TestInvoker.java:194)
at org.testng.internal.invokers.TestMethodWorker.invokeTestMethods(TestMethodWorker.java:148)
at org.testng.internal.invokers.TestMethodWorker.run(TestMethodWorker.java:128)
at java.base/java.util.ArrayList.forEach(ArrayList.java:1511)
at org.testng.TestRunner.privateRun(TestRunner.java:806)
at org.testng.TestRunner.run(TestRunner.java:601)
at org.testng.SuiteRunner.runTest(SuiteRunner.java:433)
at org.testng.SuiteRunner.runSequentially(SuiteRunner.java:427)
at org.testng.SuiteRunner.privateRun(SuiteRunner.java:387)
at org.testng.SuiteRunner.run(SuiteRunner.java:330)
at org.testng.SuiteRunnerWorker.runSuite(SuiteRunnerWorker.java:52)
at org.testng.SuiteRunnerWorker.run(SuiteRunnerWorker.java:95)
at org.testng.TestNG.runSuitesSequentially(TestNG.java:1256)
at org.testng.TestNG.runSuitesLocally(TestNG.java:1176)
at org.testng.TestNG.runSuites(TestNG.java:1099)
at org.testng.TestNG.run(TestNG.java:1067)
at org.testng.remote.AbstractRemoteTestNG.run(AbstractRemoteTestNG.java:115)
at org.testng.remote.RemoteTestNG.initAndRun(RemoteTestNG.java:251)
at org.testng.remote.RemoteTestNG.main(RemoteTestNG.java:77)
]]>
            </full-stacktrace>
          </exception> <!-- org.openqa.selenium.NoSuchElementException -->
          <reporter-output>
          </reporter-output>
        </test-method> <!-- UpdateComplianceAC1 -->
        <test-method is-config="true" signature="browserClosing()[pri:0, instance:comapnyAdminTest.CompanyAdminCriticalTestCases@60099951]" started-at="2024-09-10T00:55:23 IST" name="browserClosing" finished-at="2024-09-10T00:55:28 IST" duration-ms="5377" status="PASS">
          <reporter-output>
          </reporter-output>
        </test-method> <!-- browserClosing -->
        <test-method is-config="true" signature="Login()[pri:0, instance:comapnyAdminTest.CompanyAdminCriticalTestCases@60099951]" started-at="2024-09-10T00:55:28 IST" name="Login" finished-at="2024-09-10T00:55:51 IST" duration-ms="22697" status="PASS">
          <reporter-output>
          </reporter-output>
        </test-method> <!-- Login -->
        <test-method signature="DeleteCompliance1()[pri:45, instance:comapnyAdminTest.CompanyAdminCriticalTestCases@60099951]" started-at="2024-09-10T00:55:51 IST" name="DeleteCompliance1" finished-at="2024-09-10T00:56:26 IST" duration-ms="34733" status="PASS">
          <reporter-output>
          </reporter-output>
        </test-method> <!-- DeleteCompliance1 -->
        <test-method is-config="true" signature="browserClosing()[pri:0, instance:comapnyAdminTest.CompanyAdminCriticalTestCases@60099951]" started-at="2024-09-10T00:56:26 IST" name="browserClosing" finished-at="2024-09-10T00:56:31 IST" duration-ms="5543" status="PASS">
          <reporter-output>
          </reporter-output>
        </test-method> <!-- browserClosing -->
        <test-method is-config="true" signature="Login()[pri:0, instance:comapnyAdminTest.CompanyAdminCriticalTestCases@60099951]" started-at="2024-09-10T00:56:31 IST" name="Login" finished-at="2024-09-10T00:56:56 IST" duration-ms="24695" status="PASS">
          <reporter-output>
          </reporter-output>
        </test-method> <!-- Login -->
        <test-method signature="ComplianceClearButton1()[pri:46, instance:comapnyAdminTest.CompanyAdminCriticalTestCases@60099951]" started-at="2024-09-10T00:56:56 IST" name="ComplianceClearButton1" finished-at="2024-09-10T00:57:18 IST" duration-ms="22292" status="PASS">
          <reporter-output>
          </reporter-output>
        </test-method> <!-- ComplianceClearButton1 -->
        <test-method is-config="true" signature="browserClosing()[pri:0, instance:comapnyAdminTest.CompanyAdminCriticalTestCases@60099951]" started-at="2024-09-10T00:57:18 IST" name="browserClosing" finished-at="2024-09-10T00:57:24 IST" duration-ms="5482" status="PASS">
          <reporter-output>
          </reporter-output>
        </test-method> <!-- browserClosing -->
        <test-method is-config="true" signature="Login()[pri:0, instance:comapnyAdminTest.CompanyAdminCriticalTestCases@60099951]" started-at="2024-09-10T00:57:24 IST" name="Login" finished-at="2024-09-10T00:57:40 IST" duration-ms="15852" status="PASS">
          <reporter-output>
          </reporter-output>
        </test-method> <!-- Login -->
        <test-method signature="UploadCompliance1()[pri:47, instance:comapnyAdminTest.CompanyAdminCriticalTestCases@60099951]" started-at="2024-09-10T00:57:40 IST" name="UploadCompliance1" finished-at="2024-09-10T00:58:48 IST" duration-ms="68404" status="FAIL">
          <exception class="org.openqa.selenium.ElementClickInterceptedException">
            <message>
              <![CDATA[element click intercepted: Element <button id="btnUploadComplaince" class="k-button" style="float:right">...</button> is not clickable at point (1088, 207). Other element would receive the click: <div class="k-overlay" style="display: block; z-index: 10002; opacity: 0.5;"></div>
  (Session info: chrome=128.0.6613.120)
Build info: version: '3.141.0', revision: '2ecb7d9a', time: '2018-10-31T20:09:30'
System info: host: 'TRPL-PUN-0125', ip: '192.168.5.61', os.name: 'Windows 10', os.arch: 'amd64', os.version: '10.0', java.version: '17.0.9'
Driver info: org.openqa.selenium.chrome.ChromeDriver
Capabilities {acceptInsecureCerts: false, browserName: chrome, browserVersion: 128.0.6613.120, chrome: {chromedriverVersion: 127.0.6533.57 (d4459446bf8a..., userDataDir: C:\Users\shitalb\AppData\Lo...}, fedcm:accounts: true, goog:chromeOptions: {debuggerAddress: localhost:58402}, javascriptEnabled: true, networkConnectionEnabled: false, pageLoadStrategy: normal, platform: WINDOWS, platformName: WINDOWS, proxy: Proxy(), setWindowRect: true, strictFileInteractability: false, timeouts: {implicit: 0, pageLoad: 300000, script: 30000}, unhandledPromptBehavior: dismiss and notify, webauthn:extension:credBlob: true, webauthn:extension:largeBlob: true, webauthn:extension:minPinLength: true, webauthn:extension:prf: true, webauthn:virtualAuthenticators: true}
Session ID: 652c4675529305d5bc80830414a76798]]>
            </message>
            <full-stacktrace>
              <![CDATA[org.openqa.selenium.ElementClickInterceptedException: element click intercepted: Element <button id="btnUploadComplaince" class="k-button" style="float:right">...</button> is not clickable at point (1088, 207). Other element would receive the click: <div class="k-overlay" style="display: block; z-index: 10002; opacity: 0.5;"></div>
  (Session info: chrome=128.0.6613.120)
Build info: version: '3.141.0', revision: '2ecb7d9a', time: '2018-10-31T20:09:30'
System info: host: 'TRPL-PUN-0125', ip: '192.168.5.61', os.name: 'Windows 10', os.arch: 'amd64', os.version: '10.0', java.version: '17.0.9'
Driver info: org.openqa.selenium.chrome.ChromeDriver
Capabilities {acceptInsecureCerts: false, browserName: chrome, browserVersion: 128.0.6613.120, chrome: {chromedriverVersion: 127.0.6533.57 (d4459446bf8a..., userDataDir: C:\Users\shitalb\AppData\Lo...}, fedcm:accounts: true, goog:chromeOptions: {debuggerAddress: localhost:58402}, javascriptEnabled: true, networkConnectionEnabled: false, pageLoadStrategy: normal, platform: WINDOWS, platformName: WINDOWS, proxy: Proxy(), setWindowRect: true, strictFileInteractability: false, timeouts: {implicit: 0, pageLoad: 300000, script: 30000}, unhandledPromptBehavior: dismiss and notify, webauthn:extension:credBlob: true, webauthn:extension:largeBlob: true, webauthn:extension:minPinLength: true, webauthn:extension:prf: true, webauthn:virtualAuthenticators: true}
Session ID: 652c4675529305d5bc80830414a76798
at java.base/jdk.internal.reflect.NativeConstructorAccessorImpl.newInstance0(Native Method)
at java.base/jdk.internal.reflect.NativeConstructorAccessorImpl.newInstance(NativeConstructorAccessorImpl.java:77)
at java.base/jdk.internal.reflect.DelegatingConstructorAccessorImpl.newInstance(DelegatingConstructorAccessorImpl.java:45)
at java.base/java.lang.reflect.Constructor.newInstanceWithCaller(Constructor.java:499)
at java.base/java.lang.reflect.Constructor.newInstance(Constructor.java:480)
at org.openqa.selenium.remote.http.W3CHttpResponseCodec.createException(W3CHttpResponseCodec.java:187)
at org.openqa.selenium.remote.http.W3CHttpResponseCodec.decode(W3CHttpResponseCodec.java:122)
at org.openqa.selenium.remote.http.W3CHttpResponseCodec.decode(W3CHttpResponseCodec.java:49)
at org.openqa.selenium.remote.HttpCommandExecutor.execute(HttpCommandExecutor.java:158)
at org.openqa.selenium.remote.service.DriverCommandExecutor.execute(DriverCommandExecutor.java:83)
at org.openqa.selenium.remote.RemoteWebDriver.execute(RemoteWebDriver.java:552)
at org.openqa.selenium.remote.RemoteWebElement.execute(RemoteWebElement.java:285)
at org.openqa.selenium.remote.RemoteWebElement.click(RemoteWebElement.java:84)
at companyAdmin.CriticalMethod.UploadCompliance(CriticalMethod.java:4580)
at comapnyAdminTest.CompanyAdminCriticalTestCases.UploadCompliance1(CompanyAdminCriticalTestCases.java:762)
at java.base/jdk.internal.reflect.NativeMethodAccessorImpl.invoke0(Native Method)
at java.base/jdk.internal.reflect.NativeMethodAccessorImpl.invoke(NativeMethodAccessorImpl.java:77)
at java.base/jdk.internal.reflect.DelegatingMethodAccessorImpl.invoke(DelegatingMethodAccessorImpl.java:43)
at java.base/java.lang.reflect.Method.invoke(Method.java:568)
at org.testng.internal.invokers.MethodInvocationHelper.invokeMethod(MethodInvocationHelper.java:139)
at org.testng.internal.invokers.TestInvoker.invokeMethod(TestInvoker.java:677)
at org.testng.internal.invokers.TestInvoker.invokeTestMethod(TestInvoker.java:221)
at org.testng.internal.invokers.MethodRunner.runInSequence(MethodRunner.java:50)
at org.testng.internal.invokers.TestInvoker$MethodInvocationAgent.invoke(TestInvoker.java:962)
at org.testng.internal.invokers.TestInvoker.invokeTestMethods(TestInvoker.java:194)
at org.testng.internal.invokers.TestMethodWorker.invokeTestMethods(TestMethodWorker.java:148)
at org.testng.internal.invokers.TestMethodWorker.run(TestMethodWorker.java:128)
at java.base/java.util.ArrayList.forEach(ArrayList.java:1511)
at org.testng.TestRunner.privateRun(TestRunner.java:806)
at org.testng.TestRunner.run(TestRunner.java:601)
at org.testng.SuiteRunner.runTest(SuiteRunner.java:433)
at org.testng.SuiteRunner.runSequentially(SuiteRunner.java:427)
at org.testng.SuiteRunner.privateRun(SuiteRunner.java:387)
at org.testng.SuiteRunner.run(SuiteRunner.java:330)
at org.testng.SuiteRunnerWorker.runSuite(SuiteRunnerWorker.java:52)
at org.testng.SuiteRunnerWorker.run(SuiteRunnerWorker.java:95)
at org.testng.TestNG.runSuitesSequentially(TestNG.java:1256)
at org.testng.TestNG.runSuitesLocally(TestNG.java:1176)
at org.testng.TestNG.runSuites(TestNG.java:1099)
at org.testng.TestNG.run(TestNG.java:1067)
at org.testng.remote.AbstractRemoteTestNG.run(AbstractRemoteTestNG.java:115)
at org.testng.remote.RemoteTestNG.initAndRun(RemoteTestNG.java:251)
at org.testng.remote.RemoteTestNG.main(RemoteTestNG.java:77)
]]>
            </full-stacktrace>
          </exception> <!-- org.openqa.selenium.ElementClickInterceptedException -->
          <reporter-output>
          </reporter-output>
        </test-method> <!-- UploadCompliance1 -->
        <test-method is-config="true" signature="browserClosing()[pri:0, instance:comapnyAdminTest.CompanyAdminCriticalTestCases@60099951]" started-at="2024-09-10T00:58:48 IST" name="browserClosing" finished-at="2024-09-10T00:58:54 IST" duration-ms="5578" status="PASS">
          <reporter-output>
          </reporter-output>
        </test-method> <!-- browserClosing -->
        <test-method is-config="true" signature="Login()[pri:0, instance:comapnyAdminTest.CompanyAdminCriticalTestCases@60099951]" started-at="2024-09-10T00:58:54 IST" name="Login" finished-at="2024-09-10T00:59:16 IST" duration-ms="22194" status="PASS">
          <reporter-output>
          </reporter-output>
        </test-method> <!-- Login -->
        <test-method signature="UploadComplianceInternal()[pri:47, instance:comapnyAdminTest.CompanyAdminCriticalTestCases@60099951]" started-at="2024-09-10T00:59:16 IST" name="UploadComplianceInternal" finished-at="2024-09-10T01:00:14 IST" duration-ms="58137" status="FAIL">
          <exception class="org.openqa.selenium.ElementClickInterceptedException">
            <message>
              <![CDATA[element click intercepted: Element <button id="btnUploadComplaince" class="k-button" style="float:right">...</button> is not clickable at point (1088, 207). Other element would receive the click: <div class="k-overlay" style="display: block; z-index: 10002; opacity: 0.5;"></div>
  (Session info: chrome=128.0.6613.120)
Build info: version: '3.141.0', revision: '2ecb7d9a', time: '2018-10-31T20:09:30'
System info: host: 'TRPL-PUN-0125', ip: '192.168.5.61', os.name: 'Windows 10', os.arch: 'amd64', os.version: '10.0', java.version: '17.0.9'
Driver info: org.openqa.selenium.chrome.ChromeDriver
Capabilities {acceptInsecureCerts: false, browserName: chrome, browserVersion: 128.0.6613.120, chrome: {chromedriverVersion: 127.0.6533.57 (d4459446bf8a..., userDataDir: C:\Users\shitalb\AppData\Lo...}, fedcm:accounts: true, goog:chromeOptions: {debuggerAddress: localhost:58457}, javascriptEnabled: true, networkConnectionEnabled: false, pageLoadStrategy: normal, platform: WINDOWS, platformName: WINDOWS, proxy: Proxy(), setWindowRect: true, strictFileInteractability: false, timeouts: {implicit: 0, pageLoad: 300000, script: 30000}, unhandledPromptBehavior: dismiss and notify, webauthn:extension:credBlob: true, webauthn:extension:largeBlob: true, webauthn:extension:minPinLength: true, webauthn:extension:prf: true, webauthn:virtualAuthenticators: true}
Session ID: ebee3f503566b0dad48ca05155fc1ea0]]>
            </message>
            <full-stacktrace>
              <![CDATA[org.openqa.selenium.ElementClickInterceptedException: element click intercepted: Element <button id="btnUploadComplaince" class="k-button" style="float:right">...</button> is not clickable at point (1088, 207). Other element would receive the click: <div class="k-overlay" style="display: block; z-index: 10002; opacity: 0.5;"></div>
  (Session info: chrome=128.0.6613.120)
Build info: version: '3.141.0', revision: '2ecb7d9a', time: '2018-10-31T20:09:30'
System info: host: 'TRPL-PUN-0125', ip: '192.168.5.61', os.name: 'Windows 10', os.arch: 'amd64', os.version: '10.0', java.version: '17.0.9'
Driver info: org.openqa.selenium.chrome.ChromeDriver
Capabilities {acceptInsecureCerts: false, browserName: chrome, browserVersion: 128.0.6613.120, chrome: {chromedriverVersion: 127.0.6533.57 (d4459446bf8a..., userDataDir: C:\Users\shitalb\AppData\Lo...}, fedcm:accounts: true, goog:chromeOptions: {debuggerAddress: localhost:58457}, javascriptEnabled: true, networkConnectionEnabled: false, pageLoadStrategy: normal, platform: WINDOWS, platformName: WINDOWS, proxy: Proxy(), setWindowRect: true, strictFileInteractability: false, timeouts: {implicit: 0, pageLoad: 300000, script: 30000}, unhandledPromptBehavior: dismiss and notify, webauthn:extension:credBlob: true, webauthn:extension:largeBlob: true, webauthn:extension:minPinLength: true, webauthn:extension:prf: true, webauthn:virtualAuthenticators: true}
Session ID: ebee3f503566b0dad48ca05155fc1ea0
at java.base/jdk.internal.reflect.NativeConstructorAccessorImpl.newInstance0(Native Method)
at java.base/jdk.internal.reflect.NativeConstructorAccessorImpl.newInstance(NativeConstructorAccessorImpl.java:77)
at java.base/jdk.internal.reflect.DelegatingConstructorAccessorImpl.newInstance(DelegatingConstructorAccessorImpl.java:45)
at java.base/java.lang.reflect.Constructor.newInstanceWithCaller(Constructor.java:499)
at java.base/java.lang.reflect.Constructor.newInstance(Constructor.java:480)
at org.openqa.selenium.remote.http.W3CHttpResponseCodec.createException(W3CHttpResponseCodec.java:187)
at org.openqa.selenium.remote.http.W3CHttpResponseCodec.decode(W3CHttpResponseCodec.java:122)
at org.openqa.selenium.remote.http.W3CHttpResponseCodec.decode(W3CHttpResponseCodec.java:49)
at org.openqa.selenium.remote.HttpCommandExecutor.execute(HttpCommandExecutor.java:158)
at org.openqa.selenium.remote.service.DriverCommandExecutor.execute(DriverCommandExecutor.java:83)
at org.openqa.selenium.remote.RemoteWebDriver.execute(RemoteWebDriver.java:552)
at org.openqa.selenium.remote.RemoteWebElement.execute(RemoteWebElement.java:285)
at org.openqa.selenium.remote.RemoteWebElement.click(RemoteWebElement.java:84)
at companyAdmin.CriticalMethod.UploadComplianceInternal(CriticalMethod.java:4705)
at comapnyAdminTest.CompanyAdminCriticalTestCases.UploadComplianceInternal(CompanyAdminCriticalTestCases.java:775)
at java.base/jdk.internal.reflect.NativeMethodAccessorImpl.invoke0(Native Method)
at java.base/jdk.internal.reflect.NativeMethodAccessorImpl.invoke(NativeMethodAccessorImpl.java:77)
at java.base/jdk.internal.reflect.DelegatingMethodAccessorImpl.invoke(DelegatingMethodAccessorImpl.java:43)
at java.base/java.lang.reflect.Method.invoke(Method.java:568)
at org.testng.internal.invokers.MethodInvocationHelper.invokeMethod(MethodInvocationHelper.java:139)
at org.testng.internal.invokers.TestInvoker.invokeMethod(TestInvoker.java:677)
at org.testng.internal.invokers.TestInvoker.invokeTestMethod(TestInvoker.java:221)
at org.testng.internal.invokers.MethodRunner.runInSequence(MethodRunner.java:50)
at org.testng.internal.invokers.TestInvoker$MethodInvocationAgent.invoke(TestInvoker.java:962)
at org.testng.internal.invokers.TestInvoker.invokeTestMethods(TestInvoker.java:194)
at org.testng.internal.invokers.TestMethodWorker.invokeTestMethods(TestMethodWorker.java:148)
at org.testng.internal.invokers.TestMethodWorker.run(TestMethodWorker.java:128)
at java.base/java.util.ArrayList.forEach(ArrayList.java:1511)
at org.testng.TestRunner.privateRun(TestRunner.java:806)
at org.testng.TestRunner.run(TestRunner.java:601)
at org.testng.SuiteRunner.runTest(SuiteRunner.java:433)
at org.testng.SuiteRunner.runSequentially(SuiteRunner.java:427)
at org.testng.SuiteRunner.privateRun(SuiteRunner.java:387)
at org.testng.SuiteRunner.run(SuiteRunner.java:330)
at org.testng.SuiteRunnerWorker.runSuite(SuiteRunnerWorker.java:52)
at org.testng.SuiteRunnerWorker.run(SuiteRunnerWorker.java:95)
at org.testng.TestNG.runSuitesSequentially(TestNG.java:1256)
at org.testng.TestNG.runSuitesLocally(TestNG.java:1176)
at org.testng.TestNG.runSuites(TestNG.java:1099)
at org.testng.TestNG.run(TestNG.java:1067)
at org.testng.remote.AbstractRemoteTestNG.run(AbstractRemoteTestNG.java:115)
at org.testng.remote.RemoteTestNG.initAndRun(RemoteTestNG.java:251)
at org.testng.remote.RemoteTestNG.main(RemoteTestNG.java:77)
]]>
            </full-stacktrace>
          </exception> <!-- org.openqa.selenium.ElementClickInterceptedException -->
          <reporter-output>
          </reporter-output>
        </test-method> <!-- UploadComplianceInternal -->
        <test-method is-config="true" signature="browserClosing()[pri:0, instance:comapnyAdminTest.CompanyAdminCriticalTestCases@60099951]" started-at="2024-09-10T01:00:14 IST" name="browserClosing" finished-at="2024-09-10T01:00:19 IST" duration-ms="5449" status="PASS">
          <reporter-output>
          </reporter-output>
        </test-method> <!-- browserClosing -->
        <test-method is-config="true" signature="Login()[pri:0, instance:comapnyAdminTest.CompanyAdminCriticalTestCases@60099951]" started-at="2024-09-10T01:00:19 IST" name="Login" finished-at="2024-09-10T01:00:41 IST" duration-ms="21477" status="PASS">
          <reporter-output>
          </reporter-output>
        </test-method> <!-- Login -->
        <test-method signature="AddTemplateAC1()[pri:48, instance:comapnyAdminTest.CompanyAdminCriticalTestCases@60099951]" started-at="2024-09-10T01:00:41 IST" name="AddTemplateAC1" finished-at="2024-09-10T01:01:53 IST" duration-ms="71980" status="PASS">
          <reporter-output>
          </reporter-output>
        </test-method> <!-- AddTemplateAC1 -->
        <test-method is-config="true" signature="browserClosing()[pri:0, instance:comapnyAdminTest.CompanyAdminCriticalTestCases@60099951]" started-at="2024-09-10T01:01:53 IST" name="browserClosing" finished-at="2024-09-10T01:01:58 IST" duration-ms="5453" status="PASS">
          <reporter-output>
          </reporter-output>
        </test-method> <!-- browserClosing -->
        <test-method is-config="true" signature="Login()[pri:0, instance:comapnyAdminTest.CompanyAdminCriticalTestCases@60099951]" started-at="2024-09-10T01:01:58 IST" name="Login" finished-at="2024-09-10T01:02:20 IST" duration-ms="21650" status="PASS">
          <reporter-output>
          </reporter-output>
        </test-method> <!-- Login -->
        <test-method signature="ComplianceCombinedFormUpload()[pri:49, instance:comapnyAdminTest.CompanyAdminCriticalTestCases@60099951]" started-at="2024-09-10T01:02:20 IST" name="ComplianceCombinedFormUpload" finished-at="2024-09-10T01:03:33 IST" duration-ms="72883" status="PASS">
          <reporter-output>
          </reporter-output>
        </test-method> <!-- ComplianceCombinedFormUpload -->
        <test-method is-config="true" signature="browserClosing()[pri:0, instance:comapnyAdminTest.CompanyAdminCriticalTestCases@60099951]" started-at="2024-09-10T01:03:33 IST" name="browserClosing" finished-at="2024-09-10T01:03:38 IST" duration-ms="5656" status="PASS">
          <reporter-output>
          </reporter-output>
        </test-method> <!-- browserClosing -->
        <test-method is-config="true" signature="Login()[pri:0, instance:comapnyAdminTest.CompanyAdminCriticalTestCases@60099951]" started-at="2024-09-10T01:03:38 IST" name="Login" finished-at="2024-09-10T01:03:53 IST" duration-ms="15045" status="PASS">
          <reporter-output>
          </reporter-output>
        </test-method> <!-- Login -->
        <test-method signature="DeleteTemplateAC1()[pri:50, instance:comapnyAdminTest.CompanyAdminCriticalTestCases@60099951]" started-at="2024-09-10T01:03:53 IST" name="DeleteTemplateAC1" finished-at="2024-09-10T01:04:39 IST" duration-ms="45397" status="PASS">
          <reporter-output>
          </reporter-output>
        </test-method> <!-- DeleteTemplateAC1 -->
        <test-method is-config="true" signature="browserClosing()[pri:0, instance:comapnyAdminTest.CompanyAdminCriticalTestCases@60099951]" started-at="2024-09-10T01:04:39 IST" name="browserClosing" finished-at="2024-09-10T01:04:44 IST" duration-ms="5482" status="PASS">
          <reporter-output>
          </reporter-output>
        </test-method> <!-- browserClosing -->
        <test-method is-config="true" signature="Login()[pri:0, instance:comapnyAdminTest.CompanyAdminCriticalTestCases@60099951]" started-at="2024-09-10T01:04:44 IST" name="Login" finished-at="2024-09-10T01:05:00 IST" duration-ms="15417" status="PASS">
          <reporter-output>
          </reporter-output>
        </test-method> <!-- Login -->
        <test-method signature="TemplateClearButton1()[pri:50, instance:comapnyAdminTest.CompanyAdminCriticalTestCases@60099951]" started-at="2024-09-10T01:05:00 IST" name="TemplateClearButton1" finished-at="2024-09-10T01:05:32 IST" duration-ms="31974" status="PASS">
          <reporter-output>
          </reporter-output>
        </test-method> <!-- TemplateClearButton1 -->
        <test-method is-config="true" signature="browserClosing()[pri:0, instance:comapnyAdminTest.CompanyAdminCriticalTestCases@60099951]" started-at="2024-09-10T01:05:32 IST" name="browserClosing" finished-at="2024-09-10T01:05:37 IST" duration-ms="5364" status="PASS">
          <reporter-output>
          </reporter-output>
        </test-method> <!-- browserClosing -->
        <test-method is-config="true" signature="Login()[pri:0, instance:comapnyAdminTest.CompanyAdminCriticalTestCases@60099951]" started-at="2024-09-10T01:05:37 IST" name="Login" finished-at="2024-09-10T01:06:03 IST" duration-ms="25661" status="PASS">
          <reporter-output>
          </reporter-output>
        </test-method> <!-- Login -->
        <test-method signature="UploadTemplate1()[pri:51, instance:comapnyAdminTest.CompanyAdminCriticalTestCases@60099951]" started-at="2024-09-10T01:06:03 IST" name="UploadTemplate1" finished-at="2024-09-10T01:07:05 IST" duration-ms="61711" status="PASS">
          <reporter-output>
          </reporter-output>
        </test-method> <!-- UploadTemplate1 -->
        <test-method is-config="true" signature="browserClosing()[pri:0, instance:comapnyAdminTest.CompanyAdminCriticalTestCases@60099951]" started-at="2024-09-10T01:07:05 IST" name="browserClosing" finished-at="2024-09-10T01:07:10 IST" duration-ms="5436" status="PASS">
          <reporter-output>
          </reporter-output>
        </test-method> <!-- browserClosing -->
        <test-method is-config="true" signature="Login()[pri:0, instance:comapnyAdminTest.CompanyAdminCriticalTestCases@60099951]" started-at="2024-09-10T01:07:10 IST" name="Login" finished-at="2024-09-10T01:07:33 IST" duration-ms="23470" status="PASS">
          <reporter-output>
          </reporter-output>
        </test-method> <!-- Login -->
        <test-method signature="AddContractorType1()[pri:52, instance:comapnyAdminTest.CompanyAdminCriticalTestCases@60099951]" started-at="2024-09-10T01:07:33 IST" name="AddContractorType1" finished-at="2024-09-10T01:08:03 IST" duration-ms="29756" status="PASS">
          <reporter-output>
          </reporter-output>
        </test-method> <!-- AddContractorType1 -->
        <test-method is-config="true" signature="browserClosing()[pri:0, instance:comapnyAdminTest.CompanyAdminCriticalTestCases@60099951]" started-at="2024-09-10T01:08:03 IST" name="browserClosing" finished-at="2024-09-10T01:08:09 IST" duration-ms="5437" status="PASS">
          <reporter-output>
          </reporter-output>
        </test-method> <!-- browserClosing -->
        <test-method is-config="true" signature="Login()[pri:0, instance:comapnyAdminTest.CompanyAdminCriticalTestCases@60099951]" started-at="2024-09-10T01:08:09 IST" name="Login" finished-at="2024-09-10T01:08:32 IST" duration-ms="23336" status="PASS">
          <reporter-output>
          </reporter-output>
        </test-method> <!-- Login -->
        <test-method signature="UpdateContractorType1()[pri:53, instance:comapnyAdminTest.CompanyAdminCriticalTestCases@60099951]" started-at="2024-09-10T01:08:32 IST" name="UpdateContractorType1" finished-at="2024-09-10T01:09:10 IST" duration-ms="38031" status="PASS">
          <reporter-output>
          </reporter-output>
        </test-method> <!-- UpdateContractorType1 -->
        <test-method is-config="true" signature="browserClosing()[pri:0, instance:comapnyAdminTest.CompanyAdminCriticalTestCases@60099951]" started-at="2024-09-10T01:09:10 IST" name="browserClosing" finished-at="2024-09-10T01:09:15 IST" duration-ms="5433" status="PASS">
          <reporter-output>
          </reporter-output>
        </test-method> <!-- browserClosing -->
        <test-method is-config="true" signature="Login()[pri:0, instance:comapnyAdminTest.CompanyAdminCriticalTestCases@60099951]" started-at="2024-09-10T01:09:15 IST" name="Login" finished-at="2024-09-10T01:09:42 IST" duration-ms="27080" status="PASS">
          <reporter-output>
          </reporter-output>
        </test-method> <!-- Login -->
        <test-method signature="DeleteContractorType1()[pri:54, instance:comapnyAdminTest.CompanyAdminCriticalTestCases@60099951]" started-at="2024-09-10T01:09:42 IST" name="DeleteContractorType1" finished-at="2024-09-10T01:10:18 IST" duration-ms="35040" status="PASS">
          <reporter-output>
          </reporter-output>
        </test-method> <!-- DeleteContractorType1 -->
        <test-method is-config="true" signature="browserClosing()[pri:0, instance:comapnyAdminTest.CompanyAdminCriticalTestCases@60099951]" started-at="2024-09-10T01:10:18 IST" name="browserClosing" finished-at="2024-09-10T01:10:23 IST" duration-ms="5399" status="PASS">
          <reporter-output>
          </reporter-output>
        </test-method> <!-- browserClosing -->
        <test-method is-config="true" signature="Login()[pri:0, instance:comapnyAdminTest.CompanyAdminCriticalTestCases@60099951]" started-at="2024-09-10T01:10:23 IST" name="Login" finished-at="2024-09-10T01:10:48 IST" duration-ms="24778" status="PASS">
          <reporter-output>
          </reporter-output>
        </test-method> <!-- Login -->
        <test-method signature="ContractorTypeClearButtonn1()[pri:55, instance:comapnyAdminTest.CompanyAdminCriticalTestCases@60099951]" started-at="2024-09-10T01:10:48 IST" name="ContractorTypeClearButtonn1" finished-at="2024-09-10T01:11:01 IST" duration-ms="13550" status="PASS">
          <reporter-output>
          </reporter-output>
        </test-method> <!-- ContractorTypeClearButtonn1 -->
        <test-method is-config="true" signature="browserClosing()[pri:0, instance:comapnyAdminTest.CompanyAdminCriticalTestCases@60099951]" started-at="2024-09-10T01:11:01 IST" name="browserClosing" finished-at="2024-09-10T01:11:07 IST" duration-ms="5455" status="PASS">
          <reporter-output>
          </reporter-output>
        </test-method> <!-- browserClosing -->
        <test-method is-config="true" signature="Login()[pri:0, instance:comapnyAdminTest.CompanyAdminCriticalTestCases@60099951]" started-at="2024-09-10T01:11:07 IST" name="Login" finished-at="2024-09-10T01:11:39 IST" duration-ms="31978" status="PASS">
          <reporter-output>
          </reporter-output>
        </test-method> <!-- Login -->
        <test-method signature="AddCity1()[pri:56, instance:comapnyAdminTest.CompanyAdminCriticalTestCases@60099951]" started-at="2024-09-10T01:11:39 IST" name="AddCity1" finished-at="2024-09-10T01:12:18 IST" duration-ms="39309" status="PASS">
          <reporter-output>
          </reporter-output>
        </test-method> <!-- AddCity1 -->
        <test-method is-config="true" signature="browserClosing()[pri:0, instance:comapnyAdminTest.CompanyAdminCriticalTestCases@60099951]" started-at="2024-09-10T01:12:18 IST" name="browserClosing" finished-at="2024-09-10T01:12:24 IST" duration-ms="5614" status="PASS">
          <reporter-output>
          </reporter-output>
        </test-method> <!-- browserClosing -->
        <test-method is-config="true" signature="Login()[pri:0, instance:comapnyAdminTest.CompanyAdminCriticalTestCases@60099951]" started-at="2024-09-10T01:12:24 IST" name="Login" finished-at="2024-09-10T01:13:01 IST" duration-ms="37555" status="PASS">
          <reporter-output>
          </reporter-output>
        </test-method> <!-- Login -->
        <test-method signature="UpdateCity1()[pri:57, instance:comapnyAdminTest.CompanyAdminCriticalTestCases@60099951]" started-at="2024-09-10T01:13:01 IST" name="UpdateCity1" finished-at="2024-09-10T01:13:44 IST" duration-ms="42434" status="PASS">
          <reporter-output>
          </reporter-output>
        </test-method> <!-- UpdateCity1 -->
        <test-method is-config="true" signature="browserClosing()[pri:0, instance:comapnyAdminTest.CompanyAdminCriticalTestCases@60099951]" started-at="2024-09-10T01:13:44 IST" name="browserClosing" finished-at="2024-09-10T01:13:49 IST" duration-ms="5433" status="PASS">
          <reporter-output>
          </reporter-output>
        </test-method> <!-- browserClosing -->
        <test-method is-config="true" signature="Login()[pri:0, instance:comapnyAdminTest.CompanyAdminCriticalTestCases@60099951]" started-at="2024-09-10T01:13:49 IST" name="Login" finished-at="2024-09-10T01:14:20 IST" duration-ms="30973" status="PASS">
          <reporter-output>
          </reporter-output>
        </test-method> <!-- Login -->
        <test-method signature="DeleteCity1()[pri:58, instance:comapnyAdminTest.CompanyAdminCriticalTestCases@60099951]" started-at="2024-09-10T01:14:20 IST" name="DeleteCity1" finished-at="2024-09-10T01:14:46 IST" duration-ms="25568" status="PASS">
          <reporter-output>
          </reporter-output>
        </test-method> <!-- DeleteCity1 -->
        <test-method is-config="true" signature="browserClosing()[pri:0, instance:comapnyAdminTest.CompanyAdminCriticalTestCases@60099951]" started-at="2024-09-10T01:14:46 IST" name="browserClosing" finished-at="2024-09-10T01:14:51 IST" duration-ms="5486" status="PASS">
          <reporter-output>
          </reporter-output>
        </test-method> <!-- browserClosing -->
        <test-method is-config="true" signature="Login()[pri:0, instance:comapnyAdminTest.CompanyAdminCriticalTestCases@60099951]" started-at="2024-09-10T01:14:51 IST" name="Login" finished-at="2024-09-10T01:15:13 IST" duration-ms="22022" status="PASS">
          <reporter-output>
          </reporter-output>
        </test-method> <!-- Login -->
        <test-method signature="CityMasterClearButton1()[pri:59, instance:comapnyAdminTest.CompanyAdminCriticalTestCases@60099951]" started-at="2024-09-10T01:15:13 IST" name="CityMasterClearButton1" finished-at="2024-09-10T01:16:00 IST" duration-ms="47140" status="FAIL">
          <exception class="org.openqa.selenium.NoSuchElementException">
            <message>
              <![CDATA[no such element: Unable to locate element: {"method":"xpath","selector":"(//li[.='Abu Dhabi'])[2]"}
  (Session info: chrome=128.0.6613.120)
For documentation on this error, please visit: http://seleniumhq.org/exceptions/no_such_element.html
Build info: version: '3.141.0', revision: '2ecb7d9a', time: '2018-10-31T20:09:30'
System info: host: 'TRPL-PUN-0125', ip: '192.168.5.61', os.name: 'Windows 10', os.arch: 'amd64', os.version: '10.0', java.version: '17.0.9'
Driver info: org.openqa.selenium.chrome.ChromeDriver
Capabilities {acceptInsecureCerts: false, browserName: chrome, browserVersion: 128.0.6613.120, chrome: {chromedriverVersion: 127.0.6533.57 (d4459446bf8a..., userDataDir: C:\Users\shitalb\AppData\Lo...}, fedcm:accounts: true, goog:chromeOptions: {debuggerAddress: localhost:59109}, javascriptEnabled: true, networkConnectionEnabled: false, pageLoadStrategy: normal, platform: WINDOWS, platformName: WINDOWS, proxy: Proxy(), setWindowRect: true, strictFileInteractability: false, timeouts: {implicit: 0, pageLoad: 300000, script: 30000}, unhandledPromptBehavior: dismiss and notify, webauthn:extension:credBlob: true, webauthn:extension:largeBlob: true, webauthn:extension:minPinLength: true, webauthn:extension:prf: true, webauthn:virtualAuthenticators: true}
Session ID: e372394d5d618a8de9db1dea16805428
*** Element info: {Using=xpath, value=(//li[.='Abu Dhabi'])[2]}]]>
            </message>
            <full-stacktrace>
              <![CDATA[org.openqa.selenium.NoSuchElementException: no such element: Unable to locate element: {"method":"xpath","selector":"(//li[.='Abu Dhabi'])[2]"}
  (Session info: chrome=128.0.6613.120)
For documentation on this error, please visit: http://seleniumhq.org/exceptions/no_such_element.html
Build info: version: '3.141.0', revision: '2ecb7d9a', time: '2018-10-31T20:09:30'
System info: host: 'TRPL-PUN-0125', ip: '192.168.5.61', os.name: 'Windows 10', os.arch: 'amd64', os.version: '10.0', java.version: '17.0.9'
Driver info: org.openqa.selenium.chrome.ChromeDriver
Capabilities {acceptInsecureCerts: false, browserName: chrome, browserVersion: 128.0.6613.120, chrome: {chromedriverVersion: 127.0.6533.57 (d4459446bf8a..., userDataDir: C:\Users\shitalb\AppData\Lo...}, fedcm:accounts: true, goog:chromeOptions: {debuggerAddress: localhost:59109}, javascriptEnabled: true, networkConnectionEnabled: false, pageLoadStrategy: normal, platform: WINDOWS, platformName: WINDOWS, proxy: Proxy(), setWindowRect: true, strictFileInteractability: false, timeouts: {implicit: 0, pageLoad: 300000, script: 30000}, unhandledPromptBehavior: dismiss and notify, webauthn:extension:credBlob: true, webauthn:extension:largeBlob: true, webauthn:extension:minPinLength: true, webauthn:extension:prf: true, webauthn:virtualAuthenticators: true}
Session ID: e372394d5d618a8de9db1dea16805428
*** Element info: {Using=xpath, value=(//li[.='Abu Dhabi'])[2]}
at java.base/jdk.internal.reflect.NativeConstructorAccessorImpl.newInstance0(Native Method)
at java.base/jdk.internal.reflect.NativeConstructorAccessorImpl.newInstance(NativeConstructorAccessorImpl.java:77)
at java.base/jdk.internal.reflect.DelegatingConstructorAccessorImpl.newInstance(DelegatingConstructorAccessorImpl.java:45)
at java.base/java.lang.reflect.Constructor.newInstanceWithCaller(Constructor.java:499)
at java.base/java.lang.reflect.Constructor.newInstance(Constructor.java:480)
at org.openqa.selenium.remote.http.W3CHttpResponseCodec.createException(W3CHttpResponseCodec.java:187)
at org.openqa.selenium.remote.http.W3CHttpResponseCodec.decode(W3CHttpResponseCodec.java:122)
at org.openqa.selenium.remote.http.W3CHttpResponseCodec.decode(W3CHttpResponseCodec.java:49)
at org.openqa.selenium.remote.HttpCommandExecutor.execute(HttpCommandExecutor.java:158)
at org.openqa.selenium.remote.service.DriverCommandExecutor.execute(DriverCommandExecutor.java:83)
at org.openqa.selenium.remote.RemoteWebDriver.execute(RemoteWebDriver.java:552)
at org.openqa.selenium.remote.RemoteWebDriver.findElement(RemoteWebDriver.java:323)
at org.openqa.selenium.remote.RemoteWebDriver.findElementByXPath(RemoteWebDriver.java:428)
at org.openqa.selenium.By$ByXPath.findElement(By.java:353)
at org.openqa.selenium.remote.RemoteWebDriver.findElement(RemoteWebDriver.java:315)
at companyAdmin.Locator.CitySearcStateDDMaster(Locator.java:3767)
at companyAdmin.CriticalMethod.CityMasterClearButton(CriticalMethod.java:5620)
at comapnyAdminTest.CompanyAdminCriticalTestCases.CityMasterClearButton1(CompanyAdminCriticalTestCases.java:937)
at java.base/jdk.internal.reflect.NativeMethodAccessorImpl.invoke0(Native Method)
at java.base/jdk.internal.reflect.NativeMethodAccessorImpl.invoke(NativeMethodAccessorImpl.java:77)
at java.base/jdk.internal.reflect.DelegatingMethodAccessorImpl.invoke(DelegatingMethodAccessorImpl.java:43)
at java.base/java.lang.reflect.Method.invoke(Method.java:568)
at org.testng.internal.invokers.MethodInvocationHelper.invokeMethod(MethodInvocationHelper.java:139)
at org.testng.internal.invokers.TestInvoker.invokeMethod(TestInvoker.java:677)
at org.testng.internal.invokers.TestInvoker.invokeTestMethod(TestInvoker.java:221)
at org.testng.internal.invokers.MethodRunner.runInSequence(MethodRunner.java:50)
at org.testng.internal.invokers.TestInvoker$MethodInvocationAgent.invoke(TestInvoker.java:962)
at org.testng.internal.invokers.TestInvoker.invokeTestMethods(TestInvoker.java:194)
at org.testng.internal.invokers.TestMethodWorker.invokeTestMethods(TestMethodWorker.java:148)
at org.testng.internal.invokers.TestMethodWorker.run(TestMethodWorker.java:128)
at java.base/java.util.ArrayList.forEach(ArrayList.java:1511)
at org.testng.TestRunner.privateRun(TestRunner.java:806)
at org.testng.TestRunner.run(TestRunner.java:601)
at org.testng.SuiteRunner.runTest(SuiteRunner.java:433)
at org.testng.SuiteRunner.runSequentially(SuiteRunner.java:427)
at org.testng.SuiteRunner.privateRun(SuiteRunner.java:387)
at org.testng.SuiteRunner.run(SuiteRunner.java:330)
at org.testng.SuiteRunnerWorker.runSuite(SuiteRunnerWorker.java:52)
at org.testng.SuiteRunnerWorker.run(SuiteRunnerWorker.java:95)
at org.testng.TestNG.runSuitesSequentially(TestNG.java:1256)
at org.testng.TestNG.runSuitesLocally(TestNG.java:1176)
at org.testng.TestNG.runSuites(TestNG.java:1099)
at org.testng.TestNG.run(TestNG.java:1067)
at org.testng.remote.AbstractRemoteTestNG.run(AbstractRemoteTestNG.java:115)
at org.testng.remote.RemoteTestNG.initAndRun(RemoteTestNG.java:251)
at org.testng.remote.RemoteTestNG.main(RemoteTestNG.java:77)
]]>
            </full-stacktrace>
          </exception> <!-- org.openqa.selenium.NoSuchElementException -->
          <reporter-output>
          </reporter-output>
        </test-method> <!-- CityMasterClearButton1 -->
        <test-method is-config="true" signature="browserClosing()[pri:0, instance:comapnyAdminTest.CompanyAdminCriticalTestCases@60099951]" started-at="2024-09-10T01:16:00 IST" name="browserClosing" finished-at="2024-09-10T01:16:06 IST" duration-ms="5420" status="PASS">
          <reporter-output>
          </reporter-output>
        </test-method> <!-- browserClosing -->
        <test-method is-config="true" signature="Login()[pri:0, instance:comapnyAdminTest.CompanyAdminCriticalTestCases@60099951]" started-at="2024-09-10T01:16:06 IST" name="Login" finished-at="2024-09-10T01:16:29 IST" duration-ms="23377" status="PASS">
          <reporter-output>
          </reporter-output>
        </test-method> <!-- Login -->
        <test-method signature="AddLicenceType1()[pri:60, instance:comapnyAdminTest.CompanyAdminCriticalTestCases@60099951]" started-at="2024-09-10T01:16:29 IST" name="AddLicenceType1" finished-at="2024-09-10T01:16:57 IST" duration-ms="27935" status="PASS">
          <reporter-output>
          </reporter-output>
        </test-method> <!-- AddLicenceType1 -->
        <test-method is-config="true" signature="browserClosing()[pri:0, instance:comapnyAdminTest.CompanyAdminCriticalTestCases@60099951]" started-at="2024-09-10T01:16:57 IST" name="browserClosing" finished-at="2024-09-10T01:17:02 IST" duration-ms="5491" status="PASS">
          <reporter-output>
          </reporter-output>
        </test-method> <!-- browserClosing -->
        <test-method is-config="true" signature="Login()[pri:0, instance:comapnyAdminTest.CompanyAdminCriticalTestCases@60099951]" started-at="2024-09-10T01:17:02 IST" name="Login" finished-at="2024-09-10T01:17:25 IST" duration-ms="22721" status="PASS">
          <reporter-output>
          </reporter-output>
        </test-method> <!-- Login -->
        <test-method signature="UpdateLicenceType1()[pri:61, instance:comapnyAdminTest.CompanyAdminCriticalTestCases@60099951]" started-at="2024-09-10T01:17:25 IST" name="UpdateLicenceType1" finished-at="2024-09-10T01:17:57 IST" duration-ms="32255" status="PASS">
          <reporter-output>
          </reporter-output>
        </test-method> <!-- UpdateLicenceType1 -->
        <test-method is-config="true" signature="browserClosing()[pri:0, instance:comapnyAdminTest.CompanyAdminCriticalTestCases@60099951]" started-at="2024-09-10T01:17:57 IST" name="browserClosing" finished-at="2024-09-10T01:18:03 IST" duration-ms="5426" status="PASS">
          <reporter-output>
          </reporter-output>
        </test-method> <!-- browserClosing -->
        <test-method is-config="true" signature="Login()[pri:0, instance:comapnyAdminTest.CompanyAdminCriticalTestCases@60099951]" started-at="2024-09-10T01:18:03 IST" name="Login" finished-at="2024-09-10T01:18:24 IST" duration-ms="20696" status="PASS">
          <reporter-output>
          </reporter-output>
        </test-method> <!-- Login -->
        <test-method signature="DeleteLicenceType1()[pri:62, instance:comapnyAdminTest.CompanyAdminCriticalTestCases@60099951]" started-at="2024-09-10T01:18:24 IST" name="DeleteLicenceType1" finished-at="2024-09-10T01:18:43 IST" duration-ms="19220" status="PASS">
          <reporter-output>
          </reporter-output>
        </test-method> <!-- DeleteLicenceType1 -->
        <test-method is-config="true" signature="browserClosing()[pri:0, instance:comapnyAdminTest.CompanyAdminCriticalTestCases@60099951]" started-at="2024-09-10T01:18:43 IST" name="browserClosing" finished-at="2024-09-10T01:18:48 IST" duration-ms="5483" status="PASS">
          <reporter-output>
          </reporter-output>
        </test-method> <!-- browserClosing -->
        <test-method is-config="true" signature="Login()[pri:0, instance:comapnyAdminTest.CompanyAdminCriticalTestCases@60099951]" started-at="2024-09-10T01:18:48 IST" name="Login" finished-at="2024-09-10T01:19:11 IST" duration-ms="22456" status="PASS">
          <reporter-output>
          </reporter-output>
        </test-method> <!-- Login -->
        <test-method signature="LicenceTypeClearButton1()[pri:63, instance:comapnyAdminTest.CompanyAdminCriticalTestCases@60099951]" started-at="2024-09-10T01:19:11 IST" name="LicenceTypeClearButton1" finished-at="2024-09-10T01:19:24 IST" duration-ms="13336" status="PASS">
          <reporter-output>
          </reporter-output>
        </test-method> <!-- LicenceTypeClearButton1 -->
        <test-method is-config="true" signature="browserClosing()[pri:0, instance:comapnyAdminTest.CompanyAdminCriticalTestCases@60099951]" started-at="2024-09-10T01:19:24 IST" name="browserClosing" finished-at="2024-09-10T01:19:30 IST" duration-ms="5437" status="PASS">
          <reporter-output>
          </reporter-output>
        </test-method> <!-- browserClosing -->
        <test-method is-config="true" signature="Login()[pri:0, instance:comapnyAdminTest.CompanyAdminCriticalTestCases@60099951]" started-at="2024-09-10T01:19:30 IST" name="Login" finished-at="2024-09-10T01:19:46 IST" duration-ms="16585" status="PASS">
          <reporter-output>
          </reporter-output>
        </test-method> <!-- Login -->
        <test-method signature="AddDataPoint1()[pri:64, instance:comapnyAdminTest.CompanyAdminCriticalTestCases@60099951]" started-at="2024-09-10T01:19:46 IST" name="AddDataPoint1" finished-at="2024-09-10T01:20:25 IST" duration-ms="38654" status="PASS">
          <reporter-output>
          </reporter-output>
        </test-method> <!-- AddDataPoint1 -->
        <test-method is-config="true" signature="browserClosing()[pri:0, instance:comapnyAdminTest.CompanyAdminCriticalTestCases@60099951]" started-at="2024-09-10T01:20:25 IST" name="browserClosing" finished-at="2024-09-10T01:20:30 IST" duration-ms="5414" status="PASS">
          <reporter-output>
          </reporter-output>
        </test-method> <!-- browserClosing -->
        <test-method is-config="true" signature="Login()[pri:0, instance:comapnyAdminTest.CompanyAdminCriticalTestCases@60099951]" started-at="2024-09-10T01:20:30 IST" name="Login" finished-at="2024-09-10T01:20:53 IST" duration-ms="23304" status="PASS">
          <reporter-output>
          </reporter-output>
        </test-method> <!-- Login -->
        <test-method signature="UpdateDataPoint1()[pri:65, instance:comapnyAdminTest.CompanyAdminCriticalTestCases@60099951]" started-at="2024-09-10T01:20:53 IST" name="UpdateDataPoint1" finished-at="2024-09-10T01:21:30 IST" duration-ms="36320" status="PASS">
          <reporter-output>
          </reporter-output>
        </test-method> <!-- UpdateDataPoint1 -->
        <test-method is-config="true" signature="browserClosing()[pri:0, instance:comapnyAdminTest.CompanyAdminCriticalTestCases@60099951]" started-at="2024-09-10T01:21:30 IST" name="browserClosing" finished-at="2024-09-10T01:21:35 IST" duration-ms="5334" status="PASS">
          <reporter-output>
          </reporter-output>
        </test-method> <!-- browserClosing -->
        <test-method is-config="true" signature="Login()[pri:0, instance:comapnyAdminTest.CompanyAdminCriticalTestCases@60099951]" started-at="2024-09-10T01:21:35 IST" name="Login" finished-at="2024-09-10T01:21:56 IST" duration-ms="20873" status="PASS">
          <reporter-output>
          </reporter-output>
        </test-method> <!-- Login -->
        <test-method signature="DeleteDataPoint1()[pri:66, instance:comapnyAdminTest.CompanyAdminCriticalTestCases@60099951]" started-at="2024-09-10T01:21:56 IST" name="DeleteDataPoint1" finished-at="2024-09-10T01:22:22 IST" duration-ms="26071" status="PASS">
          <reporter-output>
          </reporter-output>
        </test-method> <!-- DeleteDataPoint1 -->
        <test-method is-config="true" signature="browserClosing()[pri:0, instance:comapnyAdminTest.CompanyAdminCriticalTestCases@60099951]" started-at="2024-09-10T01:22:22 IST" name="browserClosing" finished-at="2024-09-10T01:22:27 IST" duration-ms="5377" status="PASS">
          <reporter-output>
          </reporter-output>
        </test-method> <!-- browserClosing -->
        <test-method is-config="true" signature="Login()[pri:0, instance:comapnyAdminTest.CompanyAdminCriticalTestCases@60099951]" started-at="2024-09-10T01:22:27 IST" name="Login" finished-at="2024-09-10T01:23:35 IST" duration-ms="67872" status="PASS">
          <reporter-output>
          </reporter-output>
        </test-method> <!-- Login -->
        <test-method signature="DataPointClearButton1()[pri:67, instance:comapnyAdminTest.CompanyAdminCriticalTestCases@60099951]" started-at="2024-09-10T01:23:35 IST" name="DataPointClearButton1" finished-at="2024-09-10T01:23:50 IST" duration-ms="15120" status="PASS">
          <reporter-output>
          </reporter-output>
        </test-method> <!-- DataPointClearButton1 -->
        <test-method is-config="true" signature="browserClosing()[pri:0, instance:comapnyAdminTest.CompanyAdminCriticalTestCases@60099951]" started-at="2024-09-10T01:23:50 IST" name="browserClosing" finished-at="2024-09-10T01:23:56 IST" duration-ms="5450" status="PASS">
          <reporter-output>
          </reporter-output>
        </test-method> <!-- browserClosing -->
        <test-method is-config="true" signature="Login()[pri:0, instance:comapnyAdminTest.CompanyAdminCriticalTestCases@60099951]" started-at="2024-09-10T01:23:56 IST" name="Login" finished-at="2024-09-10T01:24:28 IST" duration-ms="32044" status="PASS">
          <reporter-output>
          </reporter-output>
        </test-method> <!-- Login -->
        <test-method signature="AddNewCompliance1()[pri:68, instance:comapnyAdminTest.CompanyAdminCriticalTestCases@60099951]" started-at="2024-09-10T01:24:28 IST" name="AddNewCompliance1" finished-at="2024-09-10T01:24:56 IST" duration-ms="27666" status="PASS">
          <reporter-output>
          </reporter-output>
        </test-method> <!-- AddNewCompliance1 -->
        <test-method is-config="true" signature="browserClosing()[pri:0, instance:comapnyAdminTest.CompanyAdminCriticalTestCases@60099951]" started-at="2024-09-10T01:24:56 IST" name="browserClosing" finished-at="2024-09-10T01:25:01 IST" duration-ms="5553" status="PASS">
          <reporter-output>
          </reporter-output>
        </test-method> <!-- browserClosing -->
        <test-method is-config="true" signature="Login()[pri:0, instance:comapnyAdminTest.CompanyAdminCriticalTestCases@60099951]" started-at="2024-09-10T01:25:01 IST" name="Login" finished-at="2024-09-10T01:25:24 IST" duration-ms="22964" status="PASS">
          <reporter-output>
          </reporter-output>
        </test-method> <!-- Login -->
        <test-method signature="UpdateCompliencesFTab1()[pri:69, instance:comapnyAdminTest.CompanyAdminCriticalTestCases@60099951]" started-at="2024-09-10T01:25:24 IST" name="UpdateCompliencesFTab1" finished-at="2024-09-10T01:26:08 IST" duration-ms="43524" status="PASS">
          <reporter-output>
          </reporter-output>
        </test-method> <!-- UpdateCompliencesFTab1 -->
        <test-method is-config="true" signature="browserClosing()[pri:0, instance:comapnyAdminTest.CompanyAdminCriticalTestCases@60099951]" started-at="2024-09-10T01:26:08 IST" name="browserClosing" finished-at="2024-09-10T01:26:13 IST" duration-ms="5498" status="PASS">
          <reporter-output>
          </reporter-output>
        </test-method> <!-- browserClosing -->
        <test-method is-config="true" signature="Login()[pri:0, instance:comapnyAdminTest.CompanyAdminCriticalTestCases@60099951]" started-at="2024-09-10T01:26:13 IST" name="Login" finished-at="2024-09-10T01:26:35 IST" duration-ms="21999" status="PASS">
          <reporter-output>
          </reporter-output>
        </test-method> <!-- Login -->
        <test-method signature="ExportReportDownloadCM1()[pri:70, instance:comapnyAdminTest.CompanyAdminCriticalTestCases@60099951]" started-at="2024-09-10T01:26:35 IST" name="ExportReportDownloadCM1" finished-at="2024-09-10T01:27:35 IST" duration-ms="59899" status="PASS">
          <reporter-output>
          </reporter-output>
        </test-method> <!-- ExportReportDownloadCM1 -->
        <test-method is-config="true" signature="browserClosing()[pri:0, instance:comapnyAdminTest.CompanyAdminCriticalTestCases@60099951]" started-at="2024-09-10T01:27:35 IST" name="browserClosing" finished-at="2024-09-10T01:27:41 IST" duration-ms="5519" status="PASS">
          <reporter-output>
          </reporter-output>
        </test-method> <!-- browserClosing -->
        <test-method is-config="true" signature="Login()[pri:0, instance:comapnyAdminTest.CompanyAdminCriticalTestCases@60099951]" started-at="2024-09-10T01:27:41 IST" name="Login" finished-at="2024-09-10T01:28:01 IST" duration-ms="20129" status="PASS">
          <reporter-output>
          </reporter-output>
        </test-method> <!-- Login -->
        <test-method signature="ExportButtonCM1()[pri:71, instance:comapnyAdminTest.CompanyAdminCriticalTestCases@60099951]" started-at="2024-09-10T01:28:01 IST" name="ExportButtonCM1" finished-at="2024-09-10T01:28:56 IST" duration-ms="54860" status="PASS">
          <reporter-output>
          </reporter-output>
        </test-method> <!-- ExportButtonCM1 -->
        <test-method is-config="true" signature="browserClosing()[pri:0, instance:comapnyAdminTest.CompanyAdminCriticalTestCases@60099951]" started-at="2024-09-10T01:28:56 IST" name="browserClosing" finished-at="2024-09-10T01:29:01 IST" duration-ms="5487" status="PASS">
          <reporter-output>
          </reporter-output>
        </test-method> <!-- browserClosing -->
        <test-method is-config="true" signature="Login()[pri:0, instance:comapnyAdminTest.CompanyAdminCriticalTestCases@60099951]" started-at="2024-09-10T01:29:01 IST" name="Login" finished-at="2024-09-10T01:29:22 IST" duration-ms="21311" status="PASS">
          <reporter-output>
          </reporter-output>
        </test-method> <!-- Login -->
        <test-method signature="ClearButton1()[pri:72, instance:comapnyAdminTest.CompanyAdminCriticalTestCases@60099951]" started-at="2024-09-10T01:29:22 IST" name="ClearButton1" finished-at="2024-09-10T01:29:39 IST" duration-ms="16263" status="PASS">
          <reporter-output>
          </reporter-output>
        </test-method> <!-- ClearButton1 -->
        <test-method is-config="true" signature="browserClosing()[pri:0, instance:comapnyAdminTest.CompanyAdminCriticalTestCases@60099951]" started-at="2024-09-10T01:29:39 IST" name="browserClosing" finished-at="2024-09-10T01:29:44 IST" duration-ms="5390" status="PASS">
          <reporter-output>
          </reporter-output>
        </test-method> <!-- browserClosing -->
        <test-method is-config="true" signature="Login()[pri:0, instance:comapnyAdminTest.CompanyAdminCriticalTestCases@60099951]" started-at="2024-09-10T01:29:44 IST" name="Login" finished-at="2024-09-10T01:30:04 IST" duration-ms="20020" status="PASS">
          <reporter-output>
          </reporter-output>
        </test-method> <!-- Login -->
        <test-method signature="UploadCMFTab1()[pri:73, instance:comapnyAdminTest.CompanyAdminCriticalTestCases@60099951]" started-at="2024-09-10T01:30:04 IST" name="UploadCMFTab1" finished-at="2024-09-10T01:30:37 IST" duration-ms="32510" status="PASS">
          <reporter-output>
          </reporter-output>
        </test-method> <!-- UploadCMFTab1 -->
        <test-method is-config="true" signature="browserClosing()[pri:0, instance:comapnyAdminTest.CompanyAdminCriticalTestCases@60099951]" started-at="2024-09-10T01:30:37 IST" name="browserClosing" finished-at="2024-09-10T01:30:42 IST" duration-ms="5513" status="PASS">
          <reporter-output>
          </reporter-output>
        </test-method> <!-- browserClosing -->
        <test-method is-config="true" signature="Login()[pri:0, instance:comapnyAdminTest.CompanyAdminCriticalTestCases@60099951]" started-at="2024-09-10T01:30:42 IST" name="Login" finished-at="2024-09-10T01:31:06 IST" duration-ms="24152" status="PASS">
          <reporter-output>
          </reporter-output>
        </test-method> <!-- Login -->
        <test-method signature="ViewIconCM1()[pri:74, instance:comapnyAdminTest.CompanyAdminCriticalTestCases@60099951]" started-at="2024-09-10T01:31:06 IST" name="ViewIconCM1" finished-at="2024-09-10T01:31:26 IST" duration-ms="19367" status="PASS">
          <reporter-output>
          </reporter-output>
        </test-method> <!-- ViewIconCM1 -->
        <test-method is-config="true" signature="browserClosing()[pri:0, instance:comapnyAdminTest.CompanyAdminCriticalTestCases@60099951]" started-at="2024-09-10T01:31:26 IST" name="browserClosing" finished-at="2024-09-10T01:31:31 IST" duration-ms="5485" status="PASS">
          <reporter-output>
          </reporter-output>
        </test-method> <!-- browserClosing -->
        <test-method is-config="true" signature="Login()[pri:0, instance:comapnyAdminTest.CompanyAdminCriticalTestCases@60099951]" started-at="2024-09-10T01:31:31 IST" name="Login" finished-at="2024-09-10T01:31:55 IST" duration-ms="23758" status="PASS">
          <reporter-output>
          </reporter-output>
        </test-method> <!-- Login -->
        <test-method signature="AuditSchedule1()[pri:75, instance:comapnyAdminTest.CompanyAdminCriticalTestCases@60099951]" started-at="2024-09-10T01:31:55 IST" name="AuditSchedule1" finished-at="2024-09-10T01:33:15 IST" duration-ms="80471" status="PASS">
          <reporter-output>
          </reporter-output>
        </test-method> <!-- AuditSchedule1 -->
        <test-method is-config="true" signature="browserClosing()[pri:0, instance:comapnyAdminTest.CompanyAdminCriticalTestCases@60099951]" started-at="2024-09-10T01:33:15 IST" name="browserClosing" finished-at="2024-09-10T01:33:21 IST" duration-ms="5475" status="PASS">
          <reporter-output>
          </reporter-output>
        </test-method> <!-- browserClosing -->
        <test-method is-config="true" signature="Login()[pri:0, instance:comapnyAdminTest.CompanyAdminCriticalTestCases@60099951]" started-at="2024-09-10T01:33:21 IST" name="Login" finished-at="2024-09-10T01:33:43 IST" duration-ms="22647" status="PASS">
          <reporter-output>
          </reporter-output>
        </test-method> <!-- Login -->
        <test-method signature="ClearButtonAS1()[pri:76, instance:comapnyAdminTest.CompanyAdminCriticalTestCases@60099951]" started-at="2024-09-10T01:33:43 IST" name="ClearButtonAS1" finished-at="2024-09-10T01:34:14 IST" duration-ms="31065" status="PASS">
          <reporter-output>
          </reporter-output>
        </test-method> <!-- ClearButtonAS1 -->
        <test-method is-config="true" signature="browserClosing()[pri:0, instance:comapnyAdminTest.CompanyAdminCriticalTestCases@60099951]" started-at="2024-09-10T01:34:14 IST" name="browserClosing" finished-at="2024-09-10T01:34:20 IST" duration-ms="5406" status="PASS">
          <reporter-output>
          </reporter-output>
        </test-method> <!-- browserClosing -->
        <test-method is-config="true" signature="Login()[pri:0, instance:comapnyAdminTest.CompanyAdminCriticalTestCases@60099951]" started-at="2024-09-10T01:34:20 IST" name="Login" finished-at="2024-09-10T01:34:48 IST" duration-ms="27831" status="PASS">
          <reporter-output>
          </reporter-output>
        </test-method> <!-- Login -->
        <test-method signature="AssignComplience1()[pri:77, instance:comapnyAdminTest.CompanyAdminCriticalTestCases@60099951]" started-at="2024-09-10T01:34:48 IST" name="AssignComplience1" finished-at="2024-09-10T01:35:44 IST" duration-ms="56275" status="PASS">
          <reporter-output>
          </reporter-output>
        </test-method> <!-- AssignComplience1 -->
        <test-method is-config="true" signature="browserClosing()[pri:0, instance:comapnyAdminTest.CompanyAdminCriticalTestCases@60099951]" started-at="2024-09-10T01:35:44 IST" name="browserClosing" finished-at="2024-09-10T01:35:49 IST" duration-ms="5454" status="PASS">
          <reporter-output>
          </reporter-output>
        </test-method> <!-- browserClosing -->
        <test-method is-config="true" signature="Login()[pri:0, instance:comapnyAdminTest.CompanyAdminCriticalTestCases@60099951]" started-at="2024-09-10T01:35:49 IST" name="Login" finished-at="2024-09-10T01:36:15 IST" duration-ms="25419" status="PASS">
          <reporter-output>
          </reporter-output>
        </test-method> <!-- Login -->
        <test-method signature="UnassignComplianceAA1()[pri:78, instance:comapnyAdminTest.CompanyAdminCriticalTestCases@60099951]" started-at="2024-09-10T01:36:15 IST" name="UnassignComplianceAA1" finished-at="2024-09-10T01:37:06 IST" duration-ms="50877" status="PASS">
          <reporter-output>
          </reporter-output>
        </test-method> <!-- UnassignComplianceAA1 -->
        <test-method is-config="true" signature="browserClosing()[pri:0, instance:comapnyAdminTest.CompanyAdminCriticalTestCases@60099951]" started-at="2024-09-10T01:37:06 IST" name="browserClosing" finished-at="2024-09-10T01:37:11 IST" duration-ms="5465" status="PASS">
          <reporter-output>
          </reporter-output>
        </test-method> <!-- browserClosing -->
        <test-method is-config="true" signature="Login()[pri:0, instance:comapnyAdminTest.CompanyAdminCriticalTestCases@60099951]" started-at="2024-09-10T01:37:11 IST" name="Login" finished-at="2024-09-10T01:37:51 IST" duration-ms="39604" status="PASS">
          <reporter-output>
          </reporter-output>
        </test-method> <!-- Login -->
        <test-method signature="ClearButtonAA1()[pri:79, instance:comapnyAdminTest.CompanyAdminCriticalTestCases@60099951]" started-at="2024-09-10T01:37:51 IST" name="ClearButtonAA1" finished-at="2024-09-10T01:38:17 IST" duration-ms="25936" status="PASS">
          <reporter-output>
          </reporter-output>
        </test-method> <!-- ClearButtonAA1 -->
        <test-method is-config="true" signature="browserClosing()[pri:0, instance:comapnyAdminTest.CompanyAdminCriticalTestCases@60099951]" started-at="2024-09-10T01:38:17 IST" name="browserClosing" finished-at="2024-09-10T01:38:22 IST" duration-ms="5737" status="PASS">
          <reporter-output>
          </reporter-output>
        </test-method> <!-- browserClosing -->
        <test-method is-config="true" signature="Login()[pri:0, instance:comapnyAdminTest.CompanyAdminCriticalTestCases@60099951]" started-at="2024-09-10T01:38:22 IST" name="Login" finished-at="2024-09-10T01:38:46 IST" duration-ms="23916" status="PASS">
          <reporter-output>
          </reporter-output>
        </test-method> <!-- Login -->
        <test-method signature="ExportReportFromReport1()[pri:80, instance:comapnyAdminTest.CompanyAdminCriticalTestCases@60099951]" started-at="2024-09-10T01:38:46 IST" name="ExportReportFromReport1" finished-at="2024-09-10T01:39:36 IST" duration-ms="49718" status="PASS">
          <reporter-output>
          </reporter-output>
        </test-method> <!-- ExportReportFromReport1 -->
        <test-method is-config="true" signature="browserClosing()[pri:0, instance:comapnyAdminTest.CompanyAdminCriticalTestCases@60099951]" started-at="2024-09-10T01:39:36 IST" name="browserClosing" finished-at="2024-09-10T01:39:42 IST" duration-ms="5503" status="PASS">
          <reporter-output>
          </reporter-output>
        </test-method> <!-- browserClosing -->
        <test-method is-config="true" signature="Login()[pri:0, instance:comapnyAdminTest.CompanyAdminCriticalTestCases@60099951]" started-at="2024-09-10T01:39:42 IST" name="Login" finished-at="2024-09-10T01:40:07 IST" duration-ms="25520" status="PASS">
          <reporter-output>
          </reporter-output>
        </test-method> <!-- Login -->
        <test-method signature="ClearButtonReport1()[pri:81, instance:comapnyAdminTest.CompanyAdminCriticalTestCases@60099951]" started-at="2024-09-10T01:40:07 IST" name="ClearButtonReport1" finished-at="2024-09-10T01:40:32 IST" duration-ms="24800" status="PASS">
          <reporter-output>
          </reporter-output>
        </test-method> <!-- ClearButtonReport1 -->
        <test-method is-config="true" signature="browserClosing()[pri:0, instance:comapnyAdminTest.CompanyAdminCriticalTestCases@60099951]" started-at="2024-09-10T01:40:32 IST" name="browserClosing" finished-at="2024-09-10T01:40:38 IST" duration-ms="5557" status="PASS">
          <reporter-output>
          </reporter-output>
        </test-method> <!-- browserClosing -->
        <test-method is-config="true" signature="Login()[pri:0, instance:comapnyAdminTest.CompanyAdminCriticalTestCases@60099951]" started-at="2024-09-10T01:40:38 IST" name="Login" finished-at="2024-09-10T01:41:08 IST" duration-ms="30703" status="PASS">
          <reporter-output>
          </reporter-output>
        </test-method> <!-- Login -->
        <test-method signature="MoreReportR1()[pri:82, instance:comapnyAdminTest.CompanyAdminCriticalTestCases@60099951]" started-at="2024-09-10T01:41:08 IST" name="MoreReportR1" finished-at="2024-09-10T01:43:04 IST" duration-ms="115813" status="FAIL">
          <exception class="org.openqa.selenium.UnhandledAlertException">
            <message>
              <![CDATA[unexpected alert open: {Alert text : No Record Found}
  (Session info: chrome=128.0.6613.120): No Record Found
Build info: version: '3.141.0', revision: '2ecb7d9a', time: '2018-10-31T20:09:30'
System info: host: 'TRPL-PUN-0125', ip: '192.168.5.61', os.name: 'Windows 10', os.arch: 'amd64', os.version: '10.0', java.version: '17.0.9'
Driver info: org.openqa.selenium.chrome.ChromeDriver
Capabilities {acceptInsecureCerts: false, browserName: chrome, browserVersion: 128.0.6613.120, chrome: {chromedriverVersion: 127.0.6533.57 (d4459446bf8a..., userDataDir: C:\Users\shitalb\AppData\Lo...}, fedcm:accounts: true, goog:chromeOptions: {debuggerAddress: localhost:60231}, javascriptEnabled: true, networkConnectionEnabled: false, pageLoadStrategy: normal, platform: WINDOWS, platformName: WINDOWS, proxy: Proxy(), setWindowRect: true, strictFileInteractability: false, timeouts: {implicit: 0, pageLoad: 300000, script: 30000}, unhandledPromptBehavior: dismiss and notify, webauthn:extension:credBlob: true, webauthn:extension:largeBlob: true, webauthn:extension:minPinLength: true, webauthn:extension:prf: true, webauthn:virtualAuthenticators: true}
Session ID: 9e6df45d9930eb0c815bebbb749f38bc
*** Element info: {Using=id, value=btnComplianceRemarksReport}]]>
            </message>
            <full-stacktrace>
              <![CDATA[org.openqa.selenium.UnhandledAlertException: unexpected alert open: {Alert text : No Record Found}
  (Session info: chrome=128.0.6613.120): No Record Found
Build info: version: '3.141.0', revision: '2ecb7d9a', time: '2018-10-31T20:09:30'
System info: host: 'TRPL-PUN-0125', ip: '192.168.5.61', os.name: 'Windows 10', os.arch: 'amd64', os.version: '10.0', java.version: '17.0.9'
Driver info: org.openqa.selenium.chrome.ChromeDriver
Capabilities {acceptInsecureCerts: false, browserName: chrome, browserVersion: 128.0.6613.120, chrome: {chromedriverVersion: 127.0.6533.57 (d4459446bf8a..., userDataDir: C:\Users\shitalb\AppData\Lo...}, fedcm:accounts: true, goog:chromeOptions: {debuggerAddress: localhost:60231}, javascriptEnabled: true, networkConnectionEnabled: false, pageLoadStrategy: normal, platform: WINDOWS, platformName: WINDOWS, proxy: Proxy(), setWindowRect: true, strictFileInteractability: false, timeouts: {implicit: 0, pageLoad: 300000, script: 30000}, unhandledPromptBehavior: dismiss and notify, webauthn:extension:credBlob: true, webauthn:extension:largeBlob: true, webauthn:extension:minPinLength: true, webauthn:extension:prf: true, webauthn:virtualAuthenticators: true}
Session ID: 9e6df45d9930eb0c815bebbb749f38bc
*** Element info: {Using=id, value=btnComplianceRemarksReport}
at org.openqa.selenium.remote.http.W3CHttpResponseCodec.decode(W3CHttpResponseCodec.java:120)
at org.openqa.selenium.remote.http.W3CHttpResponseCodec.decode(W3CHttpResponseCodec.java:49)
at org.openqa.selenium.remote.HttpCommandExecutor.execute(HttpCommandExecutor.java:158)
at org.openqa.selenium.remote.service.DriverCommandExecutor.execute(DriverCommandExecutor.java:83)
at org.openqa.selenium.remote.RemoteWebDriver.execute(RemoteWebDriver.java:552)
at org.openqa.selenium.remote.RemoteWebDriver.findElement(RemoteWebDriver.java:323)
at org.openqa.selenium.remote.RemoteWebDriver.findElementById(RemoteWebDriver.java:372)
at org.openqa.selenium.By$ById.findElement(By.java:188)
at org.openqa.selenium.remote.RemoteWebDriver.findElement(RemoteWebDriver.java:315)
at companyAdmin.Locator.RemarkReportR(Locator.java:4667)
at companyAdmin.CriticalMethod.MoreReportR(CriticalMethod.java:7197)
at comapnyAdminTest.CompanyAdminCriticalTestCases.MoreReportR1(CompanyAdminCriticalTestCases.java:1225)
at java.base/jdk.internal.reflect.NativeMethodAccessorImpl.invoke0(Native Method)
at java.base/jdk.internal.reflect.NativeMethodAccessorImpl.invoke(NativeMethodAccessorImpl.java:77)
at java.base/jdk.internal.reflect.DelegatingMethodAccessorImpl.invoke(DelegatingMethodAccessorImpl.java:43)
at java.base/java.lang.reflect.Method.invoke(Method.java:568)
at org.testng.internal.invokers.MethodInvocationHelper.invokeMethod(MethodInvocationHelper.java:139)
at org.testng.internal.invokers.TestInvoker.invokeMethod(TestInvoker.java:677)
at org.testng.internal.invokers.TestInvoker.invokeTestMethod(TestInvoker.java:221)
at org.testng.internal.invokers.MethodRunner.runInSequence(MethodRunner.java:50)
at org.testng.internal.invokers.TestInvoker$MethodInvocationAgent.invoke(TestInvoker.java:962)
at org.testng.internal.invokers.TestInvoker.invokeTestMethods(TestInvoker.java:194)
at org.testng.internal.invokers.TestMethodWorker.invokeTestMethods(TestMethodWorker.java:148)
at org.testng.internal.invokers.TestMethodWorker.run(TestMethodWorker.java:128)
at java.base/java.util.ArrayList.forEach(ArrayList.java:1511)
at org.testng.TestRunner.privateRun(TestRunner.java:806)
at org.testng.TestRunner.run(TestRunner.java:601)
at org.testng.SuiteRunner.runTest(SuiteRunner.java:433)
at org.testng.SuiteRunner.runSequentially(SuiteRunner.java:427)
at org.testng.SuiteRunner.privateRun(SuiteRunner.java:387)
at org.testng.SuiteRunner.run(SuiteRunner.java:330)
at org.testng.SuiteRunnerWorker.runSuite(SuiteRunnerWorker.java:52)
at org.testng.SuiteRunnerWorker.run(SuiteRunnerWorker.java:95)
at org.testng.TestNG.runSuitesSequentially(TestNG.java:1256)
at org.testng.TestNG.runSuitesLocally(TestNG.java:1176)
at org.testng.TestNG.runSuites(TestNG.java:1099)
at org.testng.TestNG.run(TestNG.java:1067)
at org.testng.remote.AbstractRemoteTestNG.run(AbstractRemoteTestNG.java:115)
at org.testng.remote.RemoteTestNG.initAndRun(RemoteTestNG.java:251)
at org.testng.remote.RemoteTestNG.main(RemoteTestNG.java:77)
]]>
            </full-stacktrace>
          </exception> <!-- org.openqa.selenium.UnhandledAlertException -->
          <reporter-output>
          </reporter-output>
        </test-method> <!-- MoreReportR1 -->
        <test-method is-config="true" signature="browserClosing()[pri:0, instance:comapnyAdminTest.CompanyAdminCriticalTestCases@60099951]" started-at="2024-09-10T01:43:04 IST" name="browserClosing" finished-at="2024-09-10T01:43:09 IST" duration-ms="5472" status="PASS">
          <reporter-output>
          </reporter-output>
        </test-method> <!-- browserClosing -->
        <test-method is-config="true" signature="Login()[pri:0, instance:comapnyAdminTest.CompanyAdminCriticalTestCases@60099951]" started-at="2024-09-10T01:43:09 IST" name="Login" finished-at="2024-09-10T01:43:34 IST" duration-ms="24328" status="PASS">
          <reporter-output>
          </reporter-output>
        </test-method> <!-- Login -->
        <test-method signature="ActionColReportDownload1()[pri:83, instance:comapnyAdminTest.CompanyAdminCriticalTestCases@60099951]" started-at="2024-09-10T01:43:34 IST" name="ActionColReportDownload1" finished-at="2024-09-10T01:45:12 IST" duration-ms="98329" status="FAIL">
          <exception class="org.openqa.selenium.NoSuchElementException">
            <message>
              <![CDATA[no such element: Unable to locate element: {"method":"xpath","selector":"//iframe[@id='OverViews']"}
  (Session info: chrome=128.0.6613.120)
For documentation on this error, please visit: http://seleniumhq.org/exceptions/no_such_element.html
Build info: version: '3.141.0', revision: '2ecb7d9a', time: '2018-10-31T20:09:30'
System info: host: 'TRPL-PUN-0125', ip: '192.168.5.61', os.name: 'Windows 10', os.arch: 'amd64', os.version: '10.0', java.version: '17.0.9'
Driver info: org.openqa.selenium.chrome.ChromeDriver
Capabilities {acceptInsecureCerts: false, browserName: chrome, browserVersion: 128.0.6613.120, chrome: {chromedriverVersion: 127.0.6533.57 (d4459446bf8a..., userDataDir: C:\Users\shitalb\AppData\Lo...}, fedcm:accounts: true, goog:chromeOptions: {debuggerAddress: localhost:60288}, javascriptEnabled: true, networkConnectionEnabled: false, pageLoadStrategy: normal, platform: WINDOWS, platformName: WINDOWS, proxy: Proxy(), setWindowRect: true, strictFileInteractability: false, timeouts: {implicit: 0, pageLoad: 300000, script: 30000}, unhandledPromptBehavior: dismiss and notify, webauthn:extension:credBlob: true, webauthn:extension:largeBlob: true, webauthn:extension:minPinLength: true, webauthn:extension:prf: true, webauthn:virtualAuthenticators: true}
Session ID: 034adc740a758c0a2f0c63ed37e894e3
*** Element info: {Using=xpath, value=//iframe[@id='OverViews']}]]>
            </message>
            <full-stacktrace>
              <![CDATA[org.openqa.selenium.NoSuchElementException: no such element: Unable to locate element: {"method":"xpath","selector":"//iframe[@id='OverViews']"}
  (Session info: chrome=128.0.6613.120)
For documentation on this error, please visit: http://seleniumhq.org/exceptions/no_such_element.html
Build info: version: '3.141.0', revision: '2ecb7d9a', time: '2018-10-31T20:09:30'
System info: host: 'TRPL-PUN-0125', ip: '192.168.5.61', os.name: 'Windows 10', os.arch: 'amd64', os.version: '10.0', java.version: '17.0.9'
Driver info: org.openqa.selenium.chrome.ChromeDriver
Capabilities {acceptInsecureCerts: false, browserName: chrome, browserVersion: 128.0.6613.120, chrome: {chromedriverVersion: 127.0.6533.57 (d4459446bf8a..., userDataDir: C:\Users\shitalb\AppData\Lo...}, fedcm:accounts: true, goog:chromeOptions: {debuggerAddress: localhost:60288}, javascriptEnabled: true, networkConnectionEnabled: false, pageLoadStrategy: normal, platform: WINDOWS, platformName: WINDOWS, proxy: Proxy(), setWindowRect: true, strictFileInteractability: false, timeouts: {implicit: 0, pageLoad: 300000, script: 30000}, unhandledPromptBehavior: dismiss and notify, webauthn:extension:credBlob: true, webauthn:extension:largeBlob: true, webauthn:extension:minPinLength: true, webauthn:extension:prf: true, webauthn:virtualAuthenticators: true}
Session ID: 034adc740a758c0a2f0c63ed37e894e3
*** Element info: {Using=xpath, value=//iframe[@id='OverViews']}
at java.base/jdk.internal.reflect.NativeConstructorAccessorImpl.newInstance0(Native Method)
at java.base/jdk.internal.reflect.NativeConstructorAccessorImpl.newInstance(NativeConstructorAccessorImpl.java:77)
at java.base/jdk.internal.reflect.DelegatingConstructorAccessorImpl.newInstance(DelegatingConstructorAccessorImpl.java:45)
at java.base/java.lang.reflect.Constructor.newInstanceWithCaller(Constructor.java:499)
at java.base/java.lang.reflect.Constructor.newInstance(Constructor.java:480)
at org.openqa.selenium.remote.http.W3CHttpResponseCodec.createException(W3CHttpResponseCodec.java:187)
at org.openqa.selenium.remote.http.W3CHttpResponseCodec.decode(W3CHttpResponseCodec.java:122)
at org.openqa.selenium.remote.http.W3CHttpResponseCodec.decode(W3CHttpResponseCodec.java:49)
at org.openqa.selenium.remote.HttpCommandExecutor.execute(HttpCommandExecutor.java:158)
at org.openqa.selenium.remote.service.DriverCommandExecutor.execute(DriverCommandExecutor.java:83)
at org.openqa.selenium.remote.RemoteWebDriver.execute(RemoteWebDriver.java:552)
at org.openqa.selenium.remote.RemoteWebDriver.findElement(RemoteWebDriver.java:323)
at org.openqa.selenium.remote.RemoteWebDriver.findElementByXPath(RemoteWebDriver.java:428)
at org.openqa.selenium.By$ByXPath.findElement(By.java:353)
at org.openqa.selenium.remote.RemoteWebDriver.findElement(RemoteWebDriver.java:315)
at companyAdmin.Locator.Frame(Locator.java:4734)
at companyAdmin.CriticalMethod.ActionColReportDownload(CriticalMethod.java:7340)
at comapnyAdminTest.CompanyAdminCriticalTestCases.ActionColReportDownload1(CompanyAdminCriticalTestCases.java:1239)
at java.base/jdk.internal.reflect.NativeMethodAccessorImpl.invoke0(Native Method)
at java.base/jdk.internal.reflect.NativeMethodAccessorImpl.invoke(NativeMethodAccessorImpl.java:77)
at java.base/jdk.internal.reflect.DelegatingMethodAccessorImpl.invoke(DelegatingMethodAccessorImpl.java:43)
at java.base/java.lang.reflect.Method.invoke(Method.java:568)
at org.testng.internal.invokers.MethodInvocationHelper.invokeMethod(MethodInvocationHelper.java:139)
at org.testng.internal.invokers.TestInvoker.invokeMethod(TestInvoker.java:677)
at org.testng.internal.invokers.TestInvoker.invokeTestMethod(TestInvoker.java:221)
at org.testng.internal.invokers.MethodRunner.runInSequence(MethodRunner.java:50)
at org.testng.internal.invokers.TestInvoker$MethodInvocationAgent.invoke(TestInvoker.java:962)
at org.testng.internal.invokers.TestInvoker.invokeTestMethods(TestInvoker.java:194)
at org.testng.internal.invokers.TestMethodWorker.invokeTestMethods(TestMethodWorker.java:148)
at org.testng.internal.invokers.TestMethodWorker.run(TestMethodWorker.java:128)
at java.base/java.util.ArrayList.forEach(ArrayList.java:1511)
at org.testng.TestRunner.privateRun(TestRunner.java:806)
at org.testng.TestRunner.run(TestRunner.java:601)
at org.testng.SuiteRunner.runTest(SuiteRunner.java:433)
at org.testng.SuiteRunner.runSequentially(SuiteRunner.java:427)
at org.testng.SuiteRunner.privateRun(SuiteRunner.java:387)
at org.testng.SuiteRunner.run(SuiteRunner.java:330)
at org.testng.SuiteRunnerWorker.runSuite(SuiteRunnerWorker.java:52)
at org.testng.SuiteRunnerWorker.run(SuiteRunnerWorker.java:95)
at org.testng.TestNG.runSuitesSequentially(TestNG.java:1256)
at org.testng.TestNG.runSuitesLocally(TestNG.java:1176)
at org.testng.TestNG.runSuites(TestNG.java:1099)
at org.testng.TestNG.run(TestNG.java:1067)
at org.testng.remote.AbstractRemoteTestNG.run(AbstractRemoteTestNG.java:115)
at org.testng.remote.RemoteTestNG.initAndRun(RemoteTestNG.java:251)
at org.testng.remote.RemoteTestNG.main(RemoteTestNG.java:77)
]]>
            </full-stacktrace>
          </exception> <!-- org.openqa.selenium.NoSuchElementException -->
          <reporter-output>
          </reporter-output>
        </test-method> <!-- ActionColReportDownload1 -->
        <test-method is-config="true" signature="browserClosing()[pri:0, instance:comapnyAdminTest.CompanyAdminCriticalTestCases@60099951]" started-at="2024-09-10T01:45:12 IST" name="browserClosing" finished-at="2024-09-10T01:45:18 IST" duration-ms="5598" status="PASS">
          <reporter-output>
          </reporter-output>
        </test-method> <!-- browserClosing -->
        <test-method is-config="true" signature="Login()[pri:0, instance:comapnyAdminTest.CompanyAdminCriticalTestCases@60099951]" started-at="2024-09-10T01:45:18 IST" name="Login" finished-at="2024-09-10T01:45:39 IST" duration-ms="21700" status="PASS">
          <reporter-output>
          </reporter-output>
        </test-method> <!-- Login -->
        <test-method signature="ViewReport1()[pri:84, instance:comapnyAdminTest.CompanyAdminCriticalTestCases@60099951]" started-at="2024-09-10T01:45:39 IST" name="ViewReport1" finished-at="2024-09-10T01:46:21 IST" duration-ms="41980" status="PASS">
          <reporter-output>
          </reporter-output>
        </test-method> <!-- ViewReport1 -->
        <test-method is-config="true" signature="browserClosing()[pri:0, instance:comapnyAdminTest.CompanyAdminCriticalTestCases@60099951]" started-at="2024-09-10T01:46:21 IST" name="browserClosing" finished-at="2024-09-10T01:46:27 IST" duration-ms="5438" status="PASS">
          <reporter-output>
          </reporter-output>
        </test-method> <!-- browserClosing -->
      </class> <!-- comapnyAdminTest.CompanyAdminCriticalTestCases -->
    </test> <!-- Default test -->
  </suite> <!-- Default suite -->
</testng-results>
