<?xml version="1.0" encoding="UTF-8"?>
<!-- Generated by org.testng.reporters.JUnitReportReporter -->
<testsuite hostname="TRPL-PUN-0125" failures="0" tests="39" name="comapnyAdminTest.ManagementNonCriticalTestCases" time="6852.178" errors="1" timestamp="2024-02-26T10:57:02 IST" skipped="0">
  <testcase classname="comapnyAdminTest.ManagementNonCriticalTestCases" name="CompliedGraphMultipleFilterHigh1" time="167.199"/>
  <system-out/>
  <testcase classname="comapnyAdminTest.ManagementNonCriticalTestCases" name="CompliedGraphMultipleFilterMedium1" time="153.420"/>
  <system-out/>
  <testcase classname="comapnyAdminTest.ManagementNonCriticalTestCases" name="CompliedGraphMultipleFilterLow1" time="133.371"/>
  <system-out/>
  <testcase classname="comapnyAdminTest.ManagementNonCriticalTestCases" name="NotCompliedGraphMultipleFilterHigh1" time="146.007"/>
  <system-out/>
  <testcase classname="comapnyAdminTest.ManagementNonCriticalTestCases" name="NotCompliedGraphMultipleFilterMedium1" time="142.441"/>
  <system-out/>
  <testcase classname="comapnyAdminTest.ManagementNonCriticalTestCases" name="NotCompliedGraphMultipleFilterLow1" time="144.580"/>
  <system-out/>
  <testcase classname="comapnyAdminTest.ManagementNonCriticalTestCases" name="NotApplicableGraphMultipleFilterHigh1" time="150.888"/>
  <system-out/>
  <testcase classname="comapnyAdminTest.ManagementNonCriticalTestCases" name="NotApplicableGraphMultipleFilterMedium1" time="144.375"/>
  <system-out/>
  <testcase classname="comapnyAdminTest.ManagementNonCriticalTestCases" name="NotApplicableGraphMultipleFilterLow1" time="161.744"/>
  <system-out/>
  <testcase classname="comapnyAdminTest.ManagementNonCriticalTestCases" name="ACSOverdueMultipleFilter1" time="138.142"/>
  <system-out/>
  <testcase classname="comapnyAdminTest.ManagementNonCriticalTestCases" name="ACSPendingReviewMultipleFilter1" time="146.741"/>
  <system-out/>
  <testcase classname="comapnyAdminTest.ManagementNonCriticalTestCases" name="ACSClosedMultipleFilter1" time="143.764"/>
  <system-out/>
  <testcase classname="comapnyAdminTest.ManagementNonCriticalTestCases" name="CTWCompliedgreen11" time="382.850"/>
  <system-out/>
  <testcase classname="comapnyAdminTest.ManagementNonCriticalTestCases" name="CTWNotCompliedRed11" time="383.354"/>
  <system-out/>
  <testcase classname="comapnyAdminTest.ManagementNonCriticalTestCases" name="CTWNotApplicableGrey11" time="385.621"/>
  <system-out/>
  <testcase classname="comapnyAdminTest.ManagementNonCriticalTestCases" name="CTWAuditStatusSummeryOverdue11" time="154.318"/>
  <system-out/>
  <testcase classname="comapnyAdminTest.ManagementNonCriticalTestCases" name="CTWAuditStatusSummeryPendingReview11" time="139.933"/>
  <system-out/>
  <testcase classname="comapnyAdminTest.ManagementNonCriticalTestCases" name="CTWAuditStatusSummeryClosed1" time="142.916"/>
  <system-out/>
  <testcase classname="comapnyAdminTest.ManagementNonCriticalTestCases" name="PWCSCompliedGraphMultipleFilterHigh11" time="152.653"/>
  <system-out/>
  <testcase classname="comapnyAdminTest.ManagementNonCriticalTestCases" name="PWCSSCompliedGraphMultipleFilterMedium1" time="171.130"/>
  <system-out/>
  <testcase classname="comapnyAdminTest.ManagementNonCriticalTestCases" name="PWCSSCompliedGraphMultipleFilterLow1" time="57.092">
    <error message="no such element: Unable to locate element: {&quot;method&quot;:&quot;xpath&quot;,&quot;selector&quot;:&quot;(//*[local-name()=&#039;svg&#039;]//*[name()=&#039;g&#039; and @class=&#039;highcharts-axis-labels highcharts-xaxis-labels &#039;])[3]//*[name()=&#039;text&#039; and @class=&#039;highcharts-drilldown-axis-label&#039;]//*[name()=&#039;tspan&#039; and .=&#039;Chandragan Construction&#039;]&quot;}
  (Session info: chrome=121.0.6167.189)
For documentation on this error, please visit: http://seleniumhq.org/exceptions/no_such_element.html
Build info: version: &#039;3.141.0&#039;, revision: &#039;2ecb7d9a&#039;, time: &#039;2018-10-31T20:09:30&#039;
System info: host: &#039;TRPL-PUN-0125&#039;, ip: &#039;192.168.1.101&#039;, os.name: &#039;Windows 10&#039;, os.arch: &#039;amd64&#039;, os.version: &#039;10.0&#039;, java.version: &#039;17.0.9&#039;
Driver info: org.openqa.selenium.chrome.ChromeDriver
Capabilities {acceptInsecureCerts: false, browserName: chrome, browserVersion: 121.0.6167.189, chrome: {chromedriverVersion: 121.0.6167.85 (3f98d690ad7e..., userDataDir: C:\Users\shitalb\AppData\Lo...}, fedcm:accounts: true, goog:chromeOptions: {debuggerAddress: localhost:57652}, javascriptEnabled: true, networkConnectionEnabled: false, pageLoadStrategy: normal, platform: WINDOWS, platformName: WINDOWS, proxy: Proxy(), setWindowRect: true, strictFileInteractability: false, timeouts: {implicit: 0, pageLoad: 300000, script: 30000}, unhandledPromptBehavior: dismiss and notify, webauthn:extension:credBlob: true, webauthn:extension:largeBlob: true, webauthn:extension:minPinLength: true, webauthn:extension:prf: true, webauthn:virtualAuthenticators: true}
Session ID: 77d59e40c0f78aa8991c1e03d12e19c4
*** Element info: {Using=xpath, value=(//*[local-name()=&#039;svg&#039;]//*[name()=&#039;g&#039; and @class=&#039;highcharts-axis-labels highcharts-xaxis-labels &#039;])[3]//*[name()=&#039;text&#039; and @class=&#039;highcharts-drilldown-axis-label&#039;]//*[name()=&#039;tspan&#039; and .=&#039;Chandragan Construction&#039;]}" type="org.openqa.selenium.NoSuchElementException">
      <![CDATA[org.openqa.selenium.NoSuchElementException: no such element: Unable to locate element: {"method":"xpath","selector":"(//*[local-name()='svg']//*[name()='g' and @class='highcharts-axis-labels highcharts-xaxis-labels '])[3]//*[name()='text' and @class='highcharts-drilldown-axis-label']//*[name()='tspan' and .='Chandragan Construction']"}
  (Session info: chrome=121.0.6167.189)
For documentation on this error, please visit: http://seleniumhq.org/exceptions/no_such_element.html
Build info: version: '3.141.0', revision: '2ecb7d9a', time: '2018-10-31T20:09:30'
System info: host: 'TRPL-PUN-0125', ip: '192.168.1.101', os.name: 'Windows 10', os.arch: 'amd64', os.version: '10.0', java.version: '17.0.9'
Driver info: org.openqa.selenium.chrome.ChromeDriver
Capabilities {acceptInsecureCerts: false, browserName: chrome, browserVersion: 121.0.6167.189, chrome: {chromedriverVersion: 121.0.6167.85 (3f98d690ad7e..., userDataDir: C:\Users\shitalb\AppData\Lo...}, fedcm:accounts: true, goog:chromeOptions: {debuggerAddress: localhost:57652}, javascriptEnabled: true, networkConnectionEnabled: false, pageLoadStrategy: normal, platform: WINDOWS, platformName: WINDOWS, proxy: Proxy(), setWindowRect: true, strictFileInteractability: false, timeouts: {implicit: 0, pageLoad: 300000, script: 30000}, unhandledPromptBehavior: dismiss and notify, webauthn:extension:credBlob: true, webauthn:extension:largeBlob: true, webauthn:extension:minPinLength: true, webauthn:extension:prf: true, webauthn:virtualAuthenticators: true}
Session ID: 77d59e40c0f78aa8991c1e03d12e19c4
*** Element info: {Using=xpath, value=(//*[local-name()='svg']//*[name()='g' and @class='highcharts-axis-labels highcharts-xaxis-labels '])[3]//*[name()='text' and @class='highcharts-drilldown-axis-label']//*[name()='tspan' and .='Chandragan Construction']}
at java.base/jdk.internal.reflect.NativeConstructorAccessorImpl.newInstance0(Native Method)
at java.base/jdk.internal.reflect.NativeConstructorAccessorImpl.newInstance(NativeConstructorAccessorImpl.java:77)
at java.base/jdk.internal.reflect.DelegatingConstructorAccessorImpl.newInstance(DelegatingConstructorAccessorImpl.java:45)
at java.base/java.lang.reflect.Constructor.newInstanceWithCaller(Constructor.java:499)
at java.base/java.lang.reflect.Constructor.newInstance(Constructor.java:480)
at org.openqa.selenium.remote.http.W3CHttpResponseCodec.createException(W3CHttpResponseCodec.java:187)
at org.openqa.selenium.remote.http.W3CHttpResponseCodec.decode(W3CHttpResponseCodec.java:122)
at org.openqa.selenium.remote.http.W3CHttpResponseCodec.decode(W3CHttpResponseCodec.java:49)
at org.openqa.selenium.remote.HttpCommandExecutor.execute(HttpCommandExecutor.java:158)
at org.openqa.selenium.remote.service.DriverCommandExecutor.execute(DriverCommandExecutor.java:83)
at org.openqa.selenium.remote.RemoteWebDriver.execute(RemoteWebDriver.java:552)
at org.openqa.selenium.remote.RemoteWebDriver.findElement(RemoteWebDriver.java:323)
at org.openqa.selenium.remote.RemoteWebDriver.findElementByXPath(RemoteWebDriver.java:428)
at org.openqa.selenium.By$ByXPath.findElement(By.java:353)
at org.openqa.selenium.remote.RemoteWebDriver.findElement(RemoteWebDriver.java:315)
at companyProjectHead.Locator3.PWSCompliedGraph1(Locator3.java:2769)
at companyProjectDirector.Method4.PWCSSCompliedGraphMultipleFilterLow(Method4.java:10607)
at comapnyAdminTest.ManagementNonCriticalTestCases.PWCSSCompliedGraphMultipleFilterLow1(ManagementNonCriticalTestCases.java:356)
at java.base/jdk.internal.reflect.NativeMethodAccessorImpl.invoke0(Native Method)
at java.base/jdk.internal.reflect.NativeMethodAccessorImpl.invoke(NativeMethodAccessorImpl.java:77)
at java.base/jdk.internal.reflect.DelegatingMethodAccessorImpl.invoke(DelegatingMethodAccessorImpl.java:43)
at java.base/java.lang.reflect.Method.invoke(Method.java:568)
at org.testng.internal.invokers.MethodInvocationHelper.invokeMethod(MethodInvocationHelper.java:139)
at org.testng.internal.invokers.TestInvoker.invokeMethod(TestInvoker.java:677)
at org.testng.internal.invokers.TestInvoker.invokeTestMethod(TestInvoker.java:221)
at org.testng.internal.invokers.MethodRunner.runInSequence(MethodRunner.java:50)
at org.testng.internal.invokers.TestInvoker$MethodInvocationAgent.invoke(TestInvoker.java:962)
at org.testng.internal.invokers.TestInvoker.invokeTestMethods(TestInvoker.java:194)
at org.testng.internal.invokers.TestMethodWorker.invokeTestMethods(TestMethodWorker.java:148)
at org.testng.internal.invokers.TestMethodWorker.run(TestMethodWorker.java:128)
at java.base/java.util.ArrayList.forEach(ArrayList.java:1511)
at org.testng.TestRunner.privateRun(TestRunner.java:806)
at org.testng.TestRunner.run(TestRunner.java:601)
at org.testng.SuiteRunner.runTest(SuiteRunner.java:433)
at org.testng.SuiteRunner.runSequentially(SuiteRunner.java:427)
at org.testng.SuiteRunner.privateRun(SuiteRunner.java:387)
at org.testng.SuiteRunner.run(SuiteRunner.java:330)
at org.testng.SuiteRunnerWorker.runSuite(SuiteRunnerWorker.java:52)
at org.testng.SuiteRunnerWorker.run(SuiteRunnerWorker.java:95)
at org.testng.TestNG.runSuitesSequentially(TestNG.java:1256)
at org.testng.TestNG.runSuitesLocally(TestNG.java:1176)
at org.testng.TestNG.runSuites(TestNG.java:1099)
at org.testng.TestNG.run(TestNG.java:1067)
at org.testng.remote.AbstractRemoteTestNG.run(AbstractRemoteTestNG.java:115)
at org.testng.remote.RemoteTestNG.initAndRun(RemoteTestNG.java:251)
at org.testng.remote.RemoteTestNG.main(RemoteTestNG.java:77)
]]>
    </error>
  </testcase> <!-- PWCSSCompliedGraphMultipleFilterLow1 -->
  <system-out/>
  <testcase classname="comapnyAdminTest.ManagementNonCriticalTestCases" name="PWCSSNotCompliedGraphMultipleFilterHigh1" time="126.542"/>
  <system-out/>
  <testcase classname="comapnyAdminTest.ManagementNonCriticalTestCases" name="PWCSSNotCompliedGraphMultipleFilterMedium11" time="145.840"/>
  <system-out/>
  <testcase classname="comapnyAdminTest.ManagementNonCriticalTestCases" name="PWCSSNotCompliedGraphMultipleFilterLow1" time="132.804"/>
  <system-out/>
  <testcase classname="comapnyAdminTest.ManagementNonCriticalTestCases" name="PWCSNotApplicableHigh1" time="150.904"/>
  <system-out/>
  <testcase classname="comapnyAdminTest.ManagementNonCriticalTestCases" name="PWCSNotApplicableGraphmedium11" time="152.606"/>
  <system-out/>
  <testcase classname="comapnyAdminTest.ManagementNonCriticalTestCases" name="PWCSSNotApplicableGraphLow1" time="148.588"/>
  <system-out/>
  <testcase classname="comapnyAdminTest.ManagementNonCriticalTestCases" name="PWAuditStatusSummeryABCConstructionOverdue11" time="457.597"/>
  <system-out/>
  <testcase classname="comapnyAdminTest.ManagementNonCriticalTestCases" name="SubContrctorCompliedGraphMultipleFilterHigh1" time="169.368"/>
  <system-out/>
  <testcase classname="comapnyAdminTest.ManagementNonCriticalTestCases" name="SubContrctorCompliedGraphMultipleFilterMedium1" time="157.657"/>
  <system-out/>
  <testcase classname="comapnyAdminTest.ManagementNonCriticalTestCases" name="PWCSubContractorCompliedGraphMultipleFilterLow1" time="166.935"/>
  <system-out/>
  <testcase classname="comapnyAdminTest.ManagementNonCriticalTestCases" name="PWSubContractorNotCompliedGraphMultipleFilterHigh1" time="173.882"/>
  <system-out/>
  <testcase classname="comapnyAdminTest.ManagementNonCriticalTestCases" name="PWCSSNotCompliedGraphMultipleFilterMedium1" time="175.962"/>
  <system-out/>
  <testcase classname="comapnyAdminTest.ManagementNonCriticalTestCases" name="PWCSubContractorNotCompliedGraphMultipleFilterLow1" time="161.079"/>
  <system-out/>
  <testcase classname="comapnyAdminTest.ManagementNonCriticalTestCases" name="PWCSubContractorNotApplicableGraphHigh1" time="182.141"/>
  <system-out/>
  <testcase classname="comapnyAdminTest.ManagementNonCriticalTestCases" name="PWCSNotApplicableGraphmedium1" time="172.280"/>
  <system-out/>
  <testcase classname="comapnyAdminTest.ManagementNonCriticalTestCases" name="PWCSubContractorNotApplicableGraphLow1" time="212.301"/>
  <system-out/>
  <testcase classname="comapnyAdminTest.ManagementNonCriticalTestCases" name="DocumentTabMultipleFilter1" time="92.270"/>
  <system-out/>
  <testcase classname="comapnyAdminTest.ManagementNonCriticalTestCases" name="ReportMultipleFilter1" time="130.883"/>
  <system-out/>
</testsuite> <!-- comapnyAdminTest.ManagementNonCriticalTestCases -->
