<?xml version="1.0" encoding="UTF-8"?>
<!-- Generated by org.testng.reporters.JUnitReportReporter -->
<testsuite hostname="TRPL-PUN-0125" failures="0" tests="31" name="comapnyAdminTest.ProjectDirectorCriticalTestCases" time="67.106" errors="1" timestamp="2025-04-10T23:10:25 IST" skipped="30">
  <testcase classname="comapnyAdminTest.ProjectDirectorCriticalTestCases" name="Login" time="67.103">
    <error message="no such element: Unable to locate element: {&quot;method&quot;:&quot;xpath&quot;,&quot;selector&quot;:&quot;//span[@id=&#039;lblQuestion1&#039;]&quot;}
  (Session info: chrome=135.0.7049.43)
For documentation on this error, please visit: http://seleniumhq.org/exceptions/no_such_element.html
Build info: version: &#039;3.141.0&#039;, revision: &#039;2ecb7d9a&#039;, time: &#039;2018-10-31T20:09:30&#039;
System info: host: &#039;TRPL-PUN-0125&#039;, ip: &#039;192.168.0.103&#039;, os.name: &#039;Windows 10&#039;, os.arch: &#039;amd64&#039;, os.version: &#039;10.0&#039;, java.version: &#039;17.0.9&#039;
Driver info: org.openqa.selenium.chrome.ChromeDriver
Capabilities {acceptInsecureCerts: false, browserName: chrome, browserVersion: 135.0.7049.43, chrome: {chromedriverVersion: 134.0.6998.88 (7e3d5c978c6d..., userDataDir: C:\Users\shitalb\AppData\Lo...}, fedcm:accounts: true, goog:chromeOptions: {debuggerAddress: localhost:50288}, javascriptEnabled: true, networkConnectionEnabled: false, pageLoadStrategy: normal, platform: WINDOWS, platformName: WINDOWS, proxy: Proxy(), setWindowRect: true, strictFileInteractability: false, timeouts: {implicit: 0, pageLoad: 300000, script: 30000}, unhandledPromptBehavior: dismiss and notify, webauthn:extension:credBlob: true, webauthn:extension:largeBlob: true, webauthn:extension:minPinLength: true, webauthn:extension:prf: true, webauthn:virtualAuthenticators: true}
Session ID: f1acb122c1645c1d3388bc0e9ee4807a
*** Element info: {Using=xpath, value=//span[@id=&#039;lblQuestion1&#039;]}" type="org.openqa.selenium.NoSuchElementException">
      <![CDATA[org.openqa.selenium.NoSuchElementException: no such element: Unable to locate element: {"method":"xpath","selector":"//span[@id='lblQuestion1']"}
  (Session info: chrome=135.0.7049.43)
For documentation on this error, please visit: http://seleniumhq.org/exceptions/no_such_element.html
Build info: version: '3.141.0', revision: '2ecb7d9a', time: '2018-10-31T20:09:30'
System info: host: 'TRPL-PUN-0125', ip: '192.168.0.103', os.name: 'Windows 10', os.arch: 'amd64', os.version: '10.0', java.version: '17.0.9'
Driver info: org.openqa.selenium.chrome.ChromeDriver
Capabilities {acceptInsecureCerts: false, browserName: chrome, browserVersion: 135.0.7049.43, chrome: {chromedriverVersion: 134.0.6998.88 (7e3d5c978c6d..., userDataDir: C:\Users\shitalb\AppData\Lo...}, fedcm:accounts: true, goog:chromeOptions: {debuggerAddress: localhost:50288}, javascriptEnabled: true, networkConnectionEnabled: false, pageLoadStrategy: normal, platform: WINDOWS, platformName: WINDOWS, proxy: Proxy(), setWindowRect: true, strictFileInteractability: false, timeouts: {implicit: 0, pageLoad: 300000, script: 30000}, unhandledPromptBehavior: dismiss and notify, webauthn:extension:credBlob: true, webauthn:extension:largeBlob: true, webauthn:extension:minPinLength: true, webauthn:extension:prf: true, webauthn:virtualAuthenticators: true}
Session ID: f1acb122c1645c1d3388bc0e9ee4807a
*** Element info: {Using=xpath, value=//span[@id='lblQuestion1']}
at java.base/jdk.internal.reflect.NativeConstructorAccessorImpl.newInstance0(Native Method)
at java.base/jdk.internal.reflect.NativeConstructorAccessorImpl.newInstance(NativeConstructorAccessorImpl.java:77)
at java.base/jdk.internal.reflect.DelegatingConstructorAccessorImpl.newInstance(DelegatingConstructorAccessorImpl.java:45)
at java.base/java.lang.reflect.Constructor.newInstanceWithCaller(Constructor.java:499)
at java.base/java.lang.reflect.Constructor.newInstance(Constructor.java:480)
at org.openqa.selenium.remote.http.W3CHttpResponseCodec.createException(W3CHttpResponseCodec.java:187)
at org.openqa.selenium.remote.http.W3CHttpResponseCodec.decode(W3CHttpResponseCodec.java:122)
at org.openqa.selenium.remote.http.W3CHttpResponseCodec.decode(W3CHttpResponseCodec.java:49)
at org.openqa.selenium.remote.HttpCommandExecutor.execute(HttpCommandExecutor.java:158)
at org.openqa.selenium.remote.service.DriverCommandExecutor.execute(DriverCommandExecutor.java:83)
at org.openqa.selenium.remote.RemoteWebDriver.execute(RemoteWebDriver.java:552)
at org.openqa.selenium.remote.RemoteWebDriver.findElement(RemoteWebDriver.java:323)
at org.openqa.selenium.remote.RemoteWebDriver.findElementByXPath(RemoteWebDriver.java:428)
at org.openqa.selenium.By$ByXPath.findElement(By.java:353)
at org.openqa.selenium.remote.RemoteWebDriver.findElement(RemoteWebDriver.java:315)
at login.LoginPOM.Question1(LoginPOM.java:62)
at login.Login.UserLogin(Login.java:135)
at login.BasePage.initialization(BasePage.java:212)
at comapnyAdminTest.ProjectDirectorCriticalTestCases.Login(ProjectDirectorCriticalTestCases.java:71)
at java.base/jdk.internal.reflect.NativeMethodAccessorImpl.invoke0(Native Method)
at java.base/jdk.internal.reflect.NativeMethodAccessorImpl.invoke(NativeMethodAccessorImpl.java:77)
at java.base/jdk.internal.reflect.DelegatingMethodAccessorImpl.invoke(DelegatingMethodAccessorImpl.java:43)
at java.base/java.lang.reflect.Method.invoke(Method.java:568)
at org.testng.internal.invokers.MethodInvocationHelper.invokeMethod(MethodInvocationHelper.java:139)
at org.testng.internal.invokers.MethodInvocationHelper.invokeMethodConsideringTimeout(MethodInvocationHelper.java:69)
at org.testng.internal.invokers.ConfigInvoker.invokeConfigurationMethod(ConfigInvoker.java:361)
at org.testng.internal.invokers.ConfigInvoker.invokeConfigurations(ConfigInvoker.java:296)
at org.testng.internal.invokers.TestInvoker.runConfigMethods(TestInvoker.java:816)
at org.testng.internal.invokers.TestInvoker.invokeMethod(TestInvoker.java:590)
at org.testng.internal.invokers.TestInvoker.invokeTestMethod(TestInvoker.java:221)
at org.testng.internal.invokers.MethodRunner.runInSequence(MethodRunner.java:50)
at org.testng.internal.invokers.TestInvoker$MethodInvocationAgent.invoke(TestInvoker.java:962)
at org.testng.internal.invokers.TestInvoker.invokeTestMethods(TestInvoker.java:194)
at org.testng.internal.invokers.TestMethodWorker.invokeTestMethods(TestMethodWorker.java:148)
at org.testng.internal.invokers.TestMethodWorker.run(TestMethodWorker.java:128)
at java.base/java.util.ArrayList.forEach(ArrayList.java:1511)
at org.testng.TestRunner.privateRun(TestRunner.java:806)
at org.testng.TestRunner.run(TestRunner.java:601)
at org.testng.SuiteRunner.runTest(SuiteRunner.java:433)
at org.testng.SuiteRunner.runSequentially(SuiteRunner.java:427)
at org.testng.SuiteRunner.privateRun(SuiteRunner.java:387)
at org.testng.SuiteRunner.run(SuiteRunner.java:330)
at org.testng.SuiteRunnerWorker.runSuite(SuiteRunnerWorker.java:52)
at org.testng.SuiteRunnerWorker.run(SuiteRunnerWorker.java:95)
at org.testng.TestNG.runSuitesSequentially(TestNG.java:1256)
at org.testng.TestNG.runSuitesLocally(TestNG.java:1176)
at org.testng.TestNG.runSuites(TestNG.java:1099)
at org.testng.TestNG.run(TestNG.java:1067)
at org.testng.remote.AbstractRemoteTestNG.run(AbstractRemoteTestNG.java:115)
at org.testng.remote.RemoteTestNG.initAndRun(RemoteTestNG.java:251)
at org.testng.remote.RemoteTestNG.main(RemoteTestNG.java:77)
]]>
    </error>
  </testcase> <!-- Login -->
  <system-out/>
  <testcase classname="comapnyAdminTest.ProjectDirectorCriticalTestCases" name="LocationPopupColumnist1" time="0.000">
    <skipped/>
  </testcase> <!-- LocationPopupColumnist1 -->
  <system-out/>
  <testcase classname="comapnyAdminTest.ProjectDirectorCriticalTestCases" name="ProjectsCountGridCount1" time="0.001">
    <skipped/>
  </testcase> <!-- ProjectsCountGridCount1 -->
  <system-out/>
  <testcase classname="comapnyAdminTest.ProjectDirectorCriticalTestCases" name="ContractorsCountGridCount1" time="0.000">
    <skipped/>
  </testcase> <!-- ContractorsCountGridCount1 -->
  <system-out/>
  <testcase classname="comapnyAdminTest.ProjectDirectorCriticalTestCases" name="LocationPopupCompliance1" time="0.000">
    <skipped/>
  </testcase> <!-- LocationPopupCompliance1 -->
  <system-out/>
  <testcase classname="comapnyAdminTest.ProjectDirectorCriticalTestCases" name="GraphCountMatch1" time="0.000">
    <skipped/>
  </testcase> <!-- GraphCountMatch1 -->
  <system-out/>
  <testcase classname="comapnyAdminTest.ProjectDirectorCriticalTestCases" name="RedInRedGraphCountMatch1" time="0.000">
    <skipped/>
  </testcase> <!-- RedInRedGraphCountMatch1 -->
  <system-out/>
  <testcase classname="comapnyAdminTest.ProjectDirectorCriticalTestCases" name="GreyInRedCountMtch1" time="0.000">
    <skipped/>
  </testcase> <!-- GreyInRedCountMtch1 -->
  <system-out/>
  <testcase classname="comapnyAdminTest.ProjectDirectorCriticalTestCases" name="AuditCompletionStatusRed1" time="0.000">
    <skipped/>
  </testcase> <!-- AuditCompletionStatusRed1 -->
  <system-out/>
  <testcase classname="comapnyAdminTest.ProjectDirectorCriticalTestCases" name="CTWCompliedgreen1" time="0.000">
    <skipped/>
  </testcase> <!-- CTWCompliedgreen1 -->
  <system-out/>
  <testcase classname="comapnyAdminTest.ProjectDirectorCriticalTestCases" name="CTWNotCompliedRed1" time="0.000">
    <skipped/>
  </testcase> <!-- CTWNotCompliedRed1 -->
  <system-out/>
  <testcase classname="comapnyAdminTest.ProjectDirectorCriticalTestCases" name="CTWNotApplicableGrey1" time="0.000">
    <skipped/>
  </testcase> <!-- CTWNotApplicableGrey1 -->
  <system-out/>
  <testcase classname="comapnyAdminTest.ProjectDirectorCriticalTestCases" name="ContractorwiseclosedAuditGraph1" time="0.000">
    <skipped/>
  </testcase> <!-- ContractorwiseclosedAuditGraph1 -->
  <system-out/>
  <testcase classname="comapnyAdminTest.ProjectDirectorCriticalTestCases" name="CTWAuditStatusSummeryOverdue1" time="0.001">
    <skipped/>
  </testcase> <!-- CTWAuditStatusSummeryOverdue1 -->
  <system-out/>
  <testcase classname="comapnyAdminTest.ProjectDirectorCriticalTestCases" name="PWCSSABCConstructionCompliedHigh1" time="0.000">
    <skipped/>
  </testcase> <!-- PWCSSABCConstructionCompliedHigh1 -->
  <system-out/>
  <testcase classname="comapnyAdminTest.ProjectDirectorCriticalTestCases" name="PWCSSABCconstructionNotCompliedHigh1" time="0.000">
    <skipped/>
  </testcase> <!-- PWCSSABCconstructionNotCompliedHigh1 -->
  <system-out/>
  <testcase classname="comapnyAdminTest.ProjectDirectorCriticalTestCases" name="PWCSSABCconstructionNotApplicableHigh1" time="0.000">
    <skipped/>
  </testcase> <!-- PWCSSABCconstructionNotApplicableHigh1 -->
  <system-out/>
  <testcase classname="comapnyAdminTest.ProjectDirectorCriticalTestCases" name="PWAuditStatusSummeryABCConstructionOverdue1" time="0.000">
    <skipped/>
  </testcase> <!-- PWAuditStatusSummeryABCConstructionOverdue1 -->
  <system-out/>
  <testcase classname="comapnyAdminTest.ProjectDirectorCriticalTestCases" name="AddLicenceCT1" time="0.000">
    <skipped/>
  </testcase> <!-- AddLicenceCT1 -->
  <system-out/>
  <testcase classname="comapnyAdminTest.ProjectDirectorCriticalTestCases" name="MyWorkspaceLicense1" time="0.000">
    <skipped/>
  </testcase> <!-- MyWorkspaceLicense1 -->
  <system-out/>
  <testcase classname="comapnyAdminTest.ProjectDirectorCriticalTestCases" name="MyWorkspaceLicenseSearch1" time="0.000">
    <skipped/>
  </testcase> <!-- MyWorkspaceLicenseSearch1 -->
  <system-out/>
  <testcase classname="comapnyAdminTest.ProjectDirectorCriticalTestCases" name="DocumentViewButton1" time="0.000">
    <skipped/>
  </testcase> <!-- DocumentViewButton1 -->
  <system-out/>
  <testcase classname="comapnyAdminTest.ProjectDirectorCriticalTestCases" name="DownoloadCompliance1" time="0.000">
    <skipped/>
  </testcase> <!-- DownoloadCompliance1 -->
  <system-out/>
  <testcase classname="comapnyAdminTest.ProjectDirectorCriticalTestCases" name="multipleDownload1" time="0.000">
    <skipped/>
  </testcase> <!-- multipleDownload1 -->
  <system-out/>
  <testcase classname="comapnyAdminTest.ProjectDirectorCriticalTestCases" name="DocumentClearButton1" time="0.000">
    <skipped/>
  </testcase> <!-- DocumentClearButton1 -->
  <system-out/>
  <testcase classname="comapnyAdminTest.ProjectDirectorCriticalTestCases" name="ExtendReport1" time="0.000">
    <skipped/>
  </testcase> <!-- ExtendReport1 -->
  <system-out/>
  <testcase classname="comapnyAdminTest.ProjectDirectorCriticalTestCases" name="AuditMonthComplianceReport1" time="0.000">
    <skipped/>
  </testcase> <!-- AuditMonthComplianceReport1 -->
  <system-out/>
  <testcase classname="comapnyAdminTest.ProjectDirectorCriticalTestCases" name="ReportClearButton1" time="0.000">
    <skipped/>
  </testcase> <!-- ReportClearButton1 -->
  <system-out/>
  <testcase classname="comapnyAdminTest.ProjectDirectorCriticalTestCases" name="MoreReportDownload1" time="0.001">
    <skipped/>
  </testcase> <!-- MoreReportDownload1 -->
  <system-out/>
  <testcase classname="comapnyAdminTest.ProjectDirectorCriticalTestCases" name="ViewButtonReport1" time="0.000">
    <skipped/>
  </testcase> <!-- ViewButtonReport1 -->
  <system-out/>
  <testcase classname="comapnyAdminTest.ProjectDirectorCriticalTestCases" name="DownloadAndViewButton1" time="0.000">
    <skipped/>
  </testcase> <!-- DownloadAndViewButton1 -->
  <system-out/>
</testsuite> <!-- comapnyAdminTest.ProjectDirectorCriticalTestCases -->
