<?xml version="1.0" encoding="UTF-8"?>
<!-- Generated by org.testng.reporters.JUnitReportReporter -->
<testsuite hostname="TRPL-PUN-0125" failures="0" tests="28" name="comapnyAdminTest.ProjectHeadCriticalTestCases" time="2638.721" errors="2" timestamp="2024-04-10T00:44:52 IST" skipped="16">
  <testcase classname="comapnyAdminTest.ProjectHeadCriticalTestCases" name="Login" time="69.041">
    <error message="no such element: Unable to locate element: {&quot;method&quot;:&quot;xpath&quot;,&quot;selector&quot;:&quot;//*[@id=&#039;txtemail&#039;]&quot;}
  (Session info: chrome=123.0.6312.106)
For documentation on this error, please visit: http://seleniumhq.org/exceptions/no_such_element.html
Build info: version: &#039;3.141.0&#039;, revision: &#039;2ecb7d9a&#039;, time: &#039;2018-10-31T20:09:30&#039;
System info: host: &#039;TRPL-PUN-0125&#039;, ip: &#039;192.168.10.44&#039;, os.name: &#039;Windows 10&#039;, os.arch: &#039;amd64&#039;, os.version: &#039;10.0&#039;, java.version: &#039;17.0.9&#039;
Driver info: org.openqa.selenium.chrome.ChromeDriver
Capabilities {acceptInsecureCerts: false, browserName: chrome, browserVersion: 123.0.6312.106, chrome: {chromedriverVersion: 123.0.6312.86 (9b72c47a0536..., userDataDir: C:\Users\shitalb\AppData\Lo...}, fedcm:accounts: true, goog:chromeOptions: {debuggerAddress: localhost:50915}, javascriptEnabled: true, networkConnectionEnabled: false, pageLoadStrategy: normal, platform: WINDOWS, platformName: WINDOWS, proxy: Proxy(), setWindowRect: true, strictFileInteractability: false, timeouts: {implicit: 0, pageLoad: 300000, script: 30000}, unhandledPromptBehavior: dismiss and notify, webauthn:extension:credBlob: true, webauthn:extension:largeBlob: true, webauthn:extension:minPinLength: true, webauthn:extension:prf: true, webauthn:virtualAuthenticators: true}
Session ID: 9f5a3ae9dfe309bc5c53ac1a842213d2
*** Element info: {Using=xpath, value=//*[@id=&#039;txtemail&#039;]}" type="org.openqa.selenium.NoSuchElementException">
      <![CDATA[org.openqa.selenium.NoSuchElementException: no such element: Unable to locate element: {"method":"xpath","selector":"//*[@id='txtemail']"}
  (Session info: chrome=123.0.6312.106)
For documentation on this error, please visit: http://seleniumhq.org/exceptions/no_such_element.html
Build info: version: '3.141.0', revision: '2ecb7d9a', time: '2018-10-31T20:09:30'
System info: host: 'TRPL-PUN-0125', ip: '192.168.10.44', os.name: 'Windows 10', os.arch: 'amd64', os.version: '10.0', java.version: '17.0.9'
Driver info: org.openqa.selenium.chrome.ChromeDriver
Capabilities {acceptInsecureCerts: false, browserName: chrome, browserVersion: 123.0.6312.106, chrome: {chromedriverVersion: 123.0.6312.86 (9b72c47a0536..., userDataDir: C:\Users\shitalb\AppData\Lo...}, fedcm:accounts: true, goog:chromeOptions: {debuggerAddress: localhost:50915}, javascriptEnabled: true, networkConnectionEnabled: false, pageLoadStrategy: normal, platform: WINDOWS, platformName: WINDOWS, proxy: Proxy(), setWindowRect: true, strictFileInteractability: false, timeouts: {implicit: 0, pageLoad: 300000, script: 30000}, unhandledPromptBehavior: dismiss and notify, webauthn:extension:credBlob: true, webauthn:extension:largeBlob: true, webauthn:extension:minPinLength: true, webauthn:extension:prf: true, webauthn:virtualAuthenticators: true}
Session ID: 9f5a3ae9dfe309bc5c53ac1a842213d2
*** Element info: {Using=xpath, value=//*[@id='txtemail']}
at java.base/jdk.internal.reflect.NativeConstructorAccessorImpl.newInstance0(Native Method)
at java.base/jdk.internal.reflect.NativeConstructorAccessorImpl.newInstance(NativeConstructorAccessorImpl.java:77)
at java.base/jdk.internal.reflect.DelegatingConstructorAccessorImpl.newInstance(DelegatingConstructorAccessorImpl.java:45)
at java.base/java.lang.reflect.Constructor.newInstanceWithCaller(Constructor.java:499)
at java.base/java.lang.reflect.Constructor.newInstance(Constructor.java:480)
at org.openqa.selenium.remote.http.W3CHttpResponseCodec.createException(W3CHttpResponseCodec.java:187)
at org.openqa.selenium.remote.http.W3CHttpResponseCodec.decode(W3CHttpResponseCodec.java:122)
at org.openqa.selenium.remote.http.W3CHttpResponseCodec.decode(W3CHttpResponseCodec.java:49)
at org.openqa.selenium.remote.HttpCommandExecutor.execute(HttpCommandExecutor.java:158)
at org.openqa.selenium.remote.service.DriverCommandExecutor.execute(DriverCommandExecutor.java:83)
at org.openqa.selenium.remote.RemoteWebDriver.execute(RemoteWebDriver.java:552)
at org.openqa.selenium.remote.RemoteWebDriver.findElement(RemoteWebDriver.java:323)
at org.openqa.selenium.remote.RemoteWebDriver.findElementByXPath(RemoteWebDriver.java:428)
at org.openqa.selenium.By$ByXPath.findElement(By.java:353)
at org.openqa.selenium.remote.RemoteWebDriver.findElement(RemoteWebDriver.java:315)
at login.LoginPOM.setUname(LoginPOM.java:22)
at login.Login.UserLogin(Login.java:104)
at login.BasePage.initialization(BasePage.java:204)
at comapnyAdminTest.ProjectHeadCriticalTestCases.Login(ProjectHeadCriticalTestCases.java:74)
at java.base/jdk.internal.reflect.NativeMethodAccessorImpl.invoke0(Native Method)
at java.base/jdk.internal.reflect.NativeMethodAccessorImpl.invoke(NativeMethodAccessorImpl.java:77)
at java.base/jdk.internal.reflect.DelegatingMethodAccessorImpl.invoke(DelegatingMethodAccessorImpl.java:43)
at java.base/java.lang.reflect.Method.invoke(Method.java:568)
at org.testng.internal.invokers.MethodInvocationHelper.invokeMethod(MethodInvocationHelper.java:139)
at org.testng.internal.invokers.MethodInvocationHelper.invokeMethodConsideringTimeout(MethodInvocationHelper.java:69)
at org.testng.internal.invokers.ConfigInvoker.invokeConfigurationMethod(ConfigInvoker.java:361)
at org.testng.internal.invokers.ConfigInvoker.invokeConfigurations(ConfigInvoker.java:296)
at org.testng.internal.invokers.TestInvoker.runConfigMethods(TestInvoker.java:816)
at org.testng.internal.invokers.TestInvoker.invokeMethod(TestInvoker.java:590)
at org.testng.internal.invokers.TestInvoker.invokeTestMethod(TestInvoker.java:221)
at org.testng.internal.invokers.MethodRunner.runInSequence(MethodRunner.java:50)
at org.testng.internal.invokers.TestInvoker$MethodInvocationAgent.invoke(TestInvoker.java:962)
at org.testng.internal.invokers.TestInvoker.invokeTestMethods(TestInvoker.java:194)
at org.testng.internal.invokers.TestMethodWorker.invokeTestMethods(TestMethodWorker.java:148)
at org.testng.internal.invokers.TestMethodWorker.run(TestMethodWorker.java:128)
at java.base/java.util.concurrent.ThreadPoolExecutor.runWorker(ThreadPoolExecutor.java:1136)
at java.base/java.util.concurrent.ThreadPoolExecutor$Worker.run(ThreadPoolExecutor.java:635)
at java.base/java.lang.Thread.run(Thread.java:840)
]]>
    </error>
  </testcase> <!-- Login -->
  <system-out/>
  <testcase classname="comapnyAdminTest.ProjectHeadCriticalTestCases" name="ProjectsCountGridCount1" time="74.711"/>
  <system-out/>
  <testcase classname="comapnyAdminTest.ProjectHeadCriticalTestCases" name="ContractorsCountGridCount1" time="71.121"/>
  <system-out/>
  <testcase classname="comapnyAdminTest.ProjectHeadCriticalTestCases" name="GraphCountMatch1" time="304.104"/>
  <system-out/>
  <testcase classname="comapnyAdminTest.ProjectHeadCriticalTestCases" name="RedInRedGraphCountMatch1" time="267.559"/>
  <system-out/>
  <testcase classname="comapnyAdminTest.ProjectHeadCriticalTestCases" name="GreyInRedCountMtch1" time="246.458"/>
  <system-out/>
  <testcase classname="comapnyAdminTest.ProjectHeadCriticalTestCases" name="AuditCompletionStatusRed1" time="264.234"/>
  <system-out/>
  <testcase classname="comapnyAdminTest.ProjectHeadCriticalTestCases" name="CTWCompliedgreen1" time="257.907">
    <error message="no such element: Unable to locate element: {&quot;method&quot;:&quot;xpath&quot;,&quot;selector&quot;:&quot;//span[@class=&#039;k-pager-info k-label&#039;]&quot;}
  (Session info: chrome=123.0.6312.106)
For documentation on this error, please visit: http://seleniumhq.org/exceptions/no_such_element.html
Build info: version: &#039;3.141.0&#039;, revision: &#039;2ecb7d9a&#039;, time: &#039;2018-10-31T20:09:30&#039;
System info: host: &#039;TRPL-PUN-0125&#039;, ip: &#039;192.168.10.44&#039;, os.name: &#039;Windows 10&#039;, os.arch: &#039;amd64&#039;, os.version: &#039;10.0&#039;, java.version: &#039;17.0.9&#039;
Driver info: org.openqa.selenium.chrome.ChromeDriver
Capabilities {acceptInsecureCerts: false, browserName: chrome, browserVersion: 123.0.6312.106, chrome: {chromedriverVersion: 123.0.6312.86 (9b72c47a0536..., userDataDir: C:\Users\shitalb\AppData\Lo...}, fedcm:accounts: true, goog:chromeOptions: {debuggerAddress: localhost:58598}, javascriptEnabled: true, networkConnectionEnabled: false, pageLoadStrategy: normal, platform: WINDOWS, platformName: WINDOWS, proxy: Proxy(), setWindowRect: true, strictFileInteractability: false, timeouts: {implicit: 0, pageLoad: 300000, script: 30000}, unhandledPromptBehavior: dismiss and notify, webauthn:extension:credBlob: true, webauthn:extension:largeBlob: true, webauthn:extension:minPinLength: true, webauthn:extension:prf: true, webauthn:virtualAuthenticators: true}
Session ID: 5692e798bfe220913499143d04dfb0b0
*** Element info: {Using=xpath, value=//span[@class=&#039;k-pager-info k-label&#039;]}" type="org.openqa.selenium.NoSuchElementException">
      <![CDATA[org.openqa.selenium.NoSuchElementException: no such element: Unable to locate element: {"method":"xpath","selector":"//span[@class='k-pager-info k-label']"}
  (Session info: chrome=123.0.6312.106)
For documentation on this error, please visit: http://seleniumhq.org/exceptions/no_such_element.html
Build info: version: '3.141.0', revision: '2ecb7d9a', time: '2018-10-31T20:09:30'
System info: host: 'TRPL-PUN-0125', ip: '192.168.10.44', os.name: 'Windows 10', os.arch: 'amd64', os.version: '10.0', java.version: '17.0.9'
Driver info: org.openqa.selenium.chrome.ChromeDriver
Capabilities {acceptInsecureCerts: false, browserName: chrome, browserVersion: 123.0.6312.106, chrome: {chromedriverVersion: 123.0.6312.86 (9b72c47a0536..., userDataDir: C:\Users\shitalb\AppData\Lo...}, fedcm:accounts: true, goog:chromeOptions: {debuggerAddress: localhost:58598}, javascriptEnabled: true, networkConnectionEnabled: false, pageLoadStrategy: normal, platform: WINDOWS, platformName: WINDOWS, proxy: Proxy(), setWindowRect: true, strictFileInteractability: false, timeouts: {implicit: 0, pageLoad: 300000, script: 30000}, unhandledPromptBehavior: dismiss and notify, webauthn:extension:credBlob: true, webauthn:extension:largeBlob: true, webauthn:extension:minPinLength: true, webauthn:extension:prf: true, webauthn:virtualAuthenticators: true}
Session ID: 5692e798bfe220913499143d04dfb0b0
*** Element info: {Using=xpath, value=//span[@class='k-pager-info k-label']}
at java.base/jdk.internal.reflect.NativeConstructorAccessorImpl.newInstance0(Native Method)
at java.base/jdk.internal.reflect.NativeConstructorAccessorImpl.newInstance(NativeConstructorAccessorImpl.java:77)
at java.base/jdk.internal.reflect.DelegatingConstructorAccessorImpl.newInstance(DelegatingConstructorAccessorImpl.java:45)
at java.base/java.lang.reflect.Constructor.newInstanceWithCaller(Constructor.java:499)
at java.base/java.lang.reflect.Constructor.newInstance(Constructor.java:480)
at org.openqa.selenium.remote.http.W3CHttpResponseCodec.createException(W3CHttpResponseCodec.java:187)
at org.openqa.selenium.remote.http.W3CHttpResponseCodec.decode(W3CHttpResponseCodec.java:122)
at org.openqa.selenium.remote.http.W3CHttpResponseCodec.decode(W3CHttpResponseCodec.java:49)
at org.openqa.selenium.remote.HttpCommandExecutor.execute(HttpCommandExecutor.java:158)
at org.openqa.selenium.remote.service.DriverCommandExecutor.execute(DriverCommandExecutor.java:83)
at org.openqa.selenium.remote.RemoteWebDriver.execute(RemoteWebDriver.java:552)
at org.openqa.selenium.remote.RemoteWebDriver.findElement(RemoteWebDriver.java:323)
at org.openqa.selenium.remote.RemoteWebDriver.findElementByXPath(RemoteWebDriver.java:428)
at org.openqa.selenium.By$ByXPath.findElement(By.java:353)
at org.openqa.selenium.remote.RemoteWebDriver.findElement(RemoteWebDriver.java:315)
at companyAuditor.Locator2.GreenGraphinGreenGrid(Locator2.java:1464)
at companyProjectHead.Method3.CTWCompliedLow(Method3.java:2153)
at companyProjectHead.Method3.CTWCompliedgreen(Method3.java:1973)
at comapnyAdminTest.ProjectHeadCriticalTestCases.CTWCompliedgreen1(ProjectHeadCriticalTestCases.java:186)
at java.base/jdk.internal.reflect.NativeMethodAccessorImpl.invoke0(Native Method)
at java.base/jdk.internal.reflect.NativeMethodAccessorImpl.invoke(NativeMethodAccessorImpl.java:77)
at java.base/jdk.internal.reflect.DelegatingMethodAccessorImpl.invoke(DelegatingMethodAccessorImpl.java:43)
at java.base/java.lang.reflect.Method.invoke(Method.java:568)
at org.testng.internal.invokers.MethodInvocationHelper.invokeMethod(MethodInvocationHelper.java:139)
at org.testng.internal.invokers.TestInvoker.invokeMethod(TestInvoker.java:677)
at org.testng.internal.invokers.TestInvoker.invokeTestMethod(TestInvoker.java:221)
at org.testng.internal.invokers.MethodRunner.runInSequence(MethodRunner.java:50)
at org.testng.internal.invokers.TestInvoker$MethodInvocationAgent.invoke(TestInvoker.java:962)
at org.testng.internal.invokers.TestInvoker.invokeTestMethods(TestInvoker.java:194)
at org.testng.internal.invokers.TestMethodWorker.invokeTestMethods(TestMethodWorker.java:148)
at org.testng.internal.invokers.TestMethodWorker.run(TestMethodWorker.java:128)
at java.base/java.util.concurrent.ThreadPoolExecutor.runWorker(ThreadPoolExecutor.java:1136)
at java.base/java.util.concurrent.ThreadPoolExecutor$Worker.run(ThreadPoolExecutor.java:635)
at java.base/java.lang.Thread.run(Thread.java:840)
]]>
    </error>
  </testcase> <!-- CTWCompliedgreen1 -->
  <system-out/>
  <testcase classname="comapnyAdminTest.ProjectHeadCriticalTestCases" name="CTWNotCompliedRed1" time="263.797"/>
  <system-out/>
  <testcase classname="comapnyAdminTest.ProjectHeadCriticalTestCases" name="CTWNotApplicableGrey1" time="280.238"/>
  <system-out/>
  <testcase classname="comapnyAdminTest.ProjectHeadCriticalTestCases" name="CTWAuditStatusSummeryOverdue1" time="282.862"/>
  <system-out/>
  <testcase classname="comapnyAdminTest.ProjectHeadCriticalTestCases" name="PWCSSABCConstructionCompliedHigh1" time="256.686"/>
  <system-out/>
  <testcase classname="comapnyAdminTest.ProjectHeadCriticalTestCases" name="PWCSSABCconstructionNotCompliedHigh1" time="0.000">
    <skipped/>
  </testcase> <!-- PWCSSABCconstructionNotCompliedHigh1 -->
  <system-out/>
  <testcase classname="comapnyAdminTest.ProjectHeadCriticalTestCases" name="PWCSSABCconstructionNotApplicableHigh1" time="0.000">
    <skipped/>
  </testcase> <!-- PWCSSABCconstructionNotApplicableHigh1 -->
  <system-out/>
  <testcase classname="comapnyAdminTest.ProjectHeadCriticalTestCases" name="PWAuditStatusSummeryABCConstructionOverdue1" time="0.001">
    <skipped/>
  </testcase> <!-- PWAuditStatusSummeryABCConstructionOverdue1 -->
  <system-out/>
  <testcase classname="comapnyAdminTest.ProjectHeadCriticalTestCases" name="PWCSSubcontractorCompliedHigh1" time="0.000">
    <skipped/>
  </testcase> <!-- PWCSSubcontractorCompliedHigh1 -->
  <system-out/>
  <testcase classname="comapnyAdminTest.ProjectHeadCriticalTestCases" name="PWCSSubcontractorNotCompliedMedium1" time="0.000">
    <skipped/>
  </testcase> <!-- PWCSSubcontractorNotCompliedMedium1 -->
  <system-out/>
  <testcase classname="comapnyAdminTest.ProjectHeadCriticalTestCases" name="PWCSSubcontractorNotApplicableMedium1" time="0.001">
    <skipped/>
  </testcase> <!-- PWCSSubcontractorNotApplicableMedium1 -->
  <system-out/>
  <testcase classname="comapnyAdminTest.ProjectHeadCriticalTestCases" name="DocumentViewButton1" time="0.000">
    <skipped/>
  </testcase> <!-- DocumentViewButton1 -->
  <system-out/>
  <testcase classname="comapnyAdminTest.ProjectHeadCriticalTestCases" name="DownloadCompliance1" time="0.000">
    <skipped/>
  </testcase> <!-- DownloadCompliance1 -->
  <system-out/>
  <testcase classname="comapnyAdminTest.ProjectHeadCriticalTestCases" name="MultipleDownload1" time="0.000">
    <skipped/>
  </testcase> <!-- MultipleDownload1 -->
  <system-out/>
  <testcase classname="comapnyAdminTest.ProjectHeadCriticalTestCases" name="DocumentClearButton1" time="0.001">
    <skipped/>
  </testcase> <!-- DocumentClearButton1 -->
  <system-out/>
  <testcase classname="comapnyAdminTest.ProjectHeadCriticalTestCases" name="ExtendReport1" time="0.000">
    <skipped/>
  </testcase> <!-- ExtendReport1 -->
  <system-out/>
  <testcase classname="comapnyAdminTest.ProjectHeadCriticalTestCases" name="FileDownload1" time="0.000">
    <skipped/>
  </testcase> <!-- FileDownload1 -->
  <system-out/>
  <testcase classname="comapnyAdminTest.ProjectHeadCriticalTestCases" name="ClearButtonReport1" time="0.000">
    <skipped/>
  </testcase> <!-- ClearButtonReport1 -->
  <system-out/>
  <testcase classname="comapnyAdminTest.ProjectHeadCriticalTestCases" name="MoreReportDownload1" time="0.000">
    <skipped/>
  </testcase> <!-- MoreReportDownload1 -->
  <system-out/>
  <testcase classname="comapnyAdminTest.ProjectHeadCriticalTestCases" name="ViewButton" time="0.000">
    <skipped/>
  </testcase> <!-- ViewButton -->
  <system-out/>
  <testcase classname="comapnyAdminTest.ProjectHeadCriticalTestCases" name="DownloadAndViewButton1" time="0.000">
    <skipped/>
  </testcase> <!-- DownloadAndViewButton1 -->
  <system-out/>
</testsuite> <!-- comapnyAdminTest.ProjectHeadCriticalTestCases -->
