<?xml version="1.0" encoding="UTF-8"?>
<!-- Generated by org.testng.reporters.JUnitReportReporter -->
<testsuite hostname="TRPL-PUN-0125" failures="0" tests="66" name="comapnyAdminTest.ProjectDirectorTestCases" time="11365.119" errors="4" timestamp="2024-03-13T10:45:41 IST" skipped="0">
  <testcase classname="comapnyAdminTest.ProjectDirectorTestCases" name="ProjectsCountGridCount1" time="67.094"/>
  <system-out/>
  <testcase classname="comapnyAdminTest.ProjectDirectorTestCases" name="ContractorsCountGridCount1" time="72.252"/>
  <system-out/>
  <testcase classname="comapnyAdminTest.ProjectDirectorTestCases" name="GraphCountMatch1" time="83.465">
    <error message="no such element: Unable to locate element: {&quot;method&quot;:&quot;xpath&quot;,&quot;selector&quot;:&quot;//span[@class=&#039;k-pager-info k-label&#039;]&quot;}
  (Session info: chrome=122.0.6261.112)
For documentation on this error, please visit: http://seleniumhq.org/exceptions/no_such_element.html
Build info: version: &#039;3.141.0&#039;, revision: &#039;2ecb7d9a&#039;, time: &#039;2018-10-31T20:09:30&#039;
System info: host: &#039;TRPL-PUN-0125&#039;, ip: &#039;192.168.10.37&#039;, os.name: &#039;Windows 10&#039;, os.arch: &#039;amd64&#039;, os.version: &#039;10.0&#039;, java.version: &#039;17.0.9&#039;
Driver info: org.openqa.selenium.chrome.ChromeDriver
Capabilities {acceptInsecureCerts: false, browserName: chrome, browserVersion: 122.0.6261.112, chrome: {chromedriverVersion: 121.0.6167.85 (3f98d690ad7e..., userDataDir: C:\Users\shitalb\AppData\Lo...}, fedcm:accounts: true, goog:chromeOptions: {debuggerAddress: localhost:57698}, javascriptEnabled: true, networkConnectionEnabled: false, pageLoadStrategy: normal, platform: WINDOWS, platformName: WINDOWS, proxy: Proxy(), setWindowRect: true, strictFileInteractability: false, timeouts: {implicit: 0, pageLoad: 300000, script: 30000}, unhandledPromptBehavior: dismiss and notify, webauthn:extension:credBlob: true, webauthn:extension:largeBlob: true, webauthn:extension:minPinLength: true, webauthn:extension:prf: true, webauthn:virtualAuthenticators: true}
Session ID: 4c4a00b09f710cf232ed228b2596d2da
*** Element info: {Using=xpath, value=//span[@class=&#039;k-pager-info k-label&#039;]}" type="org.openqa.selenium.NoSuchElementException">
      <![CDATA[org.openqa.selenium.NoSuchElementException: no such element: Unable to locate element: {"method":"xpath","selector":"//span[@class='k-pager-info k-label']"}
  (Session info: chrome=122.0.6261.112)
For documentation on this error, please visit: http://seleniumhq.org/exceptions/no_such_element.html
Build info: version: '3.141.0', revision: '2ecb7d9a', time: '2018-10-31T20:09:30'
System info: host: 'TRPL-PUN-0125', ip: '192.168.10.37', os.name: 'Windows 10', os.arch: 'amd64', os.version: '10.0', java.version: '17.0.9'
Driver info: org.openqa.selenium.chrome.ChromeDriver
Capabilities {acceptInsecureCerts: false, browserName: chrome, browserVersion: 122.0.6261.112, chrome: {chromedriverVersion: 121.0.6167.85 (3f98d690ad7e..., userDataDir: C:\Users\shitalb\AppData\Lo...}, fedcm:accounts: true, goog:chromeOptions: {debuggerAddress: localhost:57698}, javascriptEnabled: true, networkConnectionEnabled: false, pageLoadStrategy: normal, platform: WINDOWS, platformName: WINDOWS, proxy: Proxy(), setWindowRect: true, strictFileInteractability: false, timeouts: {implicit: 0, pageLoad: 300000, script: 30000}, unhandledPromptBehavior: dismiss and notify, webauthn:extension:credBlob: true, webauthn:extension:largeBlob: true, webauthn:extension:minPinLength: true, webauthn:extension:prf: true, webauthn:virtualAuthenticators: true}
Session ID: 4c4a00b09f710cf232ed228b2596d2da
*** Element info: {Using=xpath, value=//span[@class='k-pager-info k-label']}
at java.base/jdk.internal.reflect.NativeConstructorAccessorImpl.newInstance0(Native Method)
at java.base/jdk.internal.reflect.NativeConstructorAccessorImpl.newInstance(NativeConstructorAccessorImpl.java:77)
at java.base/jdk.internal.reflect.DelegatingConstructorAccessorImpl.newInstance(DelegatingConstructorAccessorImpl.java:45)
at java.base/java.lang.reflect.Constructor.newInstanceWithCaller(Constructor.java:499)
at java.base/java.lang.reflect.Constructor.newInstance(Constructor.java:480)
at org.openqa.selenium.remote.http.W3CHttpResponseCodec.createException(W3CHttpResponseCodec.java:187)
at org.openqa.selenium.remote.http.W3CHttpResponseCodec.decode(W3CHttpResponseCodec.java:122)
at org.openqa.selenium.remote.http.W3CHttpResponseCodec.decode(W3CHttpResponseCodec.java:49)
at org.openqa.selenium.remote.HttpCommandExecutor.execute(HttpCommandExecutor.java:158)
at org.openqa.selenium.remote.service.DriverCommandExecutor.execute(DriverCommandExecutor.java:83)
at org.openqa.selenium.remote.RemoteWebDriver.execute(RemoteWebDriver.java:552)
at org.openqa.selenium.remote.RemoteWebDriver.findElement(RemoteWebDriver.java:323)
at org.openqa.selenium.remote.RemoteWebDriver.findElementByXPath(RemoteWebDriver.java:428)
at org.openqa.selenium.By$ByXPath.findElement(By.java:353)
at org.openqa.selenium.remote.RemoteWebDriver.findElement(RemoteWebDriver.java:315)
at companyProjectDirector.Locator4.RedGraphGrid(Locator4.java:406)
at companyProjectDirector.CriticalMethod4.GraphCountMatch(CriticalMethod4.java:190)
at comapnyAdminTest.ProjectDirectorTestCases.GraphCountMatch1(ProjectDirectorTestCases.java:127)
at java.base/jdk.internal.reflect.NativeMethodAccessorImpl.invoke0(Native Method)
at java.base/jdk.internal.reflect.NativeMethodAccessorImpl.invoke(NativeMethodAccessorImpl.java:77)
at java.base/jdk.internal.reflect.DelegatingMethodAccessorImpl.invoke(DelegatingMethodAccessorImpl.java:43)
at java.base/java.lang.reflect.Method.invoke(Method.java:568)
at org.testng.internal.invokers.MethodInvocationHelper.invokeMethod(MethodInvocationHelper.java:139)
at org.testng.internal.invokers.TestInvoker.invokeMethod(TestInvoker.java:677)
at org.testng.internal.invokers.TestInvoker.invokeTestMethod(TestInvoker.java:221)
at org.testng.internal.invokers.MethodRunner.runInSequence(MethodRunner.java:50)
at org.testng.internal.invokers.TestInvoker$MethodInvocationAgent.invoke(TestInvoker.java:962)
at org.testng.internal.invokers.TestInvoker.invokeTestMethods(TestInvoker.java:194)
at org.testng.internal.invokers.TestMethodWorker.invokeTestMethods(TestMethodWorker.java:148)
at org.testng.internal.invokers.TestMethodWorker.run(TestMethodWorker.java:128)
at java.base/java.util.ArrayList.forEach(ArrayList.java:1511)
at org.testng.TestRunner.privateRun(TestRunner.java:806)
at org.testng.TestRunner.run(TestRunner.java:601)
at org.testng.SuiteRunner.runTest(SuiteRunner.java:433)
at org.testng.SuiteRunner.runSequentially(SuiteRunner.java:427)
at org.testng.SuiteRunner.privateRun(SuiteRunner.java:387)
at org.testng.SuiteRunner.run(SuiteRunner.java:330)
at org.testng.SuiteRunnerWorker.runSuite(SuiteRunnerWorker.java:52)
at org.testng.SuiteRunnerWorker.run(SuiteRunnerWorker.java:95)
at org.testng.TestNG.runSuitesSequentially(TestNG.java:1256)
at org.testng.TestNG.runSuitesLocally(TestNG.java:1176)
at org.testng.TestNG.runSuites(TestNG.java:1099)
at org.testng.TestNG.run(TestNG.java:1067)
at org.testng.remote.AbstractRemoteTestNG.run(AbstractRemoteTestNG.java:115)
at org.testng.remote.RemoteTestNG.initAndRun(RemoteTestNG.java:251)
at org.testng.remote.RemoteTestNG.main(RemoteTestNG.java:77)
]]>
    </error>
  </testcase> <!-- GraphCountMatch1 -->
  <system-out/>
  <testcase classname="comapnyAdminTest.ProjectDirectorTestCases" name="CompliedGraphMultipleFilterHigh1" time="142.223"/>
  <system-out/>
  <testcase classname="comapnyAdminTest.ProjectDirectorTestCases" name="CompliedGraphMultipleFilterMedium1" time="137.568"/>
  <system-out/>
  <testcase classname="comapnyAdminTest.ProjectDirectorTestCases" name="CompliedGraphMultipleFilterLow1" time="153.250"/>
  <system-out/>
  <testcase classname="comapnyAdminTest.ProjectDirectorTestCases" name="RedInRedGraphCountMatch1" time="259.859"/>
  <system-out/>
  <testcase classname="comapnyAdminTest.ProjectDirectorTestCases" name="NotCompliedGraphMultipleFilterHigh1" time="137.003"/>
  <system-out/>
  <testcase classname="comapnyAdminTest.ProjectDirectorTestCases" name="NotCompliedGraphMultipleFilterMedium1" time="135.903"/>
  <system-out/>
  <testcase classname="comapnyAdminTest.ProjectDirectorTestCases" name="NotCompliedGraphMultipleFilterLow1" time="153.206"/>
  <system-out/>
  <testcase classname="comapnyAdminTest.ProjectDirectorTestCases" name="GreyInRedCountMtch1" time="239.479"/>
  <system-out/>
  <testcase classname="comapnyAdminTest.ProjectDirectorTestCases" name="NotApplicableGraphMultipleFilterHigh1" time="134.677"/>
  <system-out/>
  <testcase classname="comapnyAdminTest.ProjectDirectorTestCases" name="NotApplicableGraphMultipleFilterMedium1" time="137.978"/>
  <system-out/>
  <testcase classname="comapnyAdminTest.ProjectDirectorTestCases" name="NotApplicableGraphMultipleFilterLow1" time="135.246"/>
  <system-out/>
  <testcase classname="comapnyAdminTest.ProjectDirectorTestCases" name="AuditCompletionStatusRed1" time="303.619"/>
  <system-out/>
  <testcase classname="comapnyAdminTest.ProjectDirectorTestCases" name="ACSOverdueMultipleFilter1" time="130.250"/>
  <system-out/>
  <testcase classname="comapnyAdminTest.ProjectDirectorTestCases" name="ACSPendingReviewMultipleFilter1" time="141.393"/>
  <system-out/>
  <testcase classname="comapnyAdminTest.ProjectDirectorTestCases" name="ACSClosedMultipleFilter1" time="135.807"/>
  <system-out/>
  <testcase classname="comapnyAdminTest.ProjectDirectorTestCases" name="CTWCompliedgreen1" time="258.807"/>
  <system-out/>
  <testcase classname="comapnyAdminTest.ProjectDirectorTestCases" name="CTWCompliedgreen11" time="373.437"/>
  <system-out/>
  <testcase classname="comapnyAdminTest.ProjectDirectorTestCases" name="CTWNotCompliedRed1" time="267.824"/>
  <system-out/>
  <testcase classname="comapnyAdminTest.ProjectDirectorTestCases" name="CTWNotCompliedRed11" time="375.727"/>
  <system-out/>
  <testcase classname="comapnyAdminTest.ProjectDirectorTestCases" name="CTWNotApplicableGrey1" time="259.165"/>
  <system-out/>
  <testcase classname="comapnyAdminTest.ProjectDirectorTestCases" name="CTWNotApplicableGrey11" time="351.879"/>
  <system-out/>
  <testcase classname="comapnyAdminTest.ProjectDirectorTestCases" name="CTWAuditStatusSummeryOverdue1" time="299.127"/>
  <system-out/>
  <testcase classname="comapnyAdminTest.ProjectDirectorTestCases" name="CTWAuditStatusSummeryOverdue11" time="137.962"/>
  <system-out/>
  <testcase classname="comapnyAdminTest.ProjectDirectorTestCases" name="CTWAuditStatusSummeryPendingReview11" time="129.348"/>
  <system-out/>
  <testcase classname="comapnyAdminTest.ProjectDirectorTestCases" name="CTWAuditStatusSummeryCompletedStatus1" time="128.757"/>
  <system-out/>
  <testcase classname="comapnyAdminTest.ProjectDirectorTestCases" name="PWCSSABCConstructionCompliedHigh1" time="260.592">
    <error message="stale element reference: stale element not found
  (Session info: chrome=122.0.6261.112)
For documentation on this error, please visit: http://seleniumhq.org/exceptions/stale_element_reference.html
Build info: version: &#039;3.141.0&#039;, revision: &#039;2ecb7d9a&#039;, time: &#039;2018-10-31T20:09:30&#039;
System info: host: &#039;TRPL-PUN-0125&#039;, ip: &#039;192.168.10.37&#039;, os.name: &#039;Windows 10&#039;, os.arch: &#039;amd64&#039;, os.version: &#039;10.0&#039;, java.version: &#039;17.0.9&#039;
Driver info: org.openqa.selenium.chrome.ChromeDriver
Capabilities {acceptInsecureCerts: false, browserName: chrome, browserVersion: 122.0.6261.112, chrome: {chromedriverVersion: 121.0.6167.85 (3f98d690ad7e..., userDataDir: C:\Users\shitalb\AppData\Lo...}, fedcm:accounts: true, goog:chromeOptions: {debuggerAddress: localhost:54409}, javascriptEnabled: true, networkConnectionEnabled: false, pageLoadStrategy: normal, platform: WINDOWS, platformName: WINDOWS, proxy: Proxy(), setWindowRect: true, strictFileInteractability: false, timeouts: {implicit: 0, pageLoad: 300000, script: 30000}, unhandledPromptBehavior: dismiss and notify, webauthn:extension:credBlob: true, webauthn:extension:largeBlob: true, webauthn:extension:minPinLength: true, webauthn:extension:prf: true, webauthn:virtualAuthenticators: true}
Session ID: bd5af07b00a4bab0555397e0261c42f7" type="org.openqa.selenium.StaleElementReferenceException">
      <![CDATA[org.openqa.selenium.StaleElementReferenceException: stale element reference: stale element not found
  (Session info: chrome=122.0.6261.112)
For documentation on this error, please visit: http://seleniumhq.org/exceptions/stale_element_reference.html
Build info: version: '3.141.0', revision: '2ecb7d9a', time: '2018-10-31T20:09:30'
System info: host: 'TRPL-PUN-0125', ip: '192.168.10.37', os.name: 'Windows 10', os.arch: 'amd64', os.version: '10.0', java.version: '17.0.9'
Driver info: org.openqa.selenium.chrome.ChromeDriver
Capabilities {acceptInsecureCerts: false, browserName: chrome, browserVersion: 122.0.6261.112, chrome: {chromedriverVersion: 121.0.6167.85 (3f98d690ad7e..., userDataDir: C:\Users\shitalb\AppData\Lo...}, fedcm:accounts: true, goog:chromeOptions: {debuggerAddress: localhost:54409}, javascriptEnabled: true, networkConnectionEnabled: false, pageLoadStrategy: normal, platform: WINDOWS, platformName: WINDOWS, proxy: Proxy(), setWindowRect: true, strictFileInteractability: false, timeouts: {implicit: 0, pageLoad: 300000, script: 30000}, unhandledPromptBehavior: dismiss and notify, webauthn:extension:credBlob: true, webauthn:extension:largeBlob: true, webauthn:extension:minPinLength: true, webauthn:extension:prf: true, webauthn:virtualAuthenticators: true}
Session ID: bd5af07b00a4bab0555397e0261c42f7
at jdk.internal.reflect.GeneratedConstructorAccessor56.newInstance(Unknown Source)
at java.base/jdk.internal.reflect.DelegatingConstructorAccessorImpl.newInstance(DelegatingConstructorAccessorImpl.java:45)
at java.base/java.lang.reflect.Constructor.newInstanceWithCaller(Constructor.java:499)
at java.base/java.lang.reflect.Constructor.newInstance(Constructor.java:480)
at org.openqa.selenium.remote.http.W3CHttpResponseCodec.createException(W3CHttpResponseCodec.java:187)
at org.openqa.selenium.remote.http.W3CHttpResponseCodec.decode(W3CHttpResponseCodec.java:122)
at org.openqa.selenium.remote.http.W3CHttpResponseCodec.decode(W3CHttpResponseCodec.java:49)
at org.openqa.selenium.remote.HttpCommandExecutor.execute(HttpCommandExecutor.java:158)
at org.openqa.selenium.remote.service.DriverCommandExecutor.execute(DriverCommandExecutor.java:83)
at org.openqa.selenium.remote.RemoteWebDriver.execute(RemoteWebDriver.java:552)
at org.openqa.selenium.remote.RemoteWebElement.execute(RemoteWebElement.java:285)
at org.openqa.selenium.remote.RemoteWebElement.click(RemoteWebElement.java:84)
at companyProjectDirector.Method4.PWCSSABCConstructionCompliedLow(Method4.java:4544)
at companyProjectDirector.CriticalMethod4.PWCSSABCConstructionCompliedHigh(CriticalMethod4.java:1427)
at comapnyAdminTest.ProjectDirectorTestCases.PWCSSABCConstructionCompliedHigh1(ProjectDirectorTestCases.java:481)
at java.base/jdk.internal.reflect.NativeMethodAccessorImpl.invoke0(Native Method)
at java.base/jdk.internal.reflect.NativeMethodAccessorImpl.invoke(NativeMethodAccessorImpl.java:77)
at java.base/jdk.internal.reflect.DelegatingMethodAccessorImpl.invoke(DelegatingMethodAccessorImpl.java:43)
at java.base/java.lang.reflect.Method.invoke(Method.java:568)
at org.testng.internal.invokers.MethodInvocationHelper.invokeMethod(MethodInvocationHelper.java:139)
at org.testng.internal.invokers.TestInvoker.invokeMethod(TestInvoker.java:677)
at org.testng.internal.invokers.TestInvoker.invokeTestMethod(TestInvoker.java:221)
at org.testng.internal.invokers.MethodRunner.runInSequence(MethodRunner.java:50)
at org.testng.internal.invokers.TestInvoker$MethodInvocationAgent.invoke(TestInvoker.java:962)
at org.testng.internal.invokers.TestInvoker.invokeTestMethods(TestInvoker.java:194)
at org.testng.internal.invokers.TestMethodWorker.invokeTestMethods(TestMethodWorker.java:148)
at org.testng.internal.invokers.TestMethodWorker.run(TestMethodWorker.java:128)
at java.base/java.util.ArrayList.forEach(ArrayList.java:1511)
at org.testng.TestRunner.privateRun(TestRunner.java:806)
at org.testng.TestRunner.run(TestRunner.java:601)
at org.testng.SuiteRunner.runTest(SuiteRunner.java:433)
at org.testng.SuiteRunner.runSequentially(SuiteRunner.java:427)
at org.testng.SuiteRunner.privateRun(SuiteRunner.java:387)
at org.testng.SuiteRunner.run(SuiteRunner.java:330)
at org.testng.SuiteRunnerWorker.runSuite(SuiteRunnerWorker.java:52)
at org.testng.SuiteRunnerWorker.run(SuiteRunnerWorker.java:95)
at org.testng.TestNG.runSuitesSequentially(TestNG.java:1256)
at org.testng.TestNG.runSuitesLocally(TestNG.java:1176)
at org.testng.TestNG.runSuites(TestNG.java:1099)
at org.testng.TestNG.run(TestNG.java:1067)
at org.testng.remote.AbstractRemoteTestNG.run(AbstractRemoteTestNG.java:115)
at org.testng.remote.RemoteTestNG.initAndRun(RemoteTestNG.java:251)
at org.testng.remote.RemoteTestNG.main(RemoteTestNG.java:77)
]]>
    </error>
  </testcase> <!-- PWCSSABCConstructionCompliedHigh1 -->
  <system-out/>
  <testcase classname="comapnyAdminTest.ProjectDirectorTestCases" name="PWCSCompliedGraphMultipleFilterHigh11" time="134.039"/>
  <system-out/>
  <testcase classname="comapnyAdminTest.ProjectDirectorTestCases" name="PWCSSCompliedGraphMultipleFilterMedium1" time="131.236"/>
  <system-out/>
  <testcase classname="comapnyAdminTest.ProjectDirectorTestCases" name="PWCSSCompliedGraphMultipleFilterLow1" time="129.857"/>
  <system-out/>
  <testcase classname="comapnyAdminTest.ProjectDirectorTestCases" name="PWCSSABCconstructionNotCompliedHigh1" time="298.596"/>
  <system-out/>
  <testcase classname="comapnyAdminTest.ProjectDirectorTestCases" name="PWCSSNotCompliedGraphMultipleFilterHigh1" time="129.857"/>
  <system-out/>
  <testcase classname="comapnyAdminTest.ProjectDirectorTestCases" name="PWCSSNotCompliedGraphMultipleFilterMedium1" time="148.792"/>
  <system-out/>
  <testcase classname="comapnyAdminTest.ProjectDirectorTestCases" name="PWCSSNotCompliedGraphMultipleFilterLow1" time="125.673"/>
  <system-out/>
  <testcase classname="comapnyAdminTest.ProjectDirectorTestCases" name="PWCSSABCconstructionNotApplicableHigh1" time="265.901"/>
  <system-out/>
  <testcase classname="comapnyAdminTest.ProjectDirectorTestCases" name="PWCSNotApplicableHigh1" time="145.633"/>
  <system-out/>
  <testcase classname="comapnyAdminTest.ProjectDirectorTestCases" name="PWCSNotApplicableGraphmedium1" time="142.133"/>
  <system-out/>
  <testcase classname="comapnyAdminTest.ProjectDirectorTestCases" name="PWCSSNotApplicableGraphLow1" time="140.217"/>
  <system-out/>
  <testcase classname="comapnyAdminTest.ProjectDirectorTestCases" name="PWAuditStatusSummeryABCConstructionOverdue1" time="316.170"/>
  <system-out/>
  <testcase classname="comapnyAdminTest.ProjectDirectorTestCases" name="PWAuditStatusSummeryABCConstructionOverdue11" time="446.970"/>
  <system-out/>
  <testcase classname="comapnyAdminTest.ProjectDirectorTestCases" name="PWCSSubcontractorCompliedHigh1" time="239.655"/>
  <system-out/>
  <testcase classname="comapnyAdminTest.ProjectDirectorTestCases" name="PWCSSubContractorCompliedHighmultipleFilter1" time="166.647"/>
  <system-out/>
  <testcase classname="comapnyAdminTest.ProjectDirectorTestCases" name="PWCSSubContractorCompliedMediummultipleFilter1" time="169.674"/>
  <system-out/>
  <testcase classname="comapnyAdminTest.ProjectDirectorTestCases" name="PWCSSubContractorCompliedLowmultipleFilter" time="167.078"/>
  <system-out/>
  <testcase classname="comapnyAdminTest.ProjectDirectorTestCases" name="PWCSSubcontractorNotCompliedHigh1" time="237.399"/>
  <system-out/>
  <testcase classname="comapnyAdminTest.ProjectDirectorTestCases" name="PWCSSubContractorNotCompliedHighmultipleFilter1" time="167.634"/>
  <system-out/>
  <testcase classname="comapnyAdminTest.ProjectDirectorTestCases" name="PWCSSubContractorNotCompliedMediummultipleFilter1" time="165.883"/>
  <system-out/>
  <testcase classname="comapnyAdminTest.ProjectDirectorTestCases" name="PWCSSubContractorNotCompliedLowmultipleFilter1" time="172.026"/>
  <system-out/>
  <testcase classname="comapnyAdminTest.ProjectDirectorTestCases" name="PWCSSubcontractorNotApplicableMedium1" time="243.301"/>
  <system-out/>
  <testcase classname="comapnyAdminTest.ProjectDirectorTestCases" name="PWCSSubContractorNotApplicableHighmultipleFilter1" time="163.312"/>
  <system-out/>
  <testcase classname="comapnyAdminTest.ProjectDirectorTestCases" name="PWCSSubContractorNotApplicableMediummultipleFilter1" time="167.464"/>
  <system-out/>
  <testcase classname="comapnyAdminTest.ProjectDirectorTestCases" name="PWCSSubContractorNotApplicableLowmultipleFilter1" time="167.160"/>
  <system-out/>
  <testcase classname="comapnyAdminTest.ProjectDirectorTestCases" name="DocumentViewButton1" time="61.387"/>
  <system-out/>
  <testcase classname="comapnyAdminTest.ProjectDirectorTestCases" name="DownoloadCompliance1" time="83.442"/>
  <system-out/>
  <testcase classname="comapnyAdminTest.ProjectDirectorTestCases" name="multipleDownload1" time="91.895"/>
  <system-out/>
  <testcase classname="comapnyAdminTest.ProjectDirectorTestCases" name="DocumentClearButton1" time="83.094">
    <error message="no such element: Unable to locate element: {&quot;method&quot;:&quot;xpath&quot;,&quot;selector&quot;:&quot;//span[.=&#039;ABC Demo&#039;]&quot;}
  (Session info: chrome=122.0.6261.112)
For documentation on this error, please visit: http://seleniumhq.org/exceptions/no_such_element.html
Build info: version: &#039;3.141.0&#039;, revision: &#039;2ecb7d9a&#039;, time: &#039;2018-10-31T20:09:30&#039;
System info: host: &#039;TRPL-PUN-0125&#039;, ip: &#039;192.168.10.37&#039;, os.name: &#039;Windows 10&#039;, os.arch: &#039;amd64&#039;, os.version: &#039;10.0&#039;, java.version: &#039;17.0.9&#039;
Driver info: org.openqa.selenium.chrome.ChromeDriver
Capabilities {acceptInsecureCerts: false, browserName: chrome, browserVersion: 122.0.6261.112, chrome: {chromedriverVersion: 121.0.6167.85 (3f98d690ad7e..., userDataDir: C:\Users\shitalb\AppData\Lo...}, fedcm:accounts: true, goog:chromeOptions: {debuggerAddress: localhost:57988}, javascriptEnabled: true, networkConnectionEnabled: false, pageLoadStrategy: normal, platform: WINDOWS, platformName: WINDOWS, proxy: Proxy(), setWindowRect: true, strictFileInteractability: false, timeouts: {implicit: 0, pageLoad: 300000, script: 30000}, unhandledPromptBehavior: dismiss and notify, webauthn:extension:credBlob: true, webauthn:extension:largeBlob: true, webauthn:extension:minPinLength: true, webauthn:extension:prf: true, webauthn:virtualAuthenticators: true}
Session ID: 3e9a7db3bd5c045e5e64fb25053a293e
*** Element info: {Using=xpath, value=//span[.=&#039;ABC Demo&#039;]}" type="org.openqa.selenium.NoSuchElementException">
      <![CDATA[org.openqa.selenium.NoSuchElementException: no such element: Unable to locate element: {"method":"xpath","selector":"//span[.='ABC Demo']"}
  (Session info: chrome=122.0.6261.112)
For documentation on this error, please visit: http://seleniumhq.org/exceptions/no_such_element.html
Build info: version: '3.141.0', revision: '2ecb7d9a', time: '2018-10-31T20:09:30'
System info: host: 'TRPL-PUN-0125', ip: '192.168.10.37', os.name: 'Windows 10', os.arch: 'amd64', os.version: '10.0', java.version: '17.0.9'
Driver info: org.openqa.selenium.chrome.ChromeDriver
Capabilities {acceptInsecureCerts: false, browserName: chrome, browserVersion: 122.0.6261.112, chrome: {chromedriverVersion: 121.0.6167.85 (3f98d690ad7e..., userDataDir: C:\Users\shitalb\AppData\Lo...}, fedcm:accounts: true, goog:chromeOptions: {debuggerAddress: localhost:57988}, javascriptEnabled: true, networkConnectionEnabled: false, pageLoadStrategy: normal, platform: WINDOWS, platformName: WINDOWS, proxy: Proxy(), setWindowRect: true, strictFileInteractability: false, timeouts: {implicit: 0, pageLoad: 300000, script: 30000}, unhandledPromptBehavior: dismiss and notify, webauthn:extension:credBlob: true, webauthn:extension:largeBlob: true, webauthn:extension:minPinLength: true, webauthn:extension:prf: true, webauthn:virtualAuthenticators: true}
Session ID: 3e9a7db3bd5c045e5e64fb25053a293e
*** Element info: {Using=xpath, value=//span[.='ABC Demo']}
at java.base/jdk.internal.reflect.NativeConstructorAccessorImpl.newInstance0(Native Method)
at java.base/jdk.internal.reflect.NativeConstructorAccessorImpl.newInstance(NativeConstructorAccessorImpl.java:77)
at java.base/jdk.internal.reflect.DelegatingConstructorAccessorImpl.newInstance(DelegatingConstructorAccessorImpl.java:45)
at java.base/java.lang.reflect.Constructor.newInstanceWithCaller(Constructor.java:499)
at java.base/java.lang.reflect.Constructor.newInstance(Constructor.java:480)
at org.openqa.selenium.remote.http.W3CHttpResponseCodec.createException(W3CHttpResponseCodec.java:187)
at org.openqa.selenium.remote.http.W3CHttpResponseCodec.decode(W3CHttpResponseCodec.java:122)
at org.openqa.selenium.remote.http.W3CHttpResponseCodec.decode(W3CHttpResponseCodec.java:49)
at org.openqa.selenium.remote.HttpCommandExecutor.execute(HttpCommandExecutor.java:158)
at org.openqa.selenium.remote.service.DriverCommandExecutor.execute(DriverCommandExecutor.java:83)
at org.openqa.selenium.remote.RemoteWebDriver.execute(RemoteWebDriver.java:552)
at org.openqa.selenium.remote.RemoteWebDriver.findElement(RemoteWebDriver.java:323)
at org.openqa.selenium.remote.RemoteWebDriver.findElementByXPath(RemoteWebDriver.java:428)
at org.openqa.selenium.By$ByXPath.findElement(By.java:353)
at org.openqa.selenium.remote.RemoteWebDriver.findElement(RemoteWebDriver.java:315)
at companyProjectDirector.Locator4.DocumentSelectProjectDropDown(Locator4.java:1606)
at companyProjectDirector.CriticalMethod4.DocumentClearButton(CriticalMethod4.java:2749)
at comapnyAdminTest.ProjectDirectorTestCases.DocumentClearButton1(ProjectDirectorTestCases.java:944)
at java.base/jdk.internal.reflect.NativeMethodAccessorImpl.invoke0(Native Method)
at java.base/jdk.internal.reflect.NativeMethodAccessorImpl.invoke(NativeMethodAccessorImpl.java:77)
at java.base/jdk.internal.reflect.DelegatingMethodAccessorImpl.invoke(DelegatingMethodAccessorImpl.java:43)
at java.base/java.lang.reflect.Method.invoke(Method.java:568)
at org.testng.internal.invokers.MethodInvocationHelper.invokeMethod(MethodInvocationHelper.java:139)
at org.testng.internal.invokers.TestInvoker.invokeMethod(TestInvoker.java:677)
at org.testng.internal.invokers.TestInvoker.invokeTestMethod(TestInvoker.java:221)
at org.testng.internal.invokers.MethodRunner.runInSequence(MethodRunner.java:50)
at org.testng.internal.invokers.TestInvoker$MethodInvocationAgent.invoke(TestInvoker.java:962)
at org.testng.internal.invokers.TestInvoker.invokeTestMethods(TestInvoker.java:194)
at org.testng.internal.invokers.TestMethodWorker.invokeTestMethods(TestMethodWorker.java:148)
at org.testng.internal.invokers.TestMethodWorker.run(TestMethodWorker.java:128)
at java.base/java.util.ArrayList.forEach(ArrayList.java:1511)
at org.testng.TestRunner.privateRun(TestRunner.java:806)
at org.testng.TestRunner.run(TestRunner.java:601)
at org.testng.SuiteRunner.runTest(SuiteRunner.java:433)
at org.testng.SuiteRunner.runSequentially(SuiteRunner.java:427)
at org.testng.SuiteRunner.privateRun(SuiteRunner.java:387)
at org.testng.SuiteRunner.run(SuiteRunner.java:330)
at org.testng.SuiteRunnerWorker.runSuite(SuiteRunnerWorker.java:52)
at org.testng.SuiteRunnerWorker.run(SuiteRunnerWorker.java:95)
at org.testng.TestNG.runSuitesSequentially(TestNG.java:1256)
at org.testng.TestNG.runSuitesLocally(TestNG.java:1176)
at org.testng.TestNG.runSuites(TestNG.java:1099)
at org.testng.TestNG.run(TestNG.java:1067)
at org.testng.remote.AbstractRemoteTestNG.run(AbstractRemoteTestNG.java:115)
at org.testng.remote.RemoteTestNG.initAndRun(RemoteTestNG.java:251)
at org.testng.remote.RemoteTestNG.main(RemoteTestNG.java:77)
]]>
    </error>
  </testcase> <!-- DocumentClearButton1 -->
  <system-out/>
  <testcase classname="comapnyAdminTest.ProjectDirectorTestCases" name="DocumentTabMultipleFilter1" time="94.152"/>
  <system-out/>
  <testcase classname="comapnyAdminTest.ProjectDirectorTestCases" name="ExtendReport1" time="71.334"/>
  <system-out/>
  <testcase classname="comapnyAdminTest.ProjectDirectorTestCases" name="AuditMonthComplianceReport1" time="115.560"/>
  <system-out/>
  <testcase classname="comapnyAdminTest.ProjectDirectorTestCases" name="ReportClearButton1" time="70.925"/>
  <system-out/>
  <testcase classname="comapnyAdminTest.ProjectDirectorTestCases" name="MoreReportDownload1" time="84.472">
    <error message="unexpected alert open: {Alert text : No Record Found}
  (Session info: chrome=122.0.6261.112): No Record Found
Build info: version: &#039;3.141.0&#039;, revision: &#039;2ecb7d9a&#039;, time: &#039;2018-10-31T20:09:30&#039;
System info: host: &#039;TRPL-PUN-0125&#039;, ip: &#039;192.168.10.37&#039;, os.name: &#039;Windows 10&#039;, os.arch: &#039;amd64&#039;, os.version: &#039;10.0&#039;, java.version: &#039;17.0.9&#039;
Driver info: org.openqa.selenium.chrome.ChromeDriver
Capabilities {acceptInsecureCerts: false, browserName: chrome, browserVersion: 122.0.6261.112, chrome: {chromedriverVersion: 121.0.6167.85 (3f98d690ad7e..., userDataDir: C:\Users\shitalb\AppData\Lo...}, fedcm:accounts: true, goog:chromeOptions: {debuggerAddress: localhost:58181}, javascriptEnabled: true, networkConnectionEnabled: false, pageLoadStrategy: normal, platform: WINDOWS, platformName: WINDOWS, proxy: Proxy(), setWindowRect: true, strictFileInteractability: false, timeouts: {implicit: 0, pageLoad: 300000, script: 30000}, unhandledPromptBehavior: dismiss and notify, webauthn:extension:credBlob: true, webauthn:extension:largeBlob: true, webauthn:extension:minPinLength: true, webauthn:extension:prf: true, webauthn:virtualAuthenticators: true}
Session ID: 81cd14b50f9c3628e020859579313ed1
*** Element info: {Using=id, value=btnReportGenericAll}" type="org.openqa.selenium.UnhandledAlertException">
      <![CDATA[org.openqa.selenium.UnhandledAlertException: unexpected alert open: {Alert text : No Record Found}
  (Session info: chrome=122.0.6261.112): No Record Found
Build info: version: '3.141.0', revision: '2ecb7d9a', time: '2018-10-31T20:09:30'
System info: host: 'TRPL-PUN-0125', ip: '192.168.10.37', os.name: 'Windows 10', os.arch: 'amd64', os.version: '10.0', java.version: '17.0.9'
Driver info: org.openqa.selenium.chrome.ChromeDriver
Capabilities {acceptInsecureCerts: false, browserName: chrome, browserVersion: 122.0.6261.112, chrome: {chromedriverVersion: 121.0.6167.85 (3f98d690ad7e..., userDataDir: C:\Users\shitalb\AppData\Lo...}, fedcm:accounts: true, goog:chromeOptions: {debuggerAddress: localhost:58181}, javascriptEnabled: true, networkConnectionEnabled: false, pageLoadStrategy: normal, platform: WINDOWS, platformName: WINDOWS, proxy: Proxy(), setWindowRect: true, strictFileInteractability: false, timeouts: {implicit: 0, pageLoad: 300000, script: 30000}, unhandledPromptBehavior: dismiss and notify, webauthn:extension:credBlob: true, webauthn:extension:largeBlob: true, webauthn:extension:minPinLength: true, webauthn:extension:prf: true, webauthn:virtualAuthenticators: true}
Session ID: 81cd14b50f9c3628e020859579313ed1
*** Element info: {Using=id, value=btnReportGenericAll}
at org.openqa.selenium.remote.http.W3CHttpResponseCodec.decode(W3CHttpResponseCodec.java:120)
at org.openqa.selenium.remote.http.W3CHttpResponseCodec.decode(W3CHttpResponseCodec.java:49)
at org.openqa.selenium.remote.HttpCommandExecutor.execute(HttpCommandExecutor.java:158)
at org.openqa.selenium.remote.service.DriverCommandExecutor.execute(DriverCommandExecutor.java:83)
at org.openqa.selenium.remote.RemoteWebDriver.execute(RemoteWebDriver.java:552)
at org.openqa.selenium.remote.RemoteWebDriver.findElement(RemoteWebDriver.java:323)
at org.openqa.selenium.remote.RemoteWebDriver.findElementById(RemoteWebDriver.java:372)
at org.openqa.selenium.By$ById.findElement(By.java:188)
at org.openqa.selenium.remote.RemoteWebDriver.findElement(RemoteWebDriver.java:315)
at companyProjectDirector.Locator4.AuditReport(Locator4.java:1733)
at companyProjectDirector.CriticalMethod4.MoreReportDownload(CriticalMethod4.java:3009)
at comapnyAdminTest.ProjectDirectorTestCases.MoreReportDownload1(ProjectDirectorTestCases.java:1013)
at java.base/jdk.internal.reflect.NativeMethodAccessorImpl.invoke0(Native Method)
at java.base/jdk.internal.reflect.NativeMethodAccessorImpl.invoke(NativeMethodAccessorImpl.java:77)
at java.base/jdk.internal.reflect.DelegatingMethodAccessorImpl.invoke(DelegatingMethodAccessorImpl.java:43)
at java.base/java.lang.reflect.Method.invoke(Method.java:568)
at org.testng.internal.invokers.MethodInvocationHelper.invokeMethod(MethodInvocationHelper.java:139)
at org.testng.internal.invokers.TestInvoker.invokeMethod(TestInvoker.java:677)
at org.testng.internal.invokers.TestInvoker.invokeTestMethod(TestInvoker.java:221)
at org.testng.internal.invokers.MethodRunner.runInSequence(MethodRunner.java:50)
at org.testng.internal.invokers.TestInvoker$MethodInvocationAgent.invoke(TestInvoker.java:962)
at org.testng.internal.invokers.TestInvoker.invokeTestMethods(TestInvoker.java:194)
at org.testng.internal.invokers.TestMethodWorker.invokeTestMethods(TestMethodWorker.java:148)
at org.testng.internal.invokers.TestMethodWorker.run(TestMethodWorker.java:128)
at java.base/java.util.ArrayList.forEach(ArrayList.java:1511)
at org.testng.TestRunner.privateRun(TestRunner.java:806)
at org.testng.TestRunner.run(TestRunner.java:601)
at org.testng.SuiteRunner.runTest(SuiteRunner.java:433)
at org.testng.SuiteRunner.runSequentially(SuiteRunner.java:427)
at org.testng.SuiteRunner.privateRun(SuiteRunner.java:387)
at org.testng.SuiteRunner.run(SuiteRunner.java:330)
at org.testng.SuiteRunnerWorker.runSuite(SuiteRunnerWorker.java:52)
at org.testng.SuiteRunnerWorker.run(SuiteRunnerWorker.java:95)
at org.testng.TestNG.runSuitesSequentially(TestNG.java:1256)
at org.testng.TestNG.runSuitesLocally(TestNG.java:1176)
at org.testng.TestNG.runSuites(TestNG.java:1099)
at org.testng.TestNG.run(TestNG.java:1067)
at org.testng.remote.AbstractRemoteTestNG.run(AbstractRemoteTestNG.java:115)
at org.testng.remote.RemoteTestNG.initAndRun(RemoteTestNG.java:251)
at org.testng.remote.RemoteTestNG.main(RemoteTestNG.java:77)
]]>
    </error>
  </testcase> <!-- MoreReportDownload1 -->
  <system-out/>
  <testcase classname="comapnyAdminTest.ProjectDirectorTestCases" name="ViewButtonReport1" time="77.121"/>
  <system-out/>
  <testcase classname="comapnyAdminTest.ProjectDirectorTestCases" name="DownloadAndViewButton1" time="91.461"/>
  <system-out/>
  <testcase classname="comapnyAdminTest.ProjectDirectorTestCases" name="WorkspaceTaskFilter1" time="115.072"/>
  <system-out/>
</testsuite> <!-- comapnyAdminTest.ProjectDirectorTestCases -->
